00:07:20.882 922  [main] INFO  org.eclipse.jetty.server.Server - jetty-8.1.16.v20140903
00:07:20.976 1016 [main] INFO  o.e.j.d.p.ScanningAppProvider - Deployment monitor /Users/Jackson/git/CSE2102-Fall2015-Claxton-Jackson/rapla-source-1.8.2/contexts at interval 1
00:07:20.982 1022 [main] INFO  o.e.jetty.deploy.DeploymentManager - Deployable added: /Users/Jackson/git/CSE2102-Fall2015-Claxton-Jackson/rapla-source-1.8.2/contexts/rapla-develop.xml
00:07:22.210 2250 [main] INFO  rapla - Init RaplaServlet
00:07:22.212 2252 [main] INFO  rapla - Passed JNDI Environment rapladatasource=raplafile env_rapladb=org.hsqldb.jdbc.JDBCDataSource@36b4091c env_raplafile=/Users/Jackson/git/CSE2102-Fall2015-Claxton-Jackson/rapla-source-1.8.2/data/data.xml
00:07:22.318 2358 [main] INFO  rapla - Logging via SLF4J API.
00:07:22.944 2984 [main] INFO  rapla - Configured Locale= en_US
00:07:23.826 3866 [main] INFO  rapla - Config=file:/Users/Jackson/git/CSE2102-Fall2015-Claxton-Jackson/rapla-source-1.8.2/war/WEB-INF/raplaserver.xconf
00:07:23.826 3866 [main] INFO  rapla - Rapla.Version=@doc.version@
00:07:23.826 3866 [main] INFO  rapla - Rapla.Build=@doc.buildtime@
00:07:23.827 3867 [main] INFO  rapla - Timezone America/New_York
00:07:23.945 3985 [main] INFO  rapla - Java.Version=1.8.0_20
00:07:24.238 4278 [main] INFO  rapla.server.serverfacade - Using rapladatasource raplafile
00:07:24.687 4727 [main] INFO  rapla.raplafile - Connecting: file:/Users/Jackson/git/CSE2102-Fall2015-Claxton-Jackson/rapla-source-1.8.2/data/data.xml
00:07:25.639 5679 [main] INFO  rapla.raplafile - Conflict initialization found 0 conflicts and took 59ms. 
00:07:25.645 5685 [main] INFO  rapla.server.plugin - Installed plugin org.rapla.plugin.weekview.server.WeekViewServerPlugin
00:07:25.646 5686 [main] INFO  rapla.server.plugin - Installed plugin org.rapla.plugin.urlencryption.server.UrlEncryptionServerPlugin
00:07:25.647 5687 [main] INFO  rapla.server.plugin - Installed plugin org.rapla.plugin.timeslot.server.TimeslotServerPlugin
00:07:25.648 5688 [main] INFO  rapla.server.plugin - Installed plugin org.rapla.plugin.tableview.internal.server.TableViewServerPlugin
00:07:25.648 5688 [main] INFO  rapla.server.plugin - Installed plugin org.rapla.plugin.notification.server.NotificationServerPlugin
00:07:25.649 5689 [main] INFO  rapla.server.plugin - Installed plugin org.rapla.plugin.monthview.server.MonthViewServerPlugin
00:07:25.649 5689 [main] INFO  rapla.server.plugin - Installed plugin org.rapla.plugin.mail.server.MailServerPlugin
00:07:25.649 5689 [main] INFO  rapla.server.plugin - Installed plugin org.rapla.plugin.jndi.server.JNDIServerPlugin
00:07:25.650 5690 [main] INFO  rapla.server.plugin - Installed plugin org.rapla.plugin.ical.server.ImportFromICalServerPlugin
00:07:25.650 5690 [main] INFO  rapla.server.plugin - Installed plugin org.rapla.plugin.export2ical.server.Export2iCalServerPlugin
00:07:25.651 5691 [main] INFO  rapla.server.plugin - Installed plugin org.rapla.plugin.eventtimecalculator.server.EventTimeCalculatorServerPlugin
00:07:25.651 5691 [main] INFO  rapla.server.plugin - Installed plugin org.rapla.plugin.dayresource.server.DayResourceViewServerPlugin
00:07:25.652 5692 [main] INFO  rapla.server.plugin - Installed plugin org.rapla.plugin.compactweekview.server.CompactWeekViewServerPlugin
00:07:25.652 5692 [main] INFO  rapla.server.plugin - Installed plugin org.rapla.plugin.autoexport.server.AutoExportServerPlugin
00:07:25.653 5693 [main] INFO  rapla.server.plugin - Installed plugin org.rapla.plugin.archiver.server.ArchiverServerPlugin
00:07:26.354 6394 [main] INFO  rapla - Rapla server started
00:07:36.576 406  [main] INFO  org.eclipse.jetty.server.Server - jetty-8.1.16.v20140903
00:07:36.622 452  [main] INFO  o.e.j.d.p.ScanningAppProvider - Deployment monitor /Users/Jackson/git/CSE2102-Fall2015-Claxton-Jackson/rapla-source-1.8.2/contexts at interval 1
00:07:36.627 457  [main] INFO  o.e.jetty.deploy.DeploymentManager - Deployable added: /Users/Jackson/git/CSE2102-Fall2015-Claxton-Jackson/rapla-source-1.8.2/contexts/rapla-develop.xml
00:07:36.902 732  [main] INFO  rapla - Init RaplaServlet
00:07:36.904 734  [main] INFO  rapla - Passed JNDI Environment rapladatasource=raplafile env_rapladb=org.hsqldb.jdbc.JDBCDataSource@74bada02 env_raplafile=/Users/Jackson/git/CSE2102-Fall2015-Claxton-Jackson/rapla-source-1.8.2/data/data.xml
00:07:36.911 741  [main] INFO  rapla - Logging via SLF4J API.
00:07:36.949 779  [main] INFO  rapla - Configured Locale= en_US
00:07:37.088 918  [main] INFO  rapla - Config=file:/Users/Jackson/git/CSE2102-Fall2015-Claxton-Jackson/rapla-source-1.8.2/war/WEB-INF/raplaserver.xconf
00:07:37.089 919  [main] INFO  rapla - Rapla.Version=@doc.version@
00:07:37.089 919  [main] INFO  rapla - Rapla.Build=@doc.buildtime@
00:07:37.089 919  [main] INFO  rapla - Timezone America/New_York
00:07:37.097 927  [main] INFO  rapla - Java.Version=1.8.0_20
00:07:37.139 969  [main] INFO  rapla.server.serverfacade - Using rapladatasource raplafile
00:07:37.165 995  [main] INFO  rapla.raplafile - Connecting: file:/Users/Jackson/git/CSE2102-Fall2015-Claxton-Jackson/rapla-source-1.8.2/data/data.xml
00:07:37.248 1078 [main] INFO  rapla.raplafile - Conflict initialization found 0 conflicts and took 4ms. 
00:07:37.251 1081 [main] INFO  rapla.server.plugin - Installed plugin org.rapla.plugin.weekview.server.WeekViewServerPlugin
00:07:37.252 1082 [main] INFO  rapla.server.plugin - Installed plugin org.rapla.plugin.urlencryption.server.UrlEncryptionServerPlugin
00:07:37.253 1083 [main] INFO  rapla.server.plugin - Installed plugin org.rapla.plugin.timeslot.server.TimeslotServerPlugin
00:07:37.254 1084 [main] INFO  rapla.server.plugin - Installed plugin org.rapla.plugin.tableview.internal.server.TableViewServerPlugin
00:07:37.255 1085 [main] INFO  rapla.server.plugin - Installed plugin org.rapla.plugin.notification.server.NotificationServerPlugin
00:07:37.255 1085 [main] INFO  rapla.server.plugin - Installed plugin org.rapla.plugin.monthview.server.MonthViewServerPlugin
00:07:37.256 1086 [main] INFO  rapla.server.plugin - Installed plugin org.rapla.plugin.mail.server.MailServerPlugin
00:07:37.256 1086 [main] INFO  rapla.server.plugin - Installed plugin org.rapla.plugin.jndi.server.JNDIServerPlugin
00:07:37.257 1087 [main] INFO  rapla.server.plugin - Installed plugin org.rapla.plugin.ical.server.ImportFromICalServerPlugin
00:07:37.257 1087 [main] INFO  rapla.server.plugin - Installed plugin org.rapla.plugin.export2ical.server.Export2iCalServerPlugin
00:07:37.258 1088 [main] INFO  rapla.server.plugin - Installed plugin org.rapla.plugin.eventtimecalculator.server.EventTimeCalculatorServerPlugin
00:07:37.258 1088 [main] INFO  rapla.server.plugin - Installed plugin org.rapla.plugin.dayresource.server.DayResourceViewServerPlugin
00:07:37.259 1089 [main] INFO  rapla.server.plugin - Installed plugin org.rapla.plugin.compactweekview.server.CompactWeekViewServerPlugin
00:07:37.259 1089 [main] INFO  rapla.server.plugin - Installed plugin org.rapla.plugin.autoexport.server.AutoExportServerPlugin
00:07:37.259 1089 [main] INFO  rapla.server.plugin - Installed plugin org.rapla.plugin.archiver.server.ArchiverServerPlugin
00:07:37.566 1396 [main] INFO  rapla - Rapla server started
00:07:50.225 415  [main] INFO  org.eclipse.jetty.server.Server - jetty-8.1.16.v20140903
00:07:50.272 462  [main] INFO  o.e.j.d.p.ScanningAppProvider - Deployment monitor /Users/Jackson/git/CSE2102-Fall2015-Claxton-Jackson/rapla-source-1.8.2/contexts at interval 1
00:07:50.278 468  [main] INFO  o.e.jetty.deploy.DeploymentManager - Deployable added: /Users/Jackson/git/CSE2102-Fall2015-Claxton-Jackson/rapla-source-1.8.2/contexts/rapla-develop.xml
00:07:50.559 749  [main] INFO  rapla - Init RaplaServlet
00:07:50.561 751  [main] INFO  rapla - Passed JNDI Environment rapladatasource=raplafile env_rapladb=org.hsqldb.jdbc.JDBCDataSource@74bada02 env_raplafile=/Users/Jackson/git/CSE2102-Fall2015-Claxton-Jackson/rapla-source-1.8.2/data/data.xml
00:07:50.568 758  [main] INFO  rapla - Logging via SLF4J API.
00:07:50.605 795  [main] INFO  rapla - Configured Locale= en_US
00:07:50.745 935  [main] INFO  rapla - Config=file:/Users/Jackson/git/CSE2102-Fall2015-Claxton-Jackson/rapla-source-1.8.2/war/WEB-INF/raplaserver.xconf
00:07:50.745 935  [main] INFO  rapla - Rapla.Version=@doc.version@
00:07:50.745 935  [main] INFO  rapla - Rapla.Build=@doc.buildtime@
00:07:50.745 935  [main] INFO  rapla - Timezone America/New_York
00:07:50.753 943  [main] INFO  rapla - Java.Version=1.8.0_20
00:07:50.797 987  [main] INFO  rapla.server.serverfacade - Using rapladatasource raplafile
00:07:50.823 1013 [main] INFO  rapla.raplafile - Connecting: file:/Users/Jackson/git/CSE2102-Fall2015-Claxton-Jackson/rapla-source-1.8.2/data/data.xml
00:07:50.907 1097 [main] INFO  rapla.raplafile - Conflict initialization found 0 conflicts and took 4ms. 
00:07:50.911 1101 [main] INFO  rapla.server.plugin - Installed plugin org.rapla.plugin.weekview.server.WeekViewServerPlugin
00:07:50.912 1102 [main] INFO  rapla.server.plugin - Installed plugin org.rapla.plugin.urlencryption.server.UrlEncryptionServerPlugin
00:07:50.913 1103 [main] INFO  rapla.server.plugin - Installed plugin org.rapla.plugin.timeslot.server.TimeslotServerPlugin
00:07:50.913 1103 [main] INFO  rapla.server.plugin - Installed plugin org.rapla.plugin.tableview.internal.server.TableViewServerPlugin
00:07:50.914 1104 [main] INFO  rapla.server.plugin - Installed plugin org.rapla.plugin.notification.server.NotificationServerPlugin
00:07:50.915 1105 [main] INFO  rapla.server.plugin - Installed plugin org.rapla.plugin.monthview.server.MonthViewServerPlugin
00:07:50.915 1105 [main] INFO  rapla.server.plugin - Installed plugin org.rapla.plugin.mail.server.MailServerPlugin
00:07:50.915 1105 [main] INFO  rapla.server.plugin - Installed plugin org.rapla.plugin.jndi.server.JNDIServerPlugin
00:07:50.916 1106 [main] INFO  rapla.server.plugin - Installed plugin org.rapla.plugin.ical.server.ImportFromICalServerPlugin
00:07:50.916 1106 [main] INFO  rapla.server.plugin - Installed plugin org.rapla.plugin.export2ical.server.Export2iCalServerPlugin
00:07:50.917 1107 [main] INFO  rapla.server.plugin - Installed plugin org.rapla.plugin.eventtimecalculator.server.EventTimeCalculatorServerPlugin
00:07:50.917 1107 [main] INFO  rapla.server.plugin - Installed plugin org.rapla.plugin.dayresource.server.DayResourceViewServerPlugin
00:07:50.918 1108 [main] INFO  rapla.server.plugin - Installed plugin org.rapla.plugin.compactweekview.server.CompactWeekViewServerPlugin
00:07:50.918 1108 [main] INFO  rapla.server.plugin - Installed plugin org.rapla.plugin.autoexport.server.AutoExportServerPlugin
00:07:50.918 1108 [main] INFO  rapla.server.plugin - Installed plugin org.rapla.plugin.archiver.server.ArchiverServerPlugin
00:07:51.224 1414 [main] INFO  rapla - Rapla server started
00:07:51.327 1517 [main] INFO  rapla.client - Starting gui 
00:07:51.902 2092 [main] INFO  rapla.client.facade - Using rapladatasource remotestore
00:07:52.026 2216 [main] INFO  rapla.remotestore - Connecting to server and starting login..
00:07:52.029 2219 [main] INFO  rapla.remotestore - login successfull
00:07:52.074 2264 [main] INFO  rapla.client.facade - Login admin
00:08:00.247 423  [main] INFO  org.eclipse.jetty.server.Server - jetty-8.1.16.v20140903
00:08:00.294 470  [main] INFO  o.e.j.d.p.ScanningAppProvider - Deployment monitor /Users/Jackson/git/CSE2102-Fall2015-Claxton-Jackson/rapla-source-1.8.2/contexts at interval 1
00:08:00.298 474  [main] INFO  o.e.jetty.deploy.DeploymentManager - Deployable added: /Users/Jackson/git/CSE2102-Fall2015-Claxton-Jackson/rapla-source-1.8.2/contexts/rapla-develop.xml
00:08:00.579 755  [main] INFO  rapla - Init RaplaServlet
00:08:00.581 757  [main] INFO  rapla - Passed JNDI Environment rapladatasource=raplafile env_rapladb=org.hsqldb.jdbc.JDBCDataSource@74bada02 env_raplafile=/Users/Jackson/git/CSE2102-Fall2015-Claxton-Jackson/rapla-source-1.8.2/data/data.xml
00:08:00.589 765  [main] INFO  rapla - Logging via SLF4J API.
00:08:00.637 813  [main] INFO  rapla - Configured Locale= en_US
00:08:00.791 967  [main] INFO  rapla - Config=file:/Users/Jackson/git/CSE2102-Fall2015-Claxton-Jackson/rapla-source-1.8.2/war/WEB-INF/raplaserver.xconf
00:08:00.792 968  [main] INFO  rapla - Rapla.Version=@doc.version@
00:08:00.792 968  [main] INFO  rapla - Rapla.Build=@doc.buildtime@
00:08:00.792 968  [main] INFO  rapla - Timezone America/New_York
00:08:00.801 977  [main] INFO  rapla - Java.Version=1.8.0_20
00:08:00.847 1023 [main] INFO  rapla.server.serverfacade - Using rapladatasource raplafile
00:08:00.880 1056 [main] INFO  rapla.raplafile - Connecting: file:/Users/Jackson/git/CSE2102-Fall2015-Claxton-Jackson/rapla-source-1.8.2/data/data.xml
00:08:00.974 1150 [main] INFO  rapla.raplafile - Conflict initialization found 0 conflicts and took 5ms. 
00:08:00.979 1155 [main] INFO  rapla.server.plugin - Installed plugin org.rapla.plugin.weekview.server.WeekViewServerPlugin
00:08:00.980 1156 [main] INFO  rapla.server.plugin - Installed plugin org.rapla.plugin.urlencryption.server.UrlEncryptionServerPlugin
00:08:00.980 1156 [main] INFO  rapla.server.plugin - Installed plugin org.rapla.plugin.timeslot.server.TimeslotServerPlugin
00:08:00.981 1157 [main] INFO  rapla.server.plugin - Installed plugin org.rapla.plugin.tableview.internal.server.TableViewServerPlugin
00:08:00.982 1158 [main] INFO  rapla.server.plugin - Installed plugin org.rapla.plugin.notification.server.NotificationServerPlugin
00:08:00.982 1158 [main] INFO  rapla.server.plugin - Installed plugin org.rapla.plugin.monthview.server.MonthViewServerPlugin
00:08:00.983 1159 [main] INFO  rapla.server.plugin - Installed plugin org.rapla.plugin.mail.server.MailServerPlugin
00:08:00.984 1160 [main] INFO  rapla.server.plugin - Installed plugin org.rapla.plugin.jndi.server.JNDIServerPlugin
00:08:00.984 1160 [main] INFO  rapla.server.plugin - Installed plugin org.rapla.plugin.ical.server.ImportFromICalServerPlugin
00:08:00.984 1160 [main] INFO  rapla.server.plugin - Installed plugin org.rapla.plugin.export2ical.server.Export2iCalServerPlugin
00:08:00.985 1161 [main] INFO  rapla.server.plugin - Installed plugin org.rapla.plugin.eventtimecalculator.server.EventTimeCalculatorServerPlugin
00:08:00.985 1161 [main] INFO  rapla.server.plugin - Installed plugin org.rapla.plugin.dayresource.server.DayResourceViewServerPlugin
00:08:00.986 1162 [main] INFO  rapla.server.plugin - Installed plugin org.rapla.plugin.compactweekview.server.CompactWeekViewServerPlugin
00:08:00.986 1162 [main] INFO  rapla.server.plugin - Installed plugin org.rapla.plugin.autoexport.server.AutoExportServerPlugin
00:08:00.987 1163 [main] INFO  rapla.server.plugin - Installed plugin org.rapla.plugin.archiver.server.ArchiverServerPlugin
00:08:01.309 1485 [main] INFO  rapla - Rapla server started
00:08:01.323 1499 [main] INFO  rapla.client - Starting gui 
00:08:01.371 1547 [main] INFO  rapla.client.facade - Using rapladatasource remotestore
00:08:01.388 1564 [main] INFO  rapla.remotestore - Connecting to server and starting login..
00:08:01.390 1566 [main] INFO  rapla.remotestore - login successfull
00:08:01.395 1571 [main] INFO  rapla.client.facade - Login admin
00:08:01.483 1659 [main] INFO  rapla.client.plugin - Installed plugin org.rapla.plugin.weekview.WeekViewPlugin
00:08:01.483 1659 [main] INFO  rapla.client.plugin - Installed plugin org.rapla.plugin.urlencryption.UrlEncryptionPlugin
00:08:01.483 1659 [main] INFO  rapla.client.plugin - Installed plugin org.rapla.plugin.timeslot.TimeslotPlugin
00:08:01.484 1660 [main] INFO  rapla.client.plugin - Installed plugin org.rapla.plugin.tempatewizard.TempateWizardPlugin
00:08:01.484 1660 [main] INFO  rapla.client.plugin - Installed plugin org.rapla.plugin.tableview.internal.TableViewPlugin
00:08:01.484 1660 [main] INFO  rapla.client.plugin - Installed plugin org.rapla.plugin.setowner.SetOwnerPlugin
00:08:01.484 1660 [main] INFO  rapla.client.plugin - Installed plugin org.rapla.plugin.rightsreport.RightsReportPlugin
00:08:01.485 1661 [main] INFO  rapla.client.plugin - Installed plugin org.rapla.plugin.periodcopy.PeriodCopyPlugin
00:08:01.485 1661 [main] INFO  rapla.client.plugin - Installed plugin org.rapla.plugin.notification.NotificationPlugin
00:08:01.485 1661 [main] INFO  rapla.client.plugin - Installed plugin org.rapla.plugin.monthview.MonthViewPlugin
00:08:01.485 1661 [main] INFO  rapla.client.plugin - Installed plugin org.rapla.plugin.mail.MailPlugin
00:08:01.486 1662 [main] INFO  rapla.client.plugin - Installed plugin org.rapla.plugin.jndi.JNDIPlugin
00:08:01.486 1662 [main] INFO  rapla.client.plugin - Installed plugin org.rapla.plugin.ical.ImportFromICalPlugin
00:08:01.486 1662 [main] INFO  rapla.client.plugin - Installed plugin org.rapla.plugin.export2ical.Export2iCalPlugin
00:08:01.486 1662 [main] INFO  rapla.client.plugin - Installed plugin org.rapla.plugin.eventtimecalculator.EventTimeCalculatorPlugin
00:08:01.487 1663 [main] INFO  rapla.client.plugin - Installed plugin org.rapla.plugin.defaultwizard.DefaultWizardPlugin
00:08:01.487 1663 [main] INFO  rapla.client.plugin - Installed plugin org.rapla.plugin.dayresource.DayResourceViewPlugin
00:08:01.487 1663 [main] INFO  rapla.client.plugin - Installed plugin org.rapla.plugin.compactweekview.CompactWeekViewPlugin
00:08:01.487 1663 [main] INFO  rapla.client.plugin - Installed plugin org.rapla.plugin.autoexport.AutoExportPlugin
00:08:01.487 1663 [main] INFO  rapla.client.plugin - Installed plugin org.rapla.plugin.archiver.ArchiverPlugin
00:08:01.488 1664 [main] INFO  rapla.client.plugin - Installed plugin org.rapla.plugin.appointmentcounter.AppointmentCounterPlugin
00:08:12.374 418  [main] INFO  org.eclipse.jetty.server.Server - jetty-8.1.16.v20140903
00:08:12.421 465  [main] INFO  o.e.j.d.p.ScanningAppProvider - Deployment monitor /Users/Jackson/git/CSE2102-Fall2015-Claxton-Jackson/rapla-source-1.8.2/contexts at interval 1
00:08:12.425 469  [main] INFO  o.e.jetty.deploy.DeploymentManager - Deployable added: /Users/Jackson/git/CSE2102-Fall2015-Claxton-Jackson/rapla-source-1.8.2/contexts/rapla-develop.xml
00:08:12.766 810  [main] INFO  rapla - Init RaplaServlet
00:08:12.769 813  [main] INFO  rapla - Passed JNDI Environment rapladatasource=raplafile env_rapladb=org.hsqldb.jdbc.JDBCDataSource@74bada02 env_raplafile=/Users/Jackson/git/CSE2102-Fall2015-Claxton-Jackson/rapla-source-1.8.2/data/data.xml
00:08:12.788 832  [main] INFO  rapla - Logging via SLF4J API.
00:08:12.888 932  [main] INFO  rapla - Configured Locale= en_US
00:08:13.103 1147 [main] INFO  rapla - Config=file:/Users/Jackson/git/CSE2102-Fall2015-Claxton-Jackson/rapla-source-1.8.2/war/WEB-INF/raplaserver.xconf
00:08:13.104 1148 [main] INFO  rapla - Rapla.Version=@doc.version@
00:08:13.104 1148 [main] INFO  rapla - Rapla.Build=@doc.buildtime@
00:08:13.104 1148 [main] INFO  rapla - Timezone America/New_York
00:08:13.123 1167 [main] INFO  rapla - Java.Version=1.8.0_20
00:08:13.184 1228 [main] INFO  rapla.server.serverfacade - Using rapladatasource raplafile
00:08:13.231 1275 [main] INFO  rapla.raplafile - Connecting: file:/Users/Jackson/git/CSE2102-Fall2015-Claxton-Jackson/rapla-source-1.8.2/data/data.xml
00:08:13.356 1400 [main] INFO  rapla.raplafile - Conflict initialization found 0 conflicts and took 6ms. 
00:08:13.360 1404 [main] INFO  rapla.server.plugin - Installed plugin org.rapla.plugin.weekview.server.WeekViewServerPlugin
00:08:13.361 1405 [main] INFO  rapla.server.plugin - Installed plugin org.rapla.plugin.urlencryption.server.UrlEncryptionServerPlugin
00:08:13.361 1405 [main] INFO  rapla.server.plugin - Installed plugin org.rapla.plugin.timeslot.server.TimeslotServerPlugin
00:08:13.362 1406 [main] INFO  rapla.server.plugin - Installed plugin org.rapla.plugin.tableview.internal.server.TableViewServerPlugin
00:08:13.363 1407 [main] INFO  rapla.server.plugin - Installed plugin org.rapla.plugin.notification.server.NotificationServerPlugin
00:08:13.363 1407 [main] INFO  rapla.server.plugin - Installed plugin org.rapla.plugin.monthview.server.MonthViewServerPlugin
00:08:13.364 1408 [main] INFO  rapla.server.plugin - Installed plugin org.rapla.plugin.mail.server.MailServerPlugin
00:08:13.364 1408 [main] INFO  rapla.server.plugin - Installed plugin org.rapla.plugin.jndi.server.JNDIServerPlugin
00:08:13.364 1408 [main] INFO  rapla.server.plugin - Installed plugin org.rapla.plugin.ical.server.ImportFromICalServerPlugin
00:08:13.365 1409 [main] INFO  rapla.server.plugin - Installed plugin org.rapla.plugin.export2ical.server.Export2iCalServerPlugin
00:08:13.365 1409 [main] INFO  rapla.server.plugin - Installed plugin org.rapla.plugin.eventtimecalculator.server.EventTimeCalculatorServerPlugin
00:08:13.366 1410 [main] INFO  rapla.server.plugin - Installed plugin org.rapla.plugin.dayresource.server.DayResourceViewServerPlugin
00:08:13.366 1410 [main] INFO  rapla.server.plugin - Installed plugin org.rapla.plugin.compactweekview.server.CompactWeekViewServerPlugin
00:08:13.366 1410 [main] INFO  rapla.server.plugin - Installed plugin org.rapla.plugin.autoexport.server.AutoExportServerPlugin
00:08:13.367 1411 [main] INFO  rapla.server.plugin - Installed plugin org.rapla.plugin.archiver.server.ArchiverServerPlugin
00:08:13.684 1728 [main] INFO  rapla - Rapla server started
00:08:13.700 1744 [main] INFO  rapla.client - Starting gui 
00:08:13.761 1805 [main] INFO  rapla.client.facade - Using rapladatasource remotestore
00:08:13.782 1826 [main] INFO  rapla.remotestore - Connecting to server and starting login..
00:08:13.785 1829 [main] INFO  rapla.remotestore - login successfull
00:08:13.792 1836 [main] INFO  rapla.client.facade - Login admin
00:08:13.801 1845 [main] INFO  rapla.client.plugin - Installed plugin org.rapla.plugin.weekview.WeekViewPlugin
00:08:13.801 1845 [main] INFO  rapla.client.plugin - Installed plugin org.rapla.plugin.urlencryption.UrlEncryptionPlugin
00:08:13.801 1845 [main] INFO  rapla.client.plugin - Installed plugin org.rapla.plugin.timeslot.TimeslotPlugin
00:08:13.802 1846 [main] INFO  rapla.client.plugin - Installed plugin org.rapla.plugin.tempatewizard.TempateWizardPlugin
00:08:13.802 1846 [main] INFO  rapla.client.plugin - Installed plugin org.rapla.plugin.tableview.internal.TableViewPlugin
00:08:13.802 1846 [main] INFO  rapla.client.plugin - Installed plugin org.rapla.plugin.setowner.SetOwnerPlugin
00:08:13.802 1846 [main] INFO  rapla.client.plugin - Installed plugin org.rapla.plugin.rightsreport.RightsReportPlugin
00:08:13.803 1847 [main] INFO  rapla.client.plugin - Installed plugin org.rapla.plugin.periodcopy.PeriodCopyPlugin
00:08:13.803 1847 [main] INFO  rapla.client.plugin - Installed plugin org.rapla.plugin.notification.NotificationPlugin
00:08:13.803 1847 [main] INFO  rapla.client.plugin - Installed plugin org.rapla.plugin.monthview.MonthViewPlugin
00:08:13.803 1847 [main] INFO  rapla.client.plugin - Installed plugin org.rapla.plugin.mail.MailPlugin
00:08:13.804 1848 [main] INFO  rapla.client.plugin - Installed plugin org.rapla.plugin.jndi.JNDIPlugin
00:08:13.804 1848 [main] INFO  rapla.client.plugin - Installed plugin org.rapla.plugin.ical.ImportFromICalPlugin
00:08:13.804 1848 [main] INFO  rapla.client.plugin - Installed plugin org.rapla.plugin.export2ical.Export2iCalPlugin
00:08:13.804 1848 [main] INFO  rapla.client.plugin - Installed plugin org.rapla.plugin.eventtimecalculator.EventTimeCalculatorPlugin
00:08:13.805 1849 [main] INFO  rapla.client.plugin - Installed plugin org.rapla.plugin.defaultwizard.DefaultWizardPlugin
00:08:13.805 1849 [main] INFO  rapla.client.plugin - Installed plugin org.rapla.plugin.dayresource.DayResourceViewPlugin
00:08:13.805 1849 [main] INFO  rapla.client.plugin - Installed plugin org.rapla.plugin.compactweekview.CompactWeekViewPlugin
00:08:13.805 1849 [main] INFO  rapla.client.plugin - Installed plugin org.rapla.plugin.autoexport.AutoExportPlugin
00:08:13.805 1849 [main] INFO  rapla.client.plugin - Installed plugin org.rapla.plugin.archiver.ArchiverPlugin
00:08:13.806 1850 [main] INFO  rapla.client.plugin - Installed plugin org.rapla.plugin.appointmentcounter.AppointmentCounterPlugin
00:08:30.632 402  [main] INFO  org.eclipse.jetty.server.Server - jetty-8.1.16.v20140903
00:08:30.681 451  [main] INFO  o.e.j.d.p.ScanningAppProvider - Deployment monitor /Users/Jackson/git/CSE2102-Fall2015-Claxton-Jackson/rapla-source-1.8.2/contexts at interval 1
00:08:30.685 455  [main] INFO  o.e.jetty.deploy.DeploymentManager - Deployable added: /Users/Jackson/git/CSE2102-Fall2015-Claxton-Jackson/rapla-source-1.8.2/contexts/rapla-develop.xml
00:08:30.972 742  [main] INFO  rapla - Init RaplaServlet
00:08:30.974 744  [main] INFO  rapla - Passed JNDI Environment rapladatasource=raplafile env_rapladb=org.hsqldb.jdbc.JDBCDataSource@525575 env_raplafile=/Users/Jackson/git/CSE2102-Fall2015-Claxton-Jackson/rapla-source-1.8.2/data/data.xml
00:08:30.987 757  [main] INFO  rapla - Logging via SLF4J API.
00:08:31.055 825  [main] INFO  rapla - Configured Locale= en_US
00:08:31.218 988  [main] INFO  rapla - Config=file:/Users/Jackson/git/CSE2102-Fall2015-Claxton-Jackson/rapla-source-1.8.2/war/WEB-INF/raplaserver.xconf
00:08:31.218 988  [main] INFO  rapla - Rapla.Version=@doc.version@
00:08:31.218 988  [main] INFO  rapla - Rapla.Build=@doc.buildtime@
00:08:31.218 988  [main] INFO  rapla - Timezone America/New_York
00:08:31.234 1004 [main] INFO  rapla - Java.Version=1.8.0_20
00:08:31.290 1060 [main] INFO  rapla.server.serverfacade - Using rapladatasource raplafile
00:08:31.340 1110 [main] INFO  rapla.raplafile - Connecting: file:/Users/Jackson/git/CSE2102-Fall2015-Claxton-Jackson/rapla-source-1.8.2/data/data.xml
00:08:31.464 1234 [main] INFO  rapla.raplafile - Conflict initialization found 0 conflicts and took 6ms. 
00:08:31.469 1239 [main] INFO  rapla.server.plugin - Installed plugin org.rapla.plugin.weekview.server.WeekViewServerPlugin
00:08:31.470 1240 [main] INFO  rapla.server.plugin - Installed plugin org.rapla.plugin.urlencryption.server.UrlEncryptionServerPlugin
00:08:31.470 1240 [main] INFO  rapla.server.plugin - Installed plugin org.rapla.plugin.timeslot.server.TimeslotServerPlugin
00:08:31.471 1241 [main] INFO  rapla.server.plugin - Installed plugin org.rapla.plugin.tableview.internal.server.TableViewServerPlugin
00:08:31.472 1242 [main] INFO  rapla.server.plugin - Installed plugin org.rapla.plugin.notification.server.NotificationServerPlugin
00:08:31.472 1242 [main] INFO  rapla.server.plugin - Installed plugin org.rapla.plugin.monthview.server.MonthViewServerPlugin
00:08:31.472 1242 [main] INFO  rapla.server.plugin - Installed plugin org.rapla.plugin.mail.server.MailServerPlugin
00:08:31.473 1243 [main] INFO  rapla.server.plugin - Installed plugin org.rapla.plugin.jndi.server.JNDIServerPlugin
00:08:31.473 1243 [main] INFO  rapla.server.plugin - Installed plugin org.rapla.plugin.ical.server.ImportFromICalServerPlugin
00:08:31.474 1244 [main] INFO  rapla.server.plugin - Installed plugin org.rapla.plugin.export2ical.server.Export2iCalServerPlugin
00:08:31.474 1244 [main] INFO  rapla.server.plugin - Installed plugin org.rapla.plugin.eventtimecalculator.server.EventTimeCalculatorServerPlugin
00:08:31.475 1245 [main] INFO  rapla.server.plugin - Installed plugin org.rapla.plugin.dayresource.server.DayResourceViewServerPlugin
00:08:31.475 1245 [main] INFO  rapla.server.plugin - Installed plugin org.rapla.plugin.compactweekview.server.CompactWeekViewServerPlugin
00:08:31.475 1245 [main] INFO  rapla.server.plugin - Installed plugin org.rapla.plugin.autoexport.server.AutoExportServerPlugin
00:08:31.476 1246 [main] INFO  rapla.server.plugin - Installed plugin org.rapla.plugin.archiver.server.ArchiverServerPlugin
00:08:31.796 1566 [main] INFO  rapla - Rapla server started
00:08:31.812 1582 [main] INFO  rapla.client - Starting gui 
00:08:31.873 1643 [main] INFO  rapla.client.facade - Using rapladatasource remotestore
00:08:31.893 1663 [main] INFO  rapla.remotestore - Connecting to server and starting login..
00:08:31.896 1666 [main] INFO  rapla.remotestore - login successfull
00:08:31.901 1671 [main] INFO  rapla.client.facade - Login admin
00:08:31.911 1681 [main] INFO  rapla.client.plugin - Installed plugin org.rapla.plugin.weekview.WeekViewPlugin
00:08:31.911 1681 [main] INFO  rapla.client.plugin - Installed plugin org.rapla.plugin.urlencryption.UrlEncryptionPlugin
00:08:31.912 1682 [main] INFO  rapla.client.plugin - Installed plugin org.rapla.plugin.timeslot.TimeslotPlugin
00:08:31.912 1682 [main] INFO  rapla.client.plugin - Installed plugin org.rapla.plugin.tempatewizard.TempateWizardPlugin
00:08:31.912 1682 [main] INFO  rapla.client.plugin - Installed plugin org.rapla.plugin.tableview.internal.TableViewPlugin
00:08:31.913 1683 [main] INFO  rapla.client.plugin - Installed plugin org.rapla.plugin.setowner.SetOwnerPlugin
00:08:31.913 1683 [main] INFO  rapla.client.plugin - Installed plugin org.rapla.plugin.rightsreport.RightsReportPlugin
00:08:31.913 1683 [main] INFO  rapla.client.plugin - Installed plugin org.rapla.plugin.periodcopy.PeriodCopyPlugin
00:08:31.914 1684 [main] INFO  rapla.client.plugin - Installed plugin org.rapla.plugin.notification.NotificationPlugin
00:08:31.914 1684 [main] INFO  rapla.client.plugin - Installed plugin org.rapla.plugin.monthview.MonthViewPlugin
00:08:31.914 1684 [main] INFO  rapla.client.plugin - Installed plugin org.rapla.plugin.mail.MailPlugin
00:08:31.914 1684 [main] INFO  rapla.client.plugin - Installed plugin org.rapla.plugin.jndi.JNDIPlugin
00:08:31.915 1685 [main] INFO  rapla.client.plugin - Installed plugin org.rapla.plugin.ical.ImportFromICalPlugin
00:08:31.915 1685 [main] INFO  rapla.client.plugin - Installed plugin org.rapla.plugin.export2ical.Export2iCalPlugin
00:08:31.915 1685 [main] INFO  rapla.client.plugin - Installed plugin org.rapla.plugin.eventtimecalculator.EventTimeCalculatorPlugin
00:08:31.915 1685 [main] INFO  rapla.client.plugin - Installed plugin org.rapla.plugin.defaultwizard.DefaultWizardPlugin
00:08:31.915 1685 [main] INFO  rapla.client.plugin - Installed plugin org.rapla.plugin.dayresource.DayResourceViewPlugin
00:08:31.916 1686 [main] INFO  rapla.client.plugin - Installed plugin org.rapla.plugin.compactweekview.CompactWeekViewPlugin
00:08:31.916 1686 [main] INFO  rapla.client.plugin - Installed plugin org.rapla.plugin.autoexport.AutoExportPlugin
00:08:31.916 1686 [main] INFO  rapla.client.plugin - Installed plugin org.rapla.plugin.archiver.ArchiverPlugin
00:08:31.916 1686 [main] INFO  rapla.client.plugin - Installed plugin org.rapla.plugin.appointmentcounter.AppointmentCounterPlugin
00:09:43.139 400  [main] INFO  org.eclipse.jetty.server.Server - jetty-8.1.16.v20140903
00:09:43.185 446  [main] INFO  o.e.j.d.p.ScanningAppProvider - Deployment monitor /Users/Jackson/git/CSE2102-Fall2015-Claxton-Jackson/rapla-source-1.8.2/contexts at interval 1
00:09:43.190 451  [main] INFO  o.e.jetty.deploy.DeploymentManager - Deployable added: /Users/Jackson/git/CSE2102-Fall2015-Claxton-Jackson/rapla-source-1.8.2/contexts/rapla-develop.xml
00:09:43.478 739  [main] INFO  rapla - Init RaplaServlet
00:09:43.480 741  [main] INFO  rapla - Passed JNDI Environment rapladatasource=raplafile env_rapladb=org.hsqldb.jdbc.JDBCDataSource@525575 env_raplafile=/Users/Jackson/git/CSE2102-Fall2015-Claxton-Jackson/rapla-source-1.8.2/data/data.xml
00:09:43.494 755  [main] INFO  rapla - Logging via SLF4J API.
00:09:43.561 822  [main] INFO  rapla - Configured Locale= en_US
00:09:43.736 997  [main] INFO  rapla - Config=file:/Users/Jackson/git/CSE2102-Fall2015-Claxton-Jackson/rapla-source-1.8.2/war/WEB-INF/raplaserver.xconf
00:09:43.736 997  [main] INFO  rapla - Rapla.Version=@doc.version@
00:09:43.737 998  [main] INFO  rapla - Rapla.Build=@doc.buildtime@
00:09:43.737 998  [main] INFO  rapla - Timezone America/New_York
00:09:43.753 1014 [main] INFO  rapla - Java.Version=1.8.0_20
00:09:43.811 1072 [main] INFO  rapla.server.serverfacade - Using rapladatasource raplafile
00:09:43.860 1121 [main] INFO  rapla.raplafile - Connecting: file:/Users/Jackson/git/CSE2102-Fall2015-Claxton-Jackson/rapla-source-1.8.2/data/data.xml
00:09:43.981 1242 [main] INFO  rapla.raplafile - Conflict initialization found 0 conflicts and took 5ms. 
00:09:43.986 1247 [main] INFO  rapla.server.plugin - Installed plugin org.rapla.plugin.weekview.server.WeekViewServerPlugin
00:09:43.986 1247 [main] INFO  rapla.server.plugin - Installed plugin org.rapla.plugin.urlencryption.server.UrlEncryptionServerPlugin
00:09:43.987 1248 [main] INFO  rapla.server.plugin - Installed plugin org.rapla.plugin.timeslot.server.TimeslotServerPlugin
00:09:43.987 1248 [main] INFO  rapla.server.plugin - Installed plugin org.rapla.plugin.tableview.internal.server.TableViewServerPlugin
00:09:43.988 1249 [main] INFO  rapla.server.plugin - Installed plugin org.rapla.plugin.notification.server.NotificationServerPlugin
00:09:43.989 1250 [main] INFO  rapla.server.plugin - Installed plugin org.rapla.plugin.monthview.server.MonthViewServerPlugin
00:09:43.989 1250 [main] INFO  rapla.server.plugin - Installed plugin org.rapla.plugin.mail.server.MailServerPlugin
00:09:43.989 1250 [main] INFO  rapla.server.plugin - Installed plugin org.rapla.plugin.jndi.server.JNDIServerPlugin
00:09:43.990 1251 [main] INFO  rapla.server.plugin - Installed plugin org.rapla.plugin.ical.server.ImportFromICalServerPlugin
00:09:43.990 1251 [main] INFO  rapla.server.plugin - Installed plugin org.rapla.plugin.export2ical.server.Export2iCalServerPlugin
00:09:43.991 1252 [main] INFO  rapla.server.plugin - Installed plugin org.rapla.plugin.eventtimecalculator.server.EventTimeCalculatorServerPlugin
00:09:43.991 1252 [main] INFO  rapla.server.plugin - Installed plugin org.rapla.plugin.dayresource.server.DayResourceViewServerPlugin
00:09:43.992 1253 [main] INFO  rapla.server.plugin - Installed plugin org.rapla.plugin.compactweekview.server.CompactWeekViewServerPlugin
00:09:43.992 1253 [main] INFO  rapla.server.plugin - Installed plugin org.rapla.plugin.autoexport.server.AutoExportServerPlugin
00:09:43.992 1253 [main] INFO  rapla.server.plugin - Installed plugin org.rapla.plugin.archiver.server.ArchiverServerPlugin
00:09:44.313 1574 [main] INFO  rapla - Rapla server started
00:09:44.333 1594 [main] INFO  rapla.client - Starting gui 
00:09:44.394 1655 [main] INFO  rapla.client.facade - Using rapladatasource remotestore
00:09:44.416 1677 [main] INFO  rapla.remotestore - Connecting to server and starting login..
00:09:44.419 1680 [main] INFO  rapla.remotestore - login successfull
00:09:44.424 1685 [main] INFO  rapla.client.facade - Login admin
00:09:44.433 1694 [main] INFO  rapla.client.plugin - Installed plugin org.rapla.plugin.weekview.WeekViewPlugin
00:09:44.434 1695 [main] INFO  rapla.client.plugin - Installed plugin org.rapla.plugin.urlencryption.UrlEncryptionPlugin
00:09:44.434 1695 [main] INFO  rapla.client.plugin - Installed plugin org.rapla.plugin.timeslot.TimeslotPlugin
00:09:44.434 1695 [main] INFO  rapla.client.plugin - Installed plugin org.rapla.plugin.tempatewizard.TempateWizardPlugin
00:09:44.435 1696 [main] INFO  rapla.client.plugin - Installed plugin org.rapla.plugin.tableview.internal.TableViewPlugin
00:09:44.435 1696 [main] INFO  rapla.client.plugin - Installed plugin org.rapla.plugin.setowner.SetOwnerPlugin
00:09:44.435 1696 [main] INFO  rapla.client.plugin - Installed plugin org.rapla.plugin.rightsreport.RightsReportPlugin
00:09:44.436 1697 [main] INFO  rapla.client.plugin - Installed plugin org.rapla.plugin.periodcopy.PeriodCopyPlugin
00:09:44.436 1697 [main] INFO  rapla.client.plugin - Installed plugin org.rapla.plugin.notification.NotificationPlugin
00:09:44.436 1697 [main] INFO  rapla.client.plugin - Installed plugin org.rapla.plugin.monthview.MonthViewPlugin
00:09:44.436 1697 [main] INFO  rapla.client.plugin - Installed plugin org.rapla.plugin.mail.MailPlugin
00:09:44.437 1698 [main] INFO  rapla.client.plugin - Installed plugin org.rapla.plugin.jndi.JNDIPlugin
00:09:44.437 1698 [main] INFO  rapla.client.plugin - Installed plugin org.rapla.plugin.ical.ImportFromICalPlugin
00:09:44.437 1698 [main] INFO  rapla.client.plugin - Installed plugin org.rapla.plugin.export2ical.Export2iCalPlugin
00:09:44.437 1698 [main] INFO  rapla.client.plugin - Installed plugin org.rapla.plugin.eventtimecalculator.EventTimeCalculatorPlugin
00:09:44.438 1699 [main] INFO  rapla.client.plugin - Installed plugin org.rapla.plugin.defaultwizard.DefaultWizardPlugin
00:09:44.438 1699 [main] INFO  rapla.client.plugin - Installed plugin org.rapla.plugin.dayresource.DayResourceViewPlugin
00:09:44.438 1699 [main] INFO  rapla.client.plugin - Installed plugin org.rapla.plugin.compactweekview.CompactWeekViewPlugin
00:09:44.438 1699 [main] INFO  rapla.client.plugin - Installed plugin org.rapla.plugin.autoexport.AutoExportPlugin
00:09:44.438 1699 [main] INFO  rapla.client.plugin - Installed plugin org.rapla.plugin.archiver.ArchiverPlugin
00:09:44.439 1700 [main] INFO  rapla.client.plugin - Installed plugin org.rapla.plugin.appointmentcounter.AppointmentCounterPlugin
00:39:00.603 411  [main] INFO  org.eclipse.jetty.server.Server - jetty-8.1.16.v20140903
00:39:00.650 458  [main] INFO  o.e.j.d.p.ScanningAppProvider - Deployment monitor /Users/Jackson/git/CSE2102-Fall2015-Claxton-Jackson/rapla-source-1.8.2/contexts at interval 1
00:39:00.655 463  [main] INFO  o.e.jetty.deploy.DeploymentManager - Deployable added: /Users/Jackson/git/CSE2102-Fall2015-Claxton-Jackson/rapla-source-1.8.2/contexts/rapla-develop.xml
00:39:00.918 726  [main] INFO  rapla - Init RaplaServlet
00:39:00.920 728  [main] INFO  rapla - Passed JNDI Environment rapladatasource=raplafile env_rapladb=org.hsqldb.jdbc.JDBCDataSource@525575 env_raplafile=/Users/Jackson/git/CSE2102-Fall2015-Claxton-Jackson/rapla-source-1.8.2/data/data.xml
00:39:00.935 743  [main] INFO  rapla - Logging via SLF4J API.
00:39:01.003 811  [main] INFO  rapla - Configured Locale= en_US
00:39:01.169 977  [main] INFO  rapla - Config=file:/Users/Jackson/git/CSE2102-Fall2015-Claxton-Jackson/rapla-source-1.8.2/war/WEB-INF/raplaserver.xconf
00:39:01.169 977  [main] INFO  rapla - Rapla.Version=@doc.version@
00:39:01.170 978  [main] INFO  rapla - Rapla.Build=@doc.buildtime@
00:39:01.170 978  [main] INFO  rapla - Timezone America/New_York
00:39:01.187 995  [main] INFO  rapla - Java.Version=1.8.0_20
00:39:01.243 1051 [main] INFO  rapla.server.serverfacade - Using rapladatasource raplafile
00:39:01.293 1101 [main] INFO  rapla.raplafile - Connecting: file:/Users/Jackson/git/CSE2102-Fall2015-Claxton-Jackson/rapla-source-1.8.2/data/data.xml
00:39:01.419 1227 [main] INFO  rapla.raplafile - Conflict initialization found 0 conflicts and took 6ms. 
00:39:01.423 1231 [main] INFO  rapla.server.plugin - Installed plugin org.rapla.plugin.weekview.server.WeekViewServerPlugin
00:39:01.423 1231 [main] INFO  rapla.server.plugin - Installed plugin org.rapla.plugin.urlencryption.server.UrlEncryptionServerPlugin
00:39:01.424 1232 [main] INFO  rapla.server.plugin - Installed plugin org.rapla.plugin.timeslot.server.TimeslotServerPlugin
00:39:01.424 1232 [main] INFO  rapla.server.plugin - Installed plugin org.rapla.plugin.tableview.internal.server.TableViewServerPlugin
00:39:01.425 1233 [main] INFO  rapla.server.plugin - Installed plugin org.rapla.plugin.notification.server.NotificationServerPlugin
00:39:01.425 1233 [main] INFO  rapla.server.plugin - Installed plugin org.rapla.plugin.monthview.server.MonthViewServerPlugin
00:39:01.426 1234 [main] INFO  rapla.server.plugin - Installed plugin org.rapla.plugin.mail.server.MailServerPlugin
00:39:01.426 1234 [main] INFO  rapla.server.plugin - Installed plugin org.rapla.plugin.jndi.server.JNDIServerPlugin
00:39:01.427 1235 [main] INFO  rapla.server.plugin - Installed plugin org.rapla.plugin.ical.server.ImportFromICalServerPlugin
00:39:01.427 1235 [main] INFO  rapla.server.plugin - Installed plugin org.rapla.plugin.export2ical.server.Export2iCalServerPlugin
00:39:01.428 1236 [main] INFO  rapla.server.plugin - Installed plugin org.rapla.plugin.eventtimecalculator.server.EventTimeCalculatorServerPlugin
00:39:01.429 1237 [main] INFO  rapla.server.plugin - Installed plugin org.rapla.plugin.dayresource.server.DayResourceViewServerPlugin
00:39:01.429 1237 [main] INFO  rapla.server.plugin - Installed plugin org.rapla.plugin.compactweekview.server.CompactWeekViewServerPlugin
00:39:01.430 1238 [main] INFO  rapla.server.plugin - Installed plugin org.rapla.plugin.autoexport.server.AutoExportServerPlugin
00:39:01.430 1238 [main] INFO  rapla.server.plugin - Installed plugin org.rapla.plugin.archiver.server.ArchiverServerPlugin
00:39:01.802 1610 [main] INFO  rapla - Rapla server started
00:39:01.819 1627 [main] INFO  rapla.client - Starting gui 
00:39:02.010 1818 [main] INFO  rapla.client.facade - Using rapladatasource remotestore
00:39:02.058 1866 [main] INFO  rapla.remotestore - Connecting to server and starting login..
00:39:02.061 1869 [main] INFO  rapla.remotestore - login successfull
00:39:02.082 1890 [main] INFO  rapla.client.facade - Login admin
00:39:02.090 1898 [main] INFO  rapla.client.plugin - Installed plugin org.rapla.plugin.weekview.WeekViewPlugin
00:39:02.090 1898 [main] INFO  rapla.client.plugin - Installed plugin org.rapla.plugin.urlencryption.UrlEncryptionPlugin
00:39:02.091 1899 [main] INFO  rapla.client.plugin - Installed plugin org.rapla.plugin.timeslot.TimeslotPlugin
00:39:02.091 1899 [main] INFO  rapla.client.plugin - Installed plugin org.rapla.plugin.tempatewizard.TempateWizardPlugin
00:39:02.091 1899 [main] INFO  rapla.client.plugin - Installed plugin org.rapla.plugin.tableview.internal.TableViewPlugin
00:39:02.092 1900 [main] INFO  rapla.client.plugin - Installed plugin org.rapla.plugin.setowner.SetOwnerPlugin
00:39:02.092 1900 [main] INFO  rapla.client.plugin - Installed plugin org.rapla.plugin.rightsreport.RightsReportPlugin
00:39:02.092 1900 [main] INFO  rapla.client.plugin - Installed plugin org.rapla.plugin.periodcopy.PeriodCopyPlugin
00:39:02.092 1900 [main] INFO  rapla.client.plugin - Installed plugin org.rapla.plugin.notification.NotificationPlugin
00:39:02.093 1901 [main] INFO  rapla.client.plugin - Installed plugin org.rapla.plugin.monthview.MonthViewPlugin
00:39:02.093 1901 [main] INFO  rapla.client.plugin - Installed plugin org.rapla.plugin.mail.MailPlugin
00:39:02.093 1901 [main] INFO  rapla.client.plugin - Installed plugin org.rapla.plugin.jndi.JNDIPlugin
00:39:02.093 1901 [main] INFO  rapla.client.plugin - Installed plugin org.rapla.plugin.ical.ImportFromICalPlugin
00:39:02.094 1902 [main] INFO  rapla.client.plugin - Installed plugin org.rapla.plugin.export2ical.Export2iCalPlugin
00:39:02.094 1902 [main] INFO  rapla.client.plugin - Installed plugin org.rapla.plugin.eventtimecalculator.EventTimeCalculatorPlugin
00:39:02.094 1902 [main] INFO  rapla.client.plugin - Installed plugin org.rapla.plugin.defaultwizard.DefaultWizardPlugin
00:39:02.094 1902 [main] INFO  rapla.client.plugin - Installed plugin org.rapla.plugin.dayresource.DayResourceViewPlugin
00:39:02.095 1903 [main] INFO  rapla.client.plugin - Installed plugin org.rapla.plugin.compactweekview.CompactWeekViewPlugin
00:39:02.095 1903 [main] INFO  rapla.client.plugin - Installed plugin org.rapla.plugin.autoexport.AutoExportPlugin
00:39:02.095 1903 [main] INFO  rapla.client.plugin - Installed plugin org.rapla.plugin.archiver.ArchiverPlugin
00:39:02.095 1903 [main] INFO  rapla.client.plugin - Installed plugin org.rapla.plugin.appointmentcounter.AppointmentCounterPlugin
00:41:36.151 411  [main] INFO  org.eclipse.jetty.server.Server - jetty-8.1.16.v20140903
00:41:36.200 460  [main] INFO  o.e.j.d.p.ScanningAppProvider - Deployment monitor /Users/Jackson/git/CSE2102-Fall2015-Claxton-Jackson/rapla-source-1.8.2/contexts at interval 1
00:41:36.204 464  [main] INFO  o.e.jetty.deploy.DeploymentManager - Deployable added: /Users/Jackson/git/CSE2102-Fall2015-Claxton-Jackson/rapla-source-1.8.2/contexts/rapla-develop.xml
00:41:36.500 760  [main] INFO  rapla - Init RaplaServlet
00:41:36.502 762  [main] INFO  rapla - Passed JNDI Environment rapladatasource=raplafile env_rapladb=org.hsqldb.jdbc.JDBCDataSource@74bada02 env_raplafile=/Users/Jackson/git/CSE2102-Fall2015-Claxton-Jackson/rapla-source-1.8.2/data/data.xml
00:41:36.514 774  [main] INFO  rapla - Logging via SLF4J API.
00:41:36.577 837  [main] INFO  rapla - Configured Locale= en_US
00:41:36.740 1000 [main] INFO  rapla - Config=file:/Users/Jackson/git/CSE2102-Fall2015-Claxton-Jackson/rapla-source-1.8.2/war/WEB-INF/raplaserver.xconf
00:41:36.741 1001 [main] INFO  rapla - Rapla.Version=@doc.version@
00:41:36.741 1001 [main] INFO  rapla - Rapla.Build=@doc.buildtime@
00:41:36.741 1001 [main] INFO  rapla - Timezone America/New_York
00:41:36.757 1017 [main] INFO  rapla - Java.Version=1.8.0_20
00:41:36.811 1071 [main] INFO  rapla.server.serverfacade - Using rapladatasource raplafile
00:41:36.859 1119 [main] INFO  rapla.raplafile - Connecting: file:/Users/Jackson/git/CSE2102-Fall2015-Claxton-Jackson/rapla-source-1.8.2/data/data.xml
00:41:36.983 1243 [main] INFO  rapla.raplafile - Conflict initialization found 0 conflicts and took 5ms. 
00:41:36.988 1248 [main] INFO  rapla.server.plugin - Installed plugin org.rapla.plugin.weekview.server.WeekViewServerPlugin
00:41:36.988 1248 [main] INFO  rapla.server.plugin - Installed plugin org.rapla.plugin.urlencryption.server.UrlEncryptionServerPlugin
00:41:36.989 1249 [main] INFO  rapla.server.plugin - Installed plugin org.rapla.plugin.timeslot.server.TimeslotServerPlugin
00:41:36.989 1249 [main] INFO  rapla.server.plugin - Installed plugin org.rapla.plugin.tableview.internal.server.TableViewServerPlugin
00:41:36.990 1250 [main] INFO  rapla.server.plugin - Installed plugin org.rapla.plugin.notification.server.NotificationServerPlugin
00:41:36.990 1250 [main] INFO  rapla.server.plugin - Installed plugin org.rapla.plugin.monthview.server.MonthViewServerPlugin
00:41:36.991 1251 [main] INFO  rapla.server.plugin - Installed plugin org.rapla.plugin.mail.server.MailServerPlugin
00:41:36.991 1251 [main] INFO  rapla.server.plugin - Installed plugin org.rapla.plugin.jndi.server.JNDIServerPlugin
00:41:36.992 1252 [main] INFO  rapla.server.plugin - Installed plugin org.rapla.plugin.ical.server.ImportFromICalServerPlugin
00:41:36.992 1252 [main] INFO  rapla.server.plugin - Installed plugin org.rapla.plugin.export2ical.server.Export2iCalServerPlugin
00:41:36.993 1253 [main] INFO  rapla.server.plugin - Installed plugin org.rapla.plugin.eventtimecalculator.server.EventTimeCalculatorServerPlugin
00:41:36.993 1253 [main] INFO  rapla.server.plugin - Installed plugin org.rapla.plugin.dayresource.server.DayResourceViewServerPlugin
00:41:36.993 1253 [main] INFO  rapla.server.plugin - Installed plugin org.rapla.plugin.compactweekview.server.CompactWeekViewServerPlugin
00:41:36.994 1254 [main] INFO  rapla.server.plugin - Installed plugin org.rapla.plugin.autoexport.server.AutoExportServerPlugin
00:41:36.994 1254 [main] INFO  rapla.server.plugin - Installed plugin org.rapla.plugin.archiver.server.ArchiverServerPlugin
00:41:37.315 1575 [main] INFO  rapla - Rapla server started
00:41:37.331 1591 [main] INFO  rapla.client - Starting gui 
00:41:37.394 1654 [main] INFO  rapla.client.facade - Using rapladatasource remotestore
00:41:37.416 1676 [main] INFO  rapla.remotestore - Connecting to server and starting login..
00:41:37.418 1678 [main] INFO  rapla.remotestore - login successfull
00:41:37.424 1684 [main] INFO  rapla.client.facade - Login admin
00:41:37.434 1694 [main] INFO  rapla.client.plugin - Installed plugin org.rapla.plugin.weekview.WeekViewPlugin
00:41:37.434 1694 [main] INFO  rapla.client.plugin - Installed plugin org.rapla.plugin.urlencryption.UrlEncryptionPlugin
00:41:37.435 1695 [main] INFO  rapla.client.plugin - Installed plugin org.rapla.plugin.timeslot.TimeslotPlugin
00:41:37.435 1695 [main] INFO  rapla.client.plugin - Installed plugin org.rapla.plugin.tempatewizard.TempateWizardPlugin
00:41:37.435 1695 [main] INFO  rapla.client.plugin - Installed plugin org.rapla.plugin.tableview.internal.TableViewPlugin
00:41:37.436 1696 [main] INFO  rapla.client.plugin - Installed plugin org.rapla.plugin.setowner.SetOwnerPlugin
00:41:37.436 1696 [main] INFO  rapla.client.plugin - Installed plugin org.rapla.plugin.rightsreport.RightsReportPlugin
00:41:37.436 1696 [main] INFO  rapla.client.plugin - Installed plugin org.rapla.plugin.periodcopy.PeriodCopyPlugin
00:41:37.436 1696 [main] INFO  rapla.client.plugin - Installed plugin org.rapla.plugin.notification.NotificationPlugin
00:41:37.437 1697 [main] INFO  rapla.client.plugin - Installed plugin org.rapla.plugin.monthview.MonthViewPlugin
00:41:37.437 1697 [main] INFO  rapla.client.plugin - Installed plugin org.rapla.plugin.mail.MailPlugin
00:41:37.437 1697 [main] INFO  rapla.client.plugin - Installed plugin org.rapla.plugin.jndi.JNDIPlugin
00:41:37.437 1697 [main] INFO  rapla.client.plugin - Installed plugin org.rapla.plugin.ical.ImportFromICalPlugin
00:41:37.438 1698 [main] INFO  rapla.client.plugin - Installed plugin org.rapla.plugin.export2ical.Export2iCalPlugin
00:41:37.438 1698 [main] INFO  rapla.client.plugin - Installed plugin org.rapla.plugin.eventtimecalculator.EventTimeCalculatorPlugin
00:41:37.438 1698 [main] INFO  rapla.client.plugin - Installed plugin org.rapla.plugin.defaultwizard.DefaultWizardPlugin
00:41:37.438 1698 [main] INFO  rapla.client.plugin - Installed plugin org.rapla.plugin.dayresource.DayResourceViewPlugin
00:41:37.438 1698 [main] INFO  rapla.client.plugin - Installed plugin org.rapla.plugin.compactweekview.CompactWeekViewPlugin
00:41:37.439 1699 [main] INFO  rapla.client.plugin - Installed plugin org.rapla.plugin.autoexport.AutoExportPlugin
00:41:37.439 1699 [main] INFO  rapla.client.plugin - Installed plugin org.rapla.plugin.archiver.ArchiverPlugin
00:41:37.439 1699 [main] INFO  rapla.client.plugin - Installed plugin org.rapla.plugin.appointmentcounter.AppointmentCounterPlugin
00:41:46.020 403  [main] INFO  org.eclipse.jetty.server.Server - jetty-8.1.16.v20140903
00:41:46.065 448  [main] INFO  o.e.j.d.p.ScanningAppProvider - Deployment monitor /Users/Jackson/git/CSE2102-Fall2015-Claxton-Jackson/rapla-source-1.8.2/contexts at interval 1
00:41:46.069 452  [main] INFO  o.e.jetty.deploy.DeploymentManager - Deployable added: /Users/Jackson/git/CSE2102-Fall2015-Claxton-Jackson/rapla-source-1.8.2/contexts/rapla-develop.xml
00:41:46.362 745  [main] INFO  rapla - Init RaplaServlet
00:41:46.364 747  [main] INFO  rapla - Passed JNDI Environment rapladatasource=raplafile env_rapladb=org.hsqldb.jdbc.JDBCDataSource@525575 env_raplafile=/Users/Jackson/git/CSE2102-Fall2015-Claxton-Jackson/rapla-source-1.8.2/data/data.xml
00:41:46.377 760  [main] INFO  rapla - Logging via SLF4J API.
00:41:46.438 821  [main] INFO  rapla - Configured Locale= en_US
00:41:46.599 982  [main] INFO  rapla - Config=file:/Users/Jackson/git/CSE2102-Fall2015-Claxton-Jackson/rapla-source-1.8.2/war/WEB-INF/raplaserver.xconf
00:41:46.600 983  [main] INFO  rapla - Rapla.Version=@doc.version@
00:41:46.600 983  [main] INFO  rapla - Rapla.Build=@doc.buildtime@
00:41:46.600 983  [main] INFO  rapla - Timezone America/New_York
00:41:46.617 1000 [main] INFO  rapla - Java.Version=1.8.0_20
00:41:46.672 1055 [main] INFO  rapla.server.serverfacade - Using rapladatasource raplafile
00:41:46.719 1102 [main] INFO  rapla.raplafile - Connecting: file:/Users/Jackson/git/CSE2102-Fall2015-Claxton-Jackson/rapla-source-1.8.2/data/data.xml
00:41:46.842 1225 [main] INFO  rapla.raplafile - Conflict initialization found 0 conflicts and took 5ms. 
00:41:46.846 1229 [main] INFO  rapla.server.plugin - Installed plugin org.rapla.plugin.weekview.server.WeekViewServerPlugin
00:41:46.847 1230 [main] INFO  rapla.server.plugin - Installed plugin org.rapla.plugin.urlencryption.server.UrlEncryptionServerPlugin
00:41:46.848 1231 [main] INFO  rapla.server.plugin - Installed plugin org.rapla.plugin.timeslot.server.TimeslotServerPlugin
00:41:46.848 1231 [main] INFO  rapla.server.plugin - Installed plugin org.rapla.plugin.tableview.internal.server.TableViewServerPlugin
00:41:46.849 1232 [main] INFO  rapla.server.plugin - Installed plugin org.rapla.plugin.notification.server.NotificationServerPlugin
00:41:46.850 1233 [main] INFO  rapla.server.plugin - Installed plugin org.rapla.plugin.monthview.server.MonthViewServerPlugin
00:41:46.850 1233 [main] INFO  rapla.server.plugin - Installed plugin org.rapla.plugin.mail.server.MailServerPlugin
00:41:46.850 1233 [main] INFO  rapla.server.plugin - Installed plugin org.rapla.plugin.jndi.server.JNDIServerPlugin
00:41:46.851 1234 [main] INFO  rapla.server.plugin - Installed plugin org.rapla.plugin.ical.server.ImportFromICalServerPlugin
00:41:46.851 1234 [main] INFO  rapla.server.plugin - Installed plugin org.rapla.plugin.export2ical.server.Export2iCalServerPlugin
00:41:46.851 1234 [main] INFO  rapla.server.plugin - Installed plugin org.rapla.plugin.eventtimecalculator.server.EventTimeCalculatorServerPlugin
00:41:46.852 1235 [main] INFO  rapla.server.plugin - Installed plugin org.rapla.plugin.dayresource.server.DayResourceViewServerPlugin
00:41:46.852 1235 [main] INFO  rapla.server.plugin - Installed plugin org.rapla.plugin.compactweekview.server.CompactWeekViewServerPlugin
00:41:46.853 1236 [main] INFO  rapla.server.plugin - Installed plugin org.rapla.plugin.autoexport.server.AutoExportServerPlugin
00:41:46.853 1236 [main] INFO  rapla.server.plugin - Installed plugin org.rapla.plugin.archiver.server.ArchiverServerPlugin
00:41:47.170 1553 [main] INFO  rapla - Rapla server started
00:41:47.192 1575 [main] INFO  rapla.client - Starting gui 
00:41:47.256 1639 [main] INFO  rapla.client.facade - Using rapladatasource remotestore
00:41:47.277 1660 [main] INFO  rapla.remotestore - Connecting to server and starting login..
00:41:47.279 1662 [main] INFO  rapla.remotestore - login successfull
00:41:47.284 1667 [main] INFO  rapla.client.facade - Login admin
00:41:47.292 1675 [main] INFO  rapla.client.plugin - Installed plugin org.rapla.plugin.weekview.WeekViewPlugin
00:41:47.293 1676 [main] INFO  rapla.client.plugin - Installed plugin org.rapla.plugin.urlencryption.UrlEncryptionPlugin
00:41:47.293 1676 [main] INFO  rapla.client.plugin - Installed plugin org.rapla.plugin.timeslot.TimeslotPlugin
00:41:47.293 1676 [main] INFO  rapla.client.plugin - Installed plugin org.rapla.plugin.tempatewizard.TempateWizardPlugin
00:41:47.294 1677 [main] INFO  rapla.client.plugin - Installed plugin org.rapla.plugin.tableview.internal.TableViewPlugin
00:41:47.294 1677 [main] INFO  rapla.client.plugin - Installed plugin org.rapla.plugin.setowner.SetOwnerPlugin
00:41:47.294 1677 [main] INFO  rapla.client.plugin - Installed plugin org.rapla.plugin.rightsreport.RightsReportPlugin
00:41:47.294 1677 [main] INFO  rapla.client.plugin - Installed plugin org.rapla.plugin.periodcopy.PeriodCopyPlugin
00:41:47.295 1678 [main] INFO  rapla.client.plugin - Installed plugin org.rapla.plugin.notification.NotificationPlugin
00:41:47.295 1678 [main] INFO  rapla.client.plugin - Installed plugin org.rapla.plugin.monthview.MonthViewPlugin
00:41:47.295 1678 [main] INFO  rapla.client.plugin - Installed plugin org.rapla.plugin.mail.MailPlugin
00:41:47.296 1679 [main] INFO  rapla.client.plugin - Installed plugin org.rapla.plugin.jndi.JNDIPlugin
00:41:47.296 1679 [main] INFO  rapla.client.plugin - Installed plugin org.rapla.plugin.ical.ImportFromICalPlugin
00:41:47.296 1679 [main] INFO  rapla.client.plugin - Installed plugin org.rapla.plugin.export2ical.Export2iCalPlugin
00:41:47.296 1679 [main] INFO  rapla.client.plugin - Installed plugin org.rapla.plugin.eventtimecalculator.EventTimeCalculatorPlugin
00:41:47.297 1680 [main] INFO  rapla.client.plugin - Installed plugin org.rapla.plugin.defaultwizard.DefaultWizardPlugin
00:41:47.297 1680 [main] INFO  rapla.client.plugin - Installed plugin org.rapla.plugin.dayresource.DayResourceViewPlugin
00:41:47.297 1680 [main] INFO  rapla.client.plugin - Installed plugin org.rapla.plugin.compactweekview.CompactWeekViewPlugin
00:41:47.297 1680 [main] INFO  rapla.client.plugin - Installed plugin org.rapla.plugin.autoexport.AutoExportPlugin
00:41:47.298 1681 [main] INFO  rapla.client.plugin - Installed plugin org.rapla.plugin.archiver.ArchiverPlugin
00:41:47.298 1681 [main] INFO  rapla.client.plugin - Installed plugin org.rapla.plugin.appointmentcounter.AppointmentCounterPlugin
10:43:25.440 811  [main] INFO  org.eclipse.jetty.server.Server - jetty-8.1.16.v20140903
10:43:25.530 901  [main] INFO  o.e.j.d.p.ScanningAppProvider - Deployment monitor /Users/Jackson/git/CSE2102-Fall2015-Claxton-Jackson/rapla-source-1.8.2/contexts at interval 1
10:43:25.534 905  [main] INFO  o.e.jetty.deploy.DeploymentManager - Deployable added: /Users/Jackson/git/CSE2102-Fall2015-Claxton-Jackson/rapla-source-1.8.2/contexts/rapla-develop.xml
10:43:26.596 1967 [main] INFO  rapla - Init RaplaServlet
10:43:26.598 1969 [main] INFO  rapla - Passed JNDI Environment rapladatasource=raplafile env_rapladb=org.hsqldb.jdbc.JDBCDataSource@78b66d36 env_raplafile=/Users/Jackson/git/CSE2102-Fall2015-Claxton-Jackson/rapla-source-1.8.2/data/data.xml
10:43:26.668 2039 [main] INFO  rapla - Logging via SLF4J API.
10:43:27.215 2586 [main] INFO  rapla - Configured Locale= en_US
10:43:27.931 3302 [main] INFO  rapla - Config=file:/Users/Jackson/git/CSE2102-Fall2015-Claxton-Jackson/rapla-source-1.8.2/war/WEB-INF/raplaserver.xconf
10:43:27.932 3303 [main] INFO  rapla - Rapla.Version=@doc.version@
10:43:27.932 3303 [main] INFO  rapla - Rapla.Build=@doc.buildtime@
10:43:27.932 3303 [main] INFO  rapla - Timezone America/New_York
10:43:28.085 3456 [main] INFO  rapla - Java.Version=1.8.0_20
10:43:28.340 3711 [main] INFO  rapla.server.serverfacade - Using rapladatasource raplafile
10:43:28.800 4171 [main] INFO  rapla.raplafile - Connecting: file:/Users/Jackson/git/CSE2102-Fall2015-Claxton-Jackson/rapla-source-1.8.2/data/data.xml
10:43:29.730 5101 [main] INFO  rapla.raplafile - Conflict initialization found 0 conflicts and took 60ms. 
10:43:29.735 5106 [main] INFO  rapla.server.plugin - Installed plugin org.rapla.plugin.weekview.server.WeekViewServerPlugin
10:43:29.736 5107 [main] INFO  rapla.server.plugin - Installed plugin org.rapla.plugin.urlencryption.server.UrlEncryptionServerPlugin
10:43:29.737 5108 [main] INFO  rapla.server.plugin - Installed plugin org.rapla.plugin.timeslot.server.TimeslotServerPlugin
10:43:29.737 5108 [main] INFO  rapla.server.plugin - Installed plugin org.rapla.plugin.tableview.internal.server.TableViewServerPlugin
10:43:29.738 5109 [main] INFO  rapla.server.plugin - Installed plugin org.rapla.plugin.notification.server.NotificationServerPlugin
10:43:29.738 5109 [main] INFO  rapla.server.plugin - Installed plugin org.rapla.plugin.monthview.server.MonthViewServerPlugin
10:43:29.739 5110 [main] INFO  rapla.server.plugin - Installed plugin org.rapla.plugin.mail.server.MailServerPlugin
10:43:29.739 5110 [main] INFO  rapla.server.plugin - Installed plugin org.rapla.plugin.jndi.server.JNDIServerPlugin
10:43:29.740 5111 [main] INFO  rapla.server.plugin - Installed plugin org.rapla.plugin.ical.server.ImportFromICalServerPlugin
10:43:29.740 5111 [main] INFO  rapla.server.plugin - Installed plugin org.rapla.plugin.export2ical.server.Export2iCalServerPlugin
10:43:29.741 5112 [main] INFO  rapla.server.plugin - Installed plugin org.rapla.plugin.eventtimecalculator.server.EventTimeCalculatorServerPlugin
10:43:29.741 5112 [main] INFO  rapla.server.plugin - Installed plugin org.rapla.plugin.dayresource.server.DayResourceViewServerPlugin
10:43:29.742 5113 [main] INFO  rapla.server.plugin - Installed plugin org.rapla.plugin.compactweekview.server.CompactWeekViewServerPlugin
10:43:29.742 5113 [main] INFO  rapla.server.plugin - Installed plugin org.rapla.plugin.autoexport.server.AutoExportServerPlugin
10:43:29.742 5113 [main] INFO  rapla.server.plugin - Installed plugin org.rapla.plugin.archiver.server.ArchiverServerPlugin
10:43:30.401 5772 [main] INFO  rapla - Rapla server started
10:43:30.586 5957 [main] INFO  rapla.client - Starting gui 
10:43:31.078 6449 [main] INFO  rapla.client.facade - Using rapladatasource remotestore
10:43:31.203 6574 [main] INFO  rapla.remotestore - Connecting to server and starting login..
10:43:31.205 6576 [main] INFO  rapla.remotestore - login successfull
10:43:31.239 6610 [main] INFO  rapla.client.facade - Login admin
10:43:31.325 6696 [main] INFO  rapla.client.plugin - Installed plugin org.rapla.plugin.weekview.WeekViewPlugin
10:43:31.326 6697 [main] INFO  rapla.client.plugin - Installed plugin org.rapla.plugin.urlencryption.UrlEncryptionPlugin
10:43:31.326 6697 [main] INFO  rapla.client.plugin - Installed plugin org.rapla.plugin.timeslot.TimeslotPlugin
10:43:31.326 6697 [main] INFO  rapla.client.plugin - Installed plugin org.rapla.plugin.tempatewizard.TempateWizardPlugin
10:43:31.326 6697 [main] INFO  rapla.client.plugin - Installed plugin org.rapla.plugin.tableview.internal.TableViewPlugin
10:43:31.327 6698 [main] INFO  rapla.client.plugin - Installed plugin org.rapla.plugin.setowner.SetOwnerPlugin
10:43:31.327 6698 [main] INFO  rapla.client.plugin - Installed plugin org.rapla.plugin.rightsreport.RightsReportPlugin
10:43:31.327 6698 [main] INFO  rapla.client.plugin - Installed plugin org.rapla.plugin.periodcopy.PeriodCopyPlugin
10:43:31.328 6699 [main] INFO  rapla.client.plugin - Installed plugin org.rapla.plugin.notification.NotificationPlugin
10:43:31.328 6699 [main] INFO  rapla.client.plugin - Installed plugin org.rapla.plugin.monthview.MonthViewPlugin
10:43:31.328 6699 [main] INFO  rapla.client.plugin - Installed plugin org.rapla.plugin.mail.MailPlugin
10:43:31.328 6699 [main] INFO  rapla.client.plugin - Installed plugin org.rapla.plugin.jndi.JNDIPlugin
10:43:31.328 6699 [main] INFO  rapla.client.plugin - Installed plugin org.rapla.plugin.ical.ImportFromICalPlugin
10:43:31.329 6700 [main] INFO  rapla.client.plugin - Installed plugin org.rapla.plugin.export2ical.Export2iCalPlugin
10:43:31.329 6700 [main] INFO  rapla.client.plugin - Installed plugin org.rapla.plugin.eventtimecalculator.EventTimeCalculatorPlugin
10:43:31.329 6700 [main] INFO  rapla.client.plugin - Installed plugin org.rapla.plugin.defaultwizard.DefaultWizardPlugin
10:43:31.329 6700 [main] INFO  rapla.client.plugin - Installed plugin org.rapla.plugin.dayresource.DayResourceViewPlugin
10:43:31.330 6701 [main] INFO  rapla.client.plugin - Installed plugin org.rapla.plugin.compactweekview.CompactWeekViewPlugin
10:43:31.330 6701 [main] INFO  rapla.client.plugin - Installed plugin org.rapla.plugin.autoexport.AutoExportPlugin
10:43:31.330 6701 [main] INFO  rapla.client.plugin - Installed plugin org.rapla.plugin.archiver.ArchiverPlugin
10:43:31.330 6701 [main] INFO  rapla.client.plugin - Installed plugin org.rapla.plugin.appointmentcounter.AppointmentCounterPlugin
10:45:28.266 400  [main] INFO  org.eclipse.jetty.server.Server - jetty-8.1.16.v20140903
10:45:28.313 447  [main] INFO  o.e.j.d.p.ScanningAppProvider - Deployment monitor /Users/Jackson/git/CSE2102-Fall2015-Claxton-Jackson/rapla-source-1.8.2/contexts at interval 1
10:45:28.317 451  [main] INFO  o.e.jetty.deploy.DeploymentManager - Deployable added: /Users/Jackson/git/CSE2102-Fall2015-Claxton-Jackson/rapla-source-1.8.2/contexts/rapla-develop.xml
10:45:28.575 709  [main] INFO  rapla - Init RaplaServlet
10:45:28.577 711  [main] INFO  rapla - Passed JNDI Environment rapladatasource=raplafile env_rapladb=org.hsqldb.jdbc.JDBCDataSource@1921ad94 env_raplafile=/Users/Jackson/git/CSE2102-Fall2015-Claxton-Jackson/rapla-source-1.8.2/data/data.xml
10:45:28.591 725  [main] INFO  rapla - Logging via SLF4J API.
10:45:28.658 792  [main] INFO  rapla - Configured Locale= en_US
10:45:28.823 957  [main] INFO  rapla - Config=file:/Users/Jackson/git/CSE2102-Fall2015-Claxton-Jackson/rapla-source-1.8.2/war/WEB-INF/raplaserver.xconf
10:45:28.823 957  [main] INFO  rapla - Rapla.Version=@doc.version@
10:45:28.823 957  [main] INFO  rapla - Rapla.Build=@doc.buildtime@
10:45:28.823 957  [main] INFO  rapla - Timezone America/New_York
10:45:28.840 974  [main] INFO  rapla - Java.Version=1.8.0_20
10:45:28.896 1030 [main] INFO  rapla.server.serverfacade - Using rapladatasource raplafile
10:45:28.945 1079 [main] INFO  rapla.raplafile - Connecting: file:/Users/Jackson/git/CSE2102-Fall2015-Claxton-Jackson/rapla-source-1.8.2/data/data.xml
10:45:29.076 1210 [main] INFO  rapla.raplafile - Conflict initialization found 0 conflicts and took 6ms. 
10:45:29.080 1214 [main] INFO  rapla.server.plugin - Installed plugin org.rapla.plugin.weekview.server.WeekViewServerPlugin
10:45:29.081 1215 [main] INFO  rapla.server.plugin - Installed plugin org.rapla.plugin.urlencryption.server.UrlEncryptionServerPlugin
10:45:29.082 1216 [main] INFO  rapla.server.plugin - Installed plugin org.rapla.plugin.timeslot.server.TimeslotServerPlugin
10:45:29.082 1216 [main] INFO  rapla.server.plugin - Installed plugin org.rapla.plugin.tableview.internal.server.TableViewServerPlugin
10:45:29.083 1217 [main] INFO  rapla.server.plugin - Installed plugin org.rapla.plugin.notification.server.NotificationServerPlugin
10:45:29.084 1218 [main] INFO  rapla.server.plugin - Installed plugin org.rapla.plugin.monthview.server.MonthViewServerPlugin
10:45:29.084 1218 [main] INFO  rapla.server.plugin - Installed plugin org.rapla.plugin.mail.server.MailServerPlugin
10:45:29.085 1219 [main] INFO  rapla.server.plugin - Installed plugin org.rapla.plugin.jndi.server.JNDIServerPlugin
10:45:29.085 1219 [main] INFO  rapla.server.plugin - Installed plugin org.rapla.plugin.ical.server.ImportFromICalServerPlugin
10:45:29.085 1219 [main] INFO  rapla.server.plugin - Installed plugin org.rapla.plugin.export2ical.server.Export2iCalServerPlugin
10:45:29.086 1220 [main] INFO  rapla.server.plugin - Installed plugin org.rapla.plugin.eventtimecalculator.server.EventTimeCalculatorServerPlugin
10:45:29.086 1220 [main] INFO  rapla.server.plugin - Installed plugin org.rapla.plugin.dayresource.server.DayResourceViewServerPlugin
10:45:29.087 1221 [main] INFO  rapla.server.plugin - Installed plugin org.rapla.plugin.compactweekview.server.CompactWeekViewServerPlugin
10:45:29.087 1221 [main] INFO  rapla.server.plugin - Installed plugin org.rapla.plugin.autoexport.server.AutoExportServerPlugin
10:45:29.088 1222 [main] INFO  rapla.server.plugin - Installed plugin org.rapla.plugin.archiver.server.ArchiverServerPlugin
10:45:29.445 1579 [main] INFO  rapla - Rapla server started
10:45:29.462 1596 [main] INFO  rapla.client - Starting gui 
10:45:29.523 1657 [main] INFO  rapla.client.facade - Using rapladatasource remotestore
10:45:29.543 1677 [main] INFO  rapla.remotestore - Connecting to server and starting login..
10:45:29.546 1680 [main] INFO  rapla.remotestore - login successfull
10:45:29.553 1687 [main] INFO  rapla.client.facade - Login admin
10:45:29.562 1696 [main] INFO  rapla.client.plugin - Installed plugin org.rapla.plugin.weekview.WeekViewPlugin
10:45:29.562 1696 [main] INFO  rapla.client.plugin - Installed plugin org.rapla.plugin.urlencryption.UrlEncryptionPlugin
10:45:29.562 1696 [main] INFO  rapla.client.plugin - Installed plugin org.rapla.plugin.timeslot.TimeslotPlugin
10:45:29.563 1697 [main] INFO  rapla.client.plugin - Installed plugin org.rapla.plugin.tempatewizard.TempateWizardPlugin
10:45:29.563 1697 [main] INFO  rapla.client.plugin - Installed plugin org.rapla.plugin.tableview.internal.TableViewPlugin
10:45:29.563 1697 [main] INFO  rapla.client.plugin - Installed plugin org.rapla.plugin.setowner.SetOwnerPlugin
10:45:29.563 1697 [main] INFO  rapla.client.plugin - Installed plugin org.rapla.plugin.rightsreport.RightsReportPlugin
10:45:29.564 1698 [main] INFO  rapla.client.plugin - Installed plugin org.rapla.plugin.periodcopy.PeriodCopyPlugin
10:45:29.564 1698 [main] INFO  rapla.client.plugin - Installed plugin org.rapla.plugin.notification.NotificationPlugin
10:45:29.564 1698 [main] INFO  rapla.client.plugin - Installed plugin org.rapla.plugin.monthview.MonthViewPlugin
10:45:29.564 1698 [main] INFO  rapla.client.plugin - Installed plugin org.rapla.plugin.mail.MailPlugin
10:45:29.565 1699 [main] INFO  rapla.client.plugin - Installed plugin org.rapla.plugin.jndi.JNDIPlugin
10:45:29.565 1699 [main] INFO  rapla.client.plugin - Installed plugin org.rapla.plugin.ical.ImportFromICalPlugin
10:45:29.565 1699 [main] INFO  rapla.client.plugin - Installed plugin org.rapla.plugin.export2ical.Export2iCalPlugin
10:45:29.566 1700 [main] INFO  rapla.client.plugin - Installed plugin org.rapla.plugin.eventtimecalculator.EventTimeCalculatorPlugin
10:45:29.566 1700 [main] INFO  rapla.client.plugin - Installed plugin org.rapla.plugin.defaultwizard.DefaultWizardPlugin
10:45:29.566 1700 [main] INFO  rapla.client.plugin - Installed plugin org.rapla.plugin.dayresource.DayResourceViewPlugin
10:45:29.567 1701 [main] INFO  rapla.client.plugin - Installed plugin org.rapla.plugin.compactweekview.CompactWeekViewPlugin
10:45:29.567 1701 [main] INFO  rapla.client.plugin - Installed plugin org.rapla.plugin.autoexport.AutoExportPlugin
10:45:29.567 1701 [main] INFO  rapla.client.plugin - Installed plugin org.rapla.plugin.archiver.ArchiverPlugin
10:45:29.567 1701 [main] INFO  rapla.client.plugin - Installed plugin org.rapla.plugin.appointmentcounter.AppointmentCounterPlugin
10:47:06.850 406  [main] INFO  org.eclipse.jetty.server.Server - jetty-8.1.16.v20140903
10:47:06.896 452  [main] INFO  o.e.j.d.p.ScanningAppProvider - Deployment monitor /Users/Jackson/git/CSE2102-Fall2015-Claxton-Jackson/rapla-source-1.8.2/contexts at interval 1
10:47:06.901 457  [main] INFO  o.e.jetty.deploy.DeploymentManager - Deployable added: /Users/Jackson/git/CSE2102-Fall2015-Claxton-Jackson/rapla-source-1.8.2/contexts/rapla-develop.xml
10:47:07.156 712  [main] INFO  rapla - Init RaplaServlet
10:47:07.158 714  [main] INFO  rapla - Passed JNDI Environment rapladatasource=raplafile env_rapladb=org.hsqldb.jdbc.JDBCDataSource@1921ad94 env_raplafile=/Users/Jackson/git/CSE2102-Fall2015-Claxton-Jackson/rapla-source-1.8.2/data/data.xml
10:47:07.171 727  [main] INFO  rapla - Logging via SLF4J API.
10:47:07.238 794  [main] INFO  rapla - Configured Locale= en_US
10:47:07.399 955  [main] INFO  rapla - Config=file:/Users/Jackson/git/CSE2102-Fall2015-Claxton-Jackson/rapla-source-1.8.2/war/WEB-INF/raplaserver.xconf
10:47:07.400 956  [main] INFO  rapla - Rapla.Version=@doc.version@
10:47:07.400 956  [main] INFO  rapla - Rapla.Build=@doc.buildtime@
10:47:07.400 956  [main] INFO  rapla - Timezone America/New_York
10:47:07.416 972  [main] INFO  rapla - Java.Version=1.8.0_20
10:47:07.474 1030 [main] INFO  rapla.server.serverfacade - Using rapladatasource raplafile
10:47:07.523 1079 [main] INFO  rapla.raplafile - Connecting: file:/Users/Jackson/git/CSE2102-Fall2015-Claxton-Jackson/rapla-source-1.8.2/data/data.xml
10:47:07.656 1212 [main] INFO  rapla.raplafile - Conflict initialization found 0 conflicts and took 6ms. 
10:47:07.660 1216 [main] INFO  rapla.server.plugin - Installed plugin org.rapla.plugin.weekview.server.WeekViewServerPlugin
10:47:07.661 1217 [main] INFO  rapla.server.plugin - Installed plugin org.rapla.plugin.urlencryption.server.UrlEncryptionServerPlugin
10:47:07.661 1217 [main] INFO  rapla.server.plugin - Installed plugin org.rapla.plugin.timeslot.server.TimeslotServerPlugin
10:47:07.662 1218 [main] INFO  rapla.server.plugin - Installed plugin org.rapla.plugin.tableview.internal.server.TableViewServerPlugin
10:47:07.662 1218 [main] INFO  rapla.server.plugin - Installed plugin org.rapla.plugin.notification.server.NotificationServerPlugin
10:47:07.663 1219 [main] INFO  rapla.server.plugin - Installed plugin org.rapla.plugin.monthview.server.MonthViewServerPlugin
10:47:07.663 1219 [main] INFO  rapla.server.plugin - Installed plugin org.rapla.plugin.mail.server.MailServerPlugin
10:47:07.664 1220 [main] INFO  rapla.server.plugin - Installed plugin org.rapla.plugin.jndi.server.JNDIServerPlugin
10:47:07.664 1220 [main] INFO  rapla.server.plugin - Installed plugin org.rapla.plugin.ical.server.ImportFromICalServerPlugin
10:47:07.664 1220 [main] INFO  rapla.server.plugin - Installed plugin org.rapla.plugin.export2ical.server.Export2iCalServerPlugin
10:47:07.665 1221 [main] INFO  rapla.server.plugin - Installed plugin org.rapla.plugin.eventtimecalculator.server.EventTimeCalculatorServerPlugin
10:47:07.665 1221 [main] INFO  rapla.server.plugin - Installed plugin org.rapla.plugin.dayresource.server.DayResourceViewServerPlugin
10:47:07.666 1222 [main] INFO  rapla.server.plugin - Installed plugin org.rapla.plugin.compactweekview.server.CompactWeekViewServerPlugin
10:47:07.666 1222 [main] INFO  rapla.server.plugin - Installed plugin org.rapla.plugin.autoexport.server.AutoExportServerPlugin
10:47:07.666 1222 [main] INFO  rapla.server.plugin - Installed plugin org.rapla.plugin.archiver.server.ArchiverServerPlugin
10:47:08.026 1582 [main] INFO  rapla - Rapla server started
10:47:08.042 1598 [main] INFO  rapla.client - Starting gui 
10:47:08.105 1661 [main] INFO  rapla.client.facade - Using rapladatasource remotestore
10:47:08.126 1682 [main] INFO  rapla.remotestore - Connecting to server and starting login..
10:47:08.129 1685 [main] INFO  rapla.remotestore - login successfull
10:47:08.134 1690 [main] INFO  rapla.client.facade - Login admin
10:47:08.143 1699 [main] INFO  rapla.client.plugin - Installed plugin org.rapla.plugin.weekview.WeekViewPlugin
10:47:08.143 1699 [main] INFO  rapla.client.plugin - Installed plugin org.rapla.plugin.urlencryption.UrlEncryptionPlugin
10:47:08.143 1699 [main] INFO  rapla.client.plugin - Installed plugin org.rapla.plugin.timeslot.TimeslotPlugin
10:47:08.144 1700 [main] INFO  rapla.client.plugin - Installed plugin org.rapla.plugin.tempatewizard.TempateWizardPlugin
10:47:08.144 1700 [main] INFO  rapla.client.plugin - Installed plugin org.rapla.plugin.tableview.internal.TableViewPlugin
10:47:08.144 1700 [main] INFO  rapla.client.plugin - Installed plugin org.rapla.plugin.setowner.SetOwnerPlugin
10:47:08.145 1701 [main] INFO  rapla.client.plugin - Installed plugin org.rapla.plugin.rightsreport.RightsReportPlugin
10:47:08.145 1701 [main] INFO  rapla.client.plugin - Installed plugin org.rapla.plugin.periodcopy.PeriodCopyPlugin
10:47:08.145 1701 [main] INFO  rapla.client.plugin - Installed plugin org.rapla.plugin.notification.NotificationPlugin
10:47:08.145 1701 [main] INFO  rapla.client.plugin - Installed plugin org.rapla.plugin.monthview.MonthViewPlugin
10:47:08.146 1702 [main] INFO  rapla.client.plugin - Installed plugin org.rapla.plugin.mail.MailPlugin
10:47:08.146 1702 [main] INFO  rapla.client.plugin - Installed plugin org.rapla.plugin.jndi.JNDIPlugin
10:47:08.146 1702 [main] INFO  rapla.client.plugin - Installed plugin org.rapla.plugin.ical.ImportFromICalPlugin
10:47:08.146 1702 [main] INFO  rapla.client.plugin - Installed plugin org.rapla.plugin.export2ical.Export2iCalPlugin
10:47:08.147 1703 [main] INFO  rapla.client.plugin - Installed plugin org.rapla.plugin.eventtimecalculator.EventTimeCalculatorPlugin
10:47:08.147 1703 [main] INFO  rapla.client.plugin - Installed plugin org.rapla.plugin.defaultwizard.DefaultWizardPlugin
10:47:08.148 1704 [main] INFO  rapla.client.plugin - Installed plugin org.rapla.plugin.dayresource.DayResourceViewPlugin
10:47:08.148 1704 [main] INFO  rapla.client.plugin - Installed plugin org.rapla.plugin.compactweekview.CompactWeekViewPlugin
10:47:08.148 1704 [main] INFO  rapla.client.plugin - Installed plugin org.rapla.plugin.autoexport.AutoExportPlugin
10:47:08.149 1705 [main] INFO  rapla.client.plugin - Installed plugin org.rapla.plugin.archiver.ArchiverPlugin
10:47:08.149 1705 [main] INFO  rapla.client.plugin - Installed plugin org.rapla.plugin.appointmentcounter.AppointmentCounterPlugin
10:50:52.466 326  [main] INFO  org.eclipse.jetty.server.Server - jetty-8.1.16.v20140903
10:50:52.513 373  [main] INFO  o.e.j.d.p.ScanningAppProvider - Deployment monitor /Users/Jackson/git/CSE2102-Fall2015-Claxton-Jackson/rapla-source-1.8.2/contexts at interval 1
10:50:52.517 377  [main] INFO  o.e.jetty.deploy.DeploymentManager - Deployable added: /Users/Jackson/git/CSE2102-Fall2015-Claxton-Jackson/rapla-source-1.8.2/contexts/rapla-develop.xml
10:50:52.734 594  [main] INFO  rapla - Init RaplaServlet
10:50:52.736 596  [main] INFO  rapla - Passed JNDI Environment rapladatasource=raplafile env_rapladb=org.hsqldb.jdbc.JDBCDataSource@7ce3cb8e env_raplafile=/Users/Jackson/git/CSE2102-Fall2015-Claxton-Jackson/rapla-source-1.8.2/data/data.xml
10:50:52.748 608  [main] INFO  rapla - Logging via SLF4J API.
10:50:52.805 665  [main] INFO  rapla - Configured Locale= en_US
10:50:52.954 814  [main] INFO  rapla - Config=file:/Users/Jackson/git/CSE2102-Fall2015-Claxton-Jackson/rapla-source-1.8.2/war/WEB-INF/raplaserver.xconf
10:50:52.954 814  [main] INFO  rapla - Rapla.Version=@doc.version@
10:50:52.954 814  [main] INFO  rapla - Rapla.Build=@doc.buildtime@
10:50:52.954 814  [main] INFO  rapla - Timezone America/New_York
10:50:52.968 828  [main] INFO  rapla - Java.Version=1.8.0_20
10:50:53.018 878  [main] INFO  rapla.server.serverfacade - Using rapladatasource raplafile
10:50:53.058 918  [main] INFO  rapla.raplafile - Connecting: file:/Users/Jackson/git/CSE2102-Fall2015-Claxton-Jackson/rapla-source-1.8.2/data/data.xml
10:50:53.176 1036 [main] INFO  rapla.raplafile - Conflict initialization found 0 conflicts and took 5ms. 
10:50:53.179 1039 [main] INFO  rapla.server.plugin - Installed plugin org.rapla.plugin.weekview.server.WeekViewServerPlugin
10:50:53.180 1040 [main] INFO  rapla.server.plugin - Installed plugin org.rapla.plugin.urlencryption.server.UrlEncryptionServerPlugin
10:50:53.180 1040 [main] INFO  rapla.server.plugin - Installed plugin org.rapla.plugin.timeslot.server.TimeslotServerPlugin
10:50:53.181 1041 [main] INFO  rapla.server.plugin - Installed plugin org.rapla.plugin.tableview.internal.server.TableViewServerPlugin
10:50:53.181 1041 [main] INFO  rapla.server.plugin - Installed plugin org.rapla.plugin.notification.server.NotificationServerPlugin
10:50:53.182 1042 [main] INFO  rapla.server.plugin - Installed plugin org.rapla.plugin.monthview.server.MonthViewServerPlugin
10:50:53.182 1042 [main] INFO  rapla.server.plugin - Installed plugin org.rapla.plugin.mail.server.MailServerPlugin
10:50:53.182 1042 [main] INFO  rapla.server.plugin - Installed plugin org.rapla.plugin.jndi.server.JNDIServerPlugin
10:50:53.183 1043 [main] INFO  rapla.server.plugin - Installed plugin org.rapla.plugin.ical.server.ImportFromICalServerPlugin
10:50:53.183 1043 [main] INFO  rapla.server.plugin - Installed plugin org.rapla.plugin.export2ical.server.Export2iCalServerPlugin
10:50:53.183 1043 [main] INFO  rapla.server.plugin - Installed plugin org.rapla.plugin.eventtimecalculator.server.EventTimeCalculatorServerPlugin
10:50:53.184 1044 [main] INFO  rapla.server.plugin - Installed plugin org.rapla.plugin.dayresource.server.DayResourceViewServerPlugin
10:50:53.184 1044 [main] INFO  rapla.server.plugin - Installed plugin org.rapla.plugin.compactweekview.server.CompactWeekViewServerPlugin
10:50:53.184 1044 [main] INFO  rapla.server.plugin - Installed plugin org.rapla.plugin.autoexport.server.AutoExportServerPlugin
10:50:53.185 1045 [main] INFO  rapla.server.plugin - Installed plugin org.rapla.plugin.archiver.server.ArchiverServerPlugin
10:50:53.485 1345 [main] INFO  rapla - Rapla server started
10:50:53.499 1359 [main] INFO  rapla.client - Starting gui 
10:50:53.554 1414 [main] INFO  rapla.client.facade - Using rapladatasource remotestore
10:50:53.573 1433 [main] INFO  rapla.remotestore - Connecting to server and starting login..
10:50:53.576 1436 [main] INFO  rapla.remotestore - login successfull
10:50:53.580 1440 [main] INFO  rapla.client.facade - Login admin
10:50:53.587 1447 [main] INFO  rapla.client.plugin - Installed plugin org.rapla.plugin.weekview.WeekViewPlugin
10:50:53.587 1447 [main] INFO  rapla.client.plugin - Installed plugin org.rapla.plugin.urlencryption.UrlEncryptionPlugin
10:50:53.587 1447 [main] INFO  rapla.client.plugin - Installed plugin org.rapla.plugin.timeslot.TimeslotPlugin
10:50:53.588 1448 [main] INFO  rapla.client.plugin - Installed plugin org.rapla.plugin.tempatewizard.TempateWizardPlugin
10:50:53.588 1448 [main] INFO  rapla.client.plugin - Installed plugin org.rapla.plugin.tableview.internal.TableViewPlugin
10:50:53.588 1448 [main] INFO  rapla.client.plugin - Installed plugin org.rapla.plugin.setowner.SetOwnerPlugin
10:50:53.588 1448 [main] INFO  rapla.client.plugin - Installed plugin org.rapla.plugin.rightsreport.RightsReportPlugin
10:50:53.589 1449 [main] INFO  rapla.client.plugin - Installed plugin org.rapla.plugin.periodcopy.PeriodCopyPlugin
10:50:53.589 1449 [main] INFO  rapla.client.plugin - Installed plugin org.rapla.plugin.notification.NotificationPlugin
10:50:53.589 1449 [main] INFO  rapla.client.plugin - Installed plugin org.rapla.plugin.monthview.MonthViewPlugin
10:50:53.590 1450 [main] INFO  rapla.client.plugin - Installed plugin org.rapla.plugin.mail.MailPlugin
10:50:53.590 1450 [main] INFO  rapla.client.plugin - Installed plugin org.rapla.plugin.jndi.JNDIPlugin
10:50:53.590 1450 [main] INFO  rapla.client.plugin - Installed plugin org.rapla.plugin.ical.ImportFromICalPlugin
10:50:53.590 1450 [main] INFO  rapla.client.plugin - Installed plugin org.rapla.plugin.export2ical.Export2iCalPlugin
10:50:53.591 1451 [main] INFO  rapla.client.plugin - Installed plugin org.rapla.plugin.eventtimecalculator.EventTimeCalculatorPlugin
10:50:53.591 1451 [main] INFO  rapla.client.plugin - Installed plugin org.rapla.plugin.defaultwizard.DefaultWizardPlugin
10:50:53.591 1451 [main] INFO  rapla.client.plugin - Installed plugin org.rapla.plugin.dayresource.DayResourceViewPlugin
10:50:53.591 1451 [main] INFO  rapla.client.plugin - Installed plugin org.rapla.plugin.compactweekview.CompactWeekViewPlugin
10:50:53.592 1452 [main] INFO  rapla.client.plugin - Installed plugin org.rapla.plugin.autoexport.AutoExportPlugin
10:50:53.592 1452 [main] INFO  rapla.client.plugin - Installed plugin org.rapla.plugin.archiver.ArchiverPlugin
10:50:53.592 1452 [main] INFO  rapla.client.plugin - Installed plugin org.rapla.plugin.appointmentcounter.AppointmentCounterPlugin
17:31:24.527 510  [main] INFO  org.eclipse.jetty.server.Server - jetty-8.1.16.v20140903
17:31:24.649 632  [main] INFO  o.e.j.d.p.ScanningAppProvider - Deployment monitor /Users/Jackson/git/CSE2102-Fall2015-Claxton-Jackson/rapla-source-1.8.2/contexts at interval 1
17:31:24.654 637  [main] INFO  o.e.jetty.deploy.DeploymentManager - Deployable added: /Users/Jackson/git/CSE2102-Fall2015-Claxton-Jackson/rapla-source-1.8.2/contexts/rapla-develop.xml
17:31:25.327 1310 [main] INFO  rapla - Init RaplaServlet
17:31:25.329 1312 [main] INFO  rapla - Passed JNDI Environment rapladatasource=raplafile env_rapladb=org.hsqldb.jdbc.JDBCDataSource@7ce3cb8e env_raplafile=/Users/Jackson/git/CSE2102-Fall2015-Claxton-Jackson/rapla-source-1.8.2/data/data.xml
17:31:25.369 1352 [main] INFO  rapla - Logging via SLF4J API.
17:31:25.879 1862 [main] INFO  rapla - Configured Locale= en_US
17:31:26.416 2399 [main] INFO  rapla - Config=file:/Users/Jackson/git/CSE2102-Fall2015-Claxton-Jackson/rapla-source-1.8.2/war/WEB-INF/raplaserver.xconf
17:31:26.416 2399 [main] INFO  rapla - Rapla.Version=@doc.version@
17:31:26.416 2399 [main] INFO  rapla - Rapla.Build=@doc.buildtime@
17:31:26.417 2400 [main] INFO  rapla - Timezone America/New_York
17:31:26.547 2530 [main] INFO  rapla - Java.Version=1.8.0_20
17:31:26.857 2840 [main] INFO  rapla.server.serverfacade - Using rapladatasource raplafile
17:31:27.279 3262 [main] INFO  rapla.raplafile - Connecting: file:/Users/Jackson/git/CSE2102-Fall2015-Claxton-Jackson/rapla-source-1.8.2/data/data.xml
17:31:28.329 4312 [main] INFO  rapla.raplafile - Conflict initialization found 0 conflicts and took 60ms. 
17:31:28.360 4343 [main] INFO  rapla.server.plugin - Installed plugin org.rapla.plugin.weekview.server.WeekViewServerPlugin
17:31:28.360 4343 [main] INFO  rapla.server.plugin - Installed plugin org.rapla.plugin.urlencryption.server.UrlEncryptionServerPlugin
17:31:28.361 4344 [main] INFO  rapla.server.plugin - Installed plugin org.rapla.plugin.timeslot.server.TimeslotServerPlugin
17:31:28.361 4344 [main] INFO  rapla.server.plugin - Installed plugin org.rapla.plugin.tableview.internal.server.TableViewServerPlugin
17:31:28.361 4344 [main] INFO  rapla.server.plugin - Installed plugin org.rapla.plugin.notification.server.NotificationServerPlugin
17:31:28.362 4345 [main] INFO  rapla.server.plugin - Installed plugin org.rapla.plugin.monthview.server.MonthViewServerPlugin
17:31:28.362 4345 [main] INFO  rapla.server.plugin - Installed plugin org.rapla.plugin.mail.server.MailServerPlugin
17:31:28.363 4346 [main] INFO  rapla.server.plugin - Installed plugin org.rapla.plugin.jndi.server.JNDIServerPlugin
17:31:28.363 4346 [main] INFO  rapla.server.plugin - Installed plugin org.rapla.plugin.ical.server.ImportFromICalServerPlugin
17:31:28.363 4346 [main] INFO  rapla.server.plugin - Installed plugin org.rapla.plugin.export2ical.server.Export2iCalServerPlugin
17:31:28.364 4347 [main] INFO  rapla.server.plugin - Installed plugin org.rapla.plugin.eventtimecalculator.server.EventTimeCalculatorServerPlugin
17:31:28.365 4348 [main] INFO  rapla.server.plugin - Installed plugin org.rapla.plugin.dayresource.server.DayResourceViewServerPlugin
17:31:28.365 4348 [main] INFO  rapla.server.plugin - Installed plugin org.rapla.plugin.compactweekview.server.CompactWeekViewServerPlugin
17:31:28.365 4348 [main] INFO  rapla.server.plugin - Installed plugin org.rapla.plugin.autoexport.server.AutoExportServerPlugin
17:31:28.366 4349 [main] INFO  rapla.server.plugin - Installed plugin org.rapla.plugin.archiver.server.ArchiverServerPlugin
17:31:28.985 4968 [main] INFO  rapla - Rapla server started
17:31:29.108 5091 [main] INFO  rapla.client - Starting gui 
17:31:29.698 5681 [main] INFO  rapla.client.facade - Using rapladatasource remotestore
17:31:29.823 5806 [main] INFO  rapla.remotestore - Connecting to server and starting login..
17:31:29.840 5823 [main] INFO  rapla.remotestore - login successfull
17:31:29.886 5869 [main] INFO  rapla.client.facade - Login admin
17:31:29.950 5933 [main] INFO  rapla.client.plugin - Installed plugin org.rapla.plugin.weekview.WeekViewPlugin
17:31:29.951 5934 [main] INFO  rapla.client.plugin - Installed plugin org.rapla.plugin.urlencryption.UrlEncryptionPlugin
17:31:29.951 5934 [main] INFO  rapla.client.plugin - Installed plugin org.rapla.plugin.timeslot.TimeslotPlugin
17:31:29.951 5934 [main] INFO  rapla.client.plugin - Installed plugin org.rapla.plugin.tempatewizard.TempateWizardPlugin
17:31:29.951 5934 [main] INFO  rapla.client.plugin - Installed plugin org.rapla.plugin.tableview.internal.TableViewPlugin
17:31:29.952 5935 [main] INFO  rapla.client.plugin - Installed plugin org.rapla.plugin.setowner.SetOwnerPlugin
17:31:29.952 5935 [main] INFO  rapla.client.plugin - Installed plugin org.rapla.plugin.rightsreport.RightsReportPlugin
17:31:29.953 5936 [main] INFO  rapla.client.plugin - Installed plugin org.rapla.plugin.periodcopy.PeriodCopyPlugin
17:31:29.953 5936 [main] INFO  rapla.client.plugin - Installed plugin org.rapla.plugin.notification.NotificationPlugin
17:31:29.953 5936 [main] INFO  rapla.client.plugin - Installed plugin org.rapla.plugin.monthview.MonthViewPlugin
17:31:29.954 5937 [main] INFO  rapla.client.plugin - Installed plugin org.rapla.plugin.mail.MailPlugin
17:31:29.954 5937 [main] INFO  rapla.client.plugin - Installed plugin org.rapla.plugin.jndi.JNDIPlugin
17:31:29.954 5937 [main] INFO  rapla.client.plugin - Installed plugin org.rapla.plugin.ical.ImportFromICalPlugin
17:31:29.954 5937 [main] INFO  rapla.client.plugin - Installed plugin org.rapla.plugin.export2ical.Export2iCalPlugin
17:31:29.955 5938 [main] INFO  rapla.client.plugin - Installed plugin org.rapla.plugin.eventtimecalculator.EventTimeCalculatorPlugin
17:31:29.955 5938 [main] INFO  rapla.client.plugin - Installed plugin org.rapla.plugin.defaultwizard.DefaultWizardPlugin
17:31:29.955 5938 [main] INFO  rapla.client.plugin - Installed plugin org.rapla.plugin.dayresource.DayResourceViewPlugin
17:31:29.955 5938 [main] INFO  rapla.client.plugin - Installed plugin org.rapla.plugin.compactweekview.CompactWeekViewPlugin
17:31:29.956 5939 [main] INFO  rapla.client.plugin - Installed plugin org.rapla.plugin.autoexport.AutoExportPlugin
17:31:29.956 5939 [main] INFO  rapla.client.plugin - Installed plugin org.rapla.plugin.archiver.ArchiverPlugin
17:31:29.956 5939 [main] INFO  rapla.client.plugin - Installed plugin org.rapla.plugin.appointmentcounter.AppointmentCounterPlugin
17:31:59.858 35841 [AWT-EventQueue-0] INFO  rapla.server.session - Dispatching change for user admin
17:32:00.068 36051 [AWT-EventQueue-0] INFO  rapla.server.session - Change for user admin dispatched.
21:11:59.034 13235017 [AWT-EventQueue-0] INFO  rapla.server.session - Dispatching change for user admin
21:11:59.075 13235058 [AWT-EventQueue-0] INFO  rapla.server.session - Change for user admin dispatched.
21:12:05.940 13241923 [AWT-EventQueue-0] INFO  rapla.server.session - Dispatching change for user admin
21:12:05.950 13241933 [AWT-EventQueue-0] INFO  rapla.server.session - Change for user admin dispatched.
