20:49:05.032 473  [main] INFO  org.eclipse.jetty.server.Server - jetty-8.1.16.v20140903
20:49:05.100 541  [main] INFO  o.e.j.d.p.ScanningAppProvider - Deployment monitor C:\Users\Adam\git\CSE2102-Fall2015-Claxton-Jackson\rapla-source-1.8.2\contexts at interval 1
20:49:05.107 548  [main] INFO  o.e.jetty.deploy.DeploymentManager - Deployable added: C:\Users\Adam\git\CSE2102-Fall2015-Claxton-Jackson\rapla-source-1.8.2\contexts\rapla-develop.xml
20:49:05.442 883  [main] INFO  rapla - Init RaplaServlet
20:49:05.444 885  [main] INFO  rapla - Passed JNDI Environment rapladatasource=raplafile env_rapladb=org.hsqldb.jdbc.JDBCDataSource@550a1967 env_raplafile=C:\Users\Adam\git\CSE2102-Fall2015-Claxton-Jackson\rapla-source-1.8.2/data/data.xml
20:49:05.453 894  [main] INFO  rapla - Logging via SLF4J API.
20:49:05.499 940  [main] INFO  rapla - Configured Locale= en_US
20:49:05.664 1105 [main] INFO  rapla - Config=file:/C:/Users/Adam/git/CSE2102-Fall2015-Claxton-Jackson/rapla-source-1.8.2/war/WEB-INF/raplaserver.xconf
20:49:05.665 1106 [main] INFO  rapla - Rapla.Version=@doc.version@
20:49:05.665 1106 [main] INFO  rapla - Rapla.Build=@doc.buildtime@
20:49:05.666 1107 [main] INFO  rapla - Timezone America/New_York
20:49:05.676 1117 [main] INFO  rapla - Java.Version=1.8.0_65
20:49:05.757 1198 [main] INFO  rapla.server.serverfacade - Using rapladatasource raplafile
20:49:05.788 1229 [main] INFO  rapla.raplafile - Connecting: file:/C:/Users/Adam/git/CSE2102-Fall2015-Claxton-Jackson/rapla-source-1.8.2/data/data.xml
20:49:05.985 1426 [main] INFO  rapla.raplafile - Conflict initialization found 0 conflicts and took 38ms. 
20:49:05.990 1431 [main] INFO  rapla.server.plugin - Installed plugin org.rapla.plugin.weekview.server.WeekViewServerPlugin
20:49:05.990 1431 [main] INFO  rapla.server.plugin - Installed plugin org.rapla.plugin.urlencryption.server.UrlEncryptionServerPlugin
20:49:05.991 1432 [main] INFO  rapla.server.plugin - Installed plugin org.rapla.plugin.timeslot.server.TimeslotServerPlugin
20:49:05.991 1432 [main] INFO  rapla.server.plugin - Installed plugin org.rapla.plugin.tableview.internal.server.TableViewServerPlugin
20:49:05.992 1433 [main] INFO  rapla.server.plugin - Installed plugin org.rapla.plugin.notification.server.NotificationServerPlugin
20:49:05.992 1433 [main] INFO  rapla.server.plugin - Installed plugin org.rapla.plugin.monthview.server.MonthViewServerPlugin
20:49:05.993 1434 [main] INFO  rapla.server.plugin - Installed plugin org.rapla.plugin.mail.server.MailServerPlugin
20:49:05.993 1434 [main] INFO  rapla.server.plugin - Installed plugin org.rapla.plugin.jndi.server.JNDIServerPlugin
20:49:05.994 1435 [main] INFO  rapla.server.plugin - Installed plugin org.rapla.plugin.ical.server.ImportFromICalServerPlugin
20:49:05.994 1435 [main] INFO  rapla.server.plugin - Installed plugin org.rapla.plugin.export2ical.server.Export2iCalServerPlugin
20:49:05.995 1436 [main] INFO  rapla.server.plugin - Installed plugin org.rapla.plugin.eventtimecalculator.server.EventTimeCalculatorServerPlugin
20:49:05.995 1436 [main] INFO  rapla.server.plugin - Installed plugin org.rapla.plugin.dayresource.server.DayResourceViewServerPlugin
20:49:05.996 1437 [main] INFO  rapla.server.plugin - Installed plugin org.rapla.plugin.compactweekview.server.CompactWeekViewServerPlugin
20:49:05.996 1437 [main] INFO  rapla.server.plugin - Installed plugin org.rapla.plugin.autoexport.server.AutoExportServerPlugin
20:49:05.997 1438 [main] INFO  rapla.server.plugin - Installed plugin org.rapla.plugin.archiver.server.ArchiverServerPlugin
20:49:06.379 1820 [main] INFO  rapla - Rapla server started
20:49:06.404 1845 [main] INFO  rapla.client - Starting gui 
20:49:06.447 1888 [main] INFO  rapla.client.facade - Using rapladatasource remotestore
20:49:06.466 1907 [main] INFO  rapla.remotestore - Connecting to server and starting login..
20:49:06.468 1909 [main] INFO  rapla.remotestore - login successfull
20:49:06.481 1922 [main] INFO  rapla.client.facade - Login admin
20:49:06.497 1938 [main] INFO  rapla.client.plugin - Installed plugin org.rapla.plugin.weekview.WeekViewPlugin
20:49:06.497 1938 [main] INFO  rapla.client.plugin - Installed plugin org.rapla.plugin.urlencryption.UrlEncryptionPlugin
20:49:06.498 1939 [main] INFO  rapla.client.plugin - Installed plugin org.rapla.plugin.timeslot.TimeslotPlugin
20:49:06.498 1939 [main] INFO  rapla.client.plugin - Installed plugin org.rapla.plugin.tempatewizard.TempateWizardPlugin
20:49:06.498 1939 [main] INFO  rapla.client.plugin - Installed plugin org.rapla.plugin.tableview.internal.TableViewPlugin
20:49:06.499 1940 [main] INFO  rapla.client.plugin - Installed plugin org.rapla.plugin.setowner.SetOwnerPlugin
20:49:06.499 1940 [main] INFO  rapla.client.plugin - Installed plugin org.rapla.plugin.rightsreport.RightsReportPlugin
20:49:06.499 1940 [main] INFO  rapla.client.plugin - Installed plugin org.rapla.plugin.periodcopy.PeriodCopyPlugin
20:49:06.500 1941 [main] INFO  rapla.client.plugin - Installed plugin org.rapla.plugin.notification.NotificationPlugin
20:49:06.500 1941 [main] INFO  rapla.client.plugin - Installed plugin org.rapla.plugin.monthview.MonthViewPlugin
20:49:06.501 1942 [main] INFO  rapla.client.plugin - Installed plugin org.rapla.plugin.mail.MailPlugin
20:49:06.501 1942 [main] INFO  rapla.client.plugin - Installed plugin org.rapla.plugin.jndi.JNDIPlugin
20:49:06.502 1943 [main] INFO  rapla.client.plugin - Installed plugin org.rapla.plugin.ical.ImportFromICalPlugin
20:49:06.502 1943 [main] INFO  rapla.client.plugin - Installed plugin org.rapla.plugin.export2ical.Export2iCalPlugin
20:49:06.502 1943 [main] INFO  rapla.client.plugin - Installed plugin org.rapla.plugin.eventtimecalculator.EventTimeCalculatorPlugin
20:49:06.504 1945 [main] INFO  rapla.client.plugin - Installed plugin org.rapla.plugin.defaultwizard.DefaultWizardPlugin
20:49:06.504 1945 [main] INFO  rapla.client.plugin - Installed plugin org.rapla.plugin.dayresource.DayResourceViewPlugin
20:49:06.504 1945 [main] INFO  rapla.client.plugin - Installed plugin org.rapla.plugin.compactweekview.CompactWeekViewPlugin
20:49:06.504 1945 [main] INFO  rapla.client.plugin - Installed plugin org.rapla.plugin.autoexport.AutoExportPlugin
20:49:06.505 1946 [main] INFO  rapla.client.plugin - Installed plugin org.rapla.plugin.archiver.ArchiverPlugin
20:49:06.505 1946 [main] INFO  rapla.client.plugin - Installed plugin org.rapla.plugin.appointmentcounter.AppointmentCounterPlugin
20:53:05.957 241398 [AWT-EventQueue-0] INFO  rapla.client.facade - Logout u405db03-812f-4ff7-b52c-5423a7951cf4
20:53:05.958 241399 [AWT-EventQueue-0] INFO  rapla.remotestore - Disconnecting from server
20:53:05.959 241400 [AWT-EventQueue-0] INFO  rapla.server.session.login - Request Logout admin
20:53:05.963 241404 [main] INFO  rapla - Shutting down rapla-container
20:53:05.964 241405 [main] INFO  rapla - Stopping scheduler thread.
20:53:05.966 241407 [main] WARN  rapla - Interrupted active task java.util.concurrent.ScheduledThreadPoolExecutor$ScheduledFutureTask@1ded7b14
20:53:05.971 241412 [main] INFO  rapla - Stopped scheduler thread.
20:53:06.022 241463 [main] INFO  rapla.raplafile - Disconnecting: file:/C:/Users/Adam/git/CSE2102-Fall2015-Claxton-Jackson/rapla-source-1.8.2/data/data.xml
20:53:06.023 241464 [main] INFO  rapla.server - Storage service stopped
20:53:06.178 241619 [main] INFO  o.e.j.server.handler.ContextHandler - stopped o.e.j.w.WebAppContext{/,[file:/C:/Users/Adam/git/CSE2102-Fall2015-Claxton-Jackson/rapla-source-1.8.2/war/]}
21:04:00.274 392  [main] INFO  org.eclipse.jetty.server.Server - jetty-8.1.16.v20140903
21:04:00.333 451  [main] INFO  o.e.j.d.p.ScanningAppProvider - Deployment monitor C:\Users\Adam\git\CSE2102-Fall2015-Claxton-Jackson\rapla-source-1.8.2\contexts at interval 1
21:04:00.339 457  [main] INFO  o.e.jetty.deploy.DeploymentManager - Deployable added: C:\Users\Adam\git\CSE2102-Fall2015-Claxton-Jackson\rapla-source-1.8.2\contexts\rapla-develop.xml
21:04:00.618 736  [main] INFO  rapla - Init RaplaServlet
21:04:00.620 738  [main] INFO  rapla - Passed JNDI Environment rapladatasource=raplafile env_rapladb=org.hsqldb.jdbc.JDBCDataSource@34b7ac2f env_raplafile=C:\Users\Adam\git\CSE2102-Fall2015-Claxton-Jackson\rapla-source-1.8.2/data/data.xml
21:04:00.628 746  [main] INFO  rapla - Logging via SLF4J API.
21:04:00.666 784  [main] INFO  rapla - Configured Locale= en_US
21:04:00.830 948  [main] INFO  rapla - Config=file:/C:/Users/Adam/git/CSE2102-Fall2015-Claxton-Jackson/rapla-source-1.8.2/war/WEB-INF/raplaserver.xconf
21:04:00.831 949  [main] INFO  rapla - Rapla.Version=@doc.version@
21:04:00.831 949  [main] INFO  rapla - Rapla.Build=@doc.buildtime@
21:04:00.832 950  [main] INFO  rapla - Timezone America/New_York
21:04:00.842 960  [main] INFO  rapla - Java.Version=1.8.0_65
21:04:00.918 1036 [main] INFO  rapla.server.serverfacade - Using rapladatasource raplafile
21:04:00.947 1065 [main] INFO  rapla.raplafile - Connecting: file:/C:/Users/Adam/git/CSE2102-Fall2015-Claxton-Jackson/rapla-source-1.8.2/data/data.xml
21:04:01.111 1229 [main] INFO  rapla.raplafile - Conflict initialization found 0 conflicts and took 29ms. 
21:04:01.115 1233 [main] INFO  rapla.server.plugin - Installed plugin org.rapla.plugin.weekview.server.WeekViewServerPlugin
21:04:01.115 1233 [main] INFO  rapla.server.plugin - Installed plugin org.rapla.plugin.urlencryption.server.UrlEncryptionServerPlugin
21:04:01.116 1234 [main] INFO  rapla.server.plugin - Installed plugin org.rapla.plugin.timeslot.server.TimeslotServerPlugin
21:04:01.116 1234 [main] INFO  rapla.server.plugin - Installed plugin org.rapla.plugin.tableview.internal.server.TableViewServerPlugin
21:04:01.117 1235 [main] INFO  rapla.server.plugin - Installed plugin org.rapla.plugin.notification.server.NotificationServerPlugin
21:04:01.117 1235 [main] INFO  rapla.server.plugin - Installed plugin org.rapla.plugin.monthview.server.MonthViewServerPlugin
21:04:01.118 1236 [main] INFO  rapla.server.plugin - Installed plugin org.rapla.plugin.mail.server.MailServerPlugin
21:04:01.118 1236 [main] INFO  rapla.server.plugin - Installed plugin org.rapla.plugin.jndi.server.JNDIServerPlugin
21:04:01.119 1237 [main] INFO  rapla.server.plugin - Installed plugin org.rapla.plugin.ical.server.ImportFromICalServerPlugin
21:04:01.119 1237 [main] INFO  rapla.server.plugin - Installed plugin org.rapla.plugin.export2ical.server.Export2iCalServerPlugin
21:04:01.120 1238 [main] INFO  rapla.server.plugin - Installed plugin org.rapla.plugin.eventtimecalculator.server.EventTimeCalculatorServerPlugin
21:04:01.120 1238 [main] INFO  rapla.server.plugin - Installed plugin org.rapla.plugin.dayresource.server.DayResourceViewServerPlugin
21:04:01.121 1239 [main] INFO  rapla.server.plugin - Installed plugin org.rapla.plugin.compactweekview.server.CompactWeekViewServerPlugin
21:04:01.121 1239 [main] INFO  rapla.server.plugin - Installed plugin org.rapla.plugin.autoexport.server.AutoExportServerPlugin
21:04:01.122 1240 [main] INFO  rapla.server.plugin - Installed plugin org.rapla.plugin.archiver.server.ArchiverServerPlugin
21:04:01.457 1575 [main] INFO  rapla - Rapla server started
21:04:01.479 1597 [main] INFO  rapla.client - Starting gui 
21:04:01.519 1637 [main] INFO  rapla.client.facade - Using rapladatasource remotestore
21:04:01.537 1655 [main] INFO  rapla.remotestore - Connecting to server and starting login..
21:04:01.539 1657 [main] INFO  rapla.remotestore - login successfull
21:04:01.543 1661 [main] INFO  rapla.client.facade - Login admin
21:04:01.548 1666 [main] INFO  rapla.client.plugin - Installed plugin org.rapla.plugin.weekview.WeekViewPlugin
21:04:01.549 1667 [main] INFO  rapla.client.plugin - Installed plugin org.rapla.plugin.urlencryption.UrlEncryptionPlugin
21:04:01.549 1667 [main] INFO  rapla.client.plugin - Installed plugin org.rapla.plugin.timeslot.TimeslotPlugin
21:04:01.549 1667 [main] INFO  rapla.client.plugin - Installed plugin org.rapla.plugin.tempatewizard.TempateWizardPlugin
21:04:01.549 1667 [main] INFO  rapla.client.plugin - Installed plugin org.rapla.plugin.tableview.internal.TableViewPlugin
21:04:01.550 1668 [main] INFO  rapla.client.plugin - Installed plugin org.rapla.plugin.setowner.SetOwnerPlugin
21:04:01.550 1668 [main] INFO  rapla.client.plugin - Installed plugin org.rapla.plugin.rightsreport.RightsReportPlugin
21:04:01.550 1668 [main] INFO  rapla.client.plugin - Installed plugin org.rapla.plugin.periodcopy.PeriodCopyPlugin
21:04:01.551 1669 [main] INFO  rapla.client.plugin - Installed plugin org.rapla.plugin.notification.NotificationPlugin
21:04:01.551 1669 [main] INFO  rapla.client.plugin - Installed plugin org.rapla.plugin.monthview.MonthViewPlugin
21:04:01.551 1669 [main] INFO  rapla.client.plugin - Installed plugin org.rapla.plugin.mail.MailPlugin
21:04:01.552 1670 [main] INFO  rapla.client.plugin - Installed plugin org.rapla.plugin.jndi.JNDIPlugin
21:04:01.552 1670 [main] INFO  rapla.client.plugin - Installed plugin org.rapla.plugin.ical.ImportFromICalPlugin
21:04:01.552 1670 [main] INFO  rapla.client.plugin - Installed plugin org.rapla.plugin.export2ical.Export2iCalPlugin
21:04:01.552 1670 [main] INFO  rapla.client.plugin - Installed plugin org.rapla.plugin.eventtimecalculator.EventTimeCalculatorPlugin
21:04:01.553 1671 [main] INFO  rapla.client.plugin - Installed plugin org.rapla.plugin.defaultwizard.DefaultWizardPlugin
21:04:01.553 1671 [main] INFO  rapla.client.plugin - Installed plugin org.rapla.plugin.dayresource.DayResourceViewPlugin
21:04:01.553 1671 [main] INFO  rapla.client.plugin - Installed plugin org.rapla.plugin.compactweekview.CompactWeekViewPlugin
21:04:01.554 1672 [main] INFO  rapla.client.plugin - Installed plugin org.rapla.plugin.autoexport.AutoExportPlugin
21:04:01.554 1672 [main] INFO  rapla.client.plugin - Installed plugin org.rapla.plugin.archiver.ArchiverPlugin
21:04:01.554 1672 [main] INFO  rapla.client.plugin - Installed plugin org.rapla.plugin.appointmentcounter.AppointmentCounterPlugin
21:04:33.086 33204 [AWT-EventQueue-0] INFO  rapla.client.facade - Logout u405db03-812f-4ff7-b52c-5423a7951cf4
21:04:33.087 33205 [AWT-EventQueue-0] INFO  rapla.remotestore - Disconnecting from server
21:04:33.088 33206 [AWT-EventQueue-0] INFO  rapla.server.session.login - Request Logout admin
21:04:33.092 33210 [main] INFO  rapla - Shutting down rapla-container
21:04:33.092 33210 [main] INFO  rapla - Stopping scheduler thread.
21:04:33.093 33211 [main] INFO  rapla - Stopped scheduler thread.
21:04:33.143 33261 [main] INFO  rapla.raplafile - Disconnecting: file:/C:/Users/Adam/git/CSE2102-Fall2015-Claxton-Jackson/rapla-source-1.8.2/data/data.xml
21:04:33.146 33264 [main] INFO  rapla.server - Storage service stopped
21:04:33.235 33353 [main] INFO  o.e.j.server.handler.ContextHandler - stopped o.e.j.w.WebAppContext{/,[file:/C:/Users/Adam/git/CSE2102-Fall2015-Claxton-Jackson/rapla-source-1.8.2/war/]}
21:08:09.311 422  [main] INFO  org.eclipse.jetty.server.Server - jetty-8.1.16.v20140903
21:08:09.369 480  [main] INFO  o.e.j.d.p.ScanningAppProvider - Deployment monitor C:\Users\Adam\git\CSE2102-Fall2015-Claxton-Jackson\rapla-source-1.8.2\contexts at interval 1
21:08:09.375 486  [main] INFO  o.e.jetty.deploy.DeploymentManager - Deployable added: C:\Users\Adam\git\CSE2102-Fall2015-Claxton-Jackson\rapla-source-1.8.2\contexts\rapla-develop.xml
21:08:09.654 765  [main] INFO  rapla - Init RaplaServlet
21:08:09.656 767  [main] INFO  rapla - Passed JNDI Environment rapladatasource=raplafile env_rapladb=org.hsqldb.jdbc.JDBCDataSource@34b7ac2f env_raplafile=C:\Users\Adam\git\CSE2102-Fall2015-Claxton-Jackson\rapla-source-1.8.2/data/data.xml
21:08:09.664 775  [main] INFO  rapla - Logging via SLF4J API.
21:08:09.701 812  [main] INFO  rapla - Configured Locale= en_US
21:08:09.858 969  [main] INFO  rapla - Config=file:/C:/Users/Adam/git/CSE2102-Fall2015-Claxton-Jackson/rapla-source-1.8.2/war/WEB-INF/raplaserver.xconf
21:08:09.858 969  [main] INFO  rapla - Rapla.Version=@doc.version@
21:08:09.858 969  [main] INFO  rapla - Rapla.Build=@doc.buildtime@
21:08:09.859 970  [main] INFO  rapla - Timezone America/New_York
21:08:09.867 978  [main] INFO  rapla - Java.Version=1.8.0_65
21:08:09.948 1059 [main] INFO  rapla.server.serverfacade - Using rapladatasource raplafile
21:08:09.975 1086 [main] INFO  rapla.raplafile - Connecting: file:/C:/Users/Adam/git/CSE2102-Fall2015-Claxton-Jackson/rapla-source-1.8.2/data/data.xml
21:08:10.147 1258 [main] INFO  rapla.raplafile - Conflict initialization found 0 conflicts and took 35ms. 
21:08:10.152 1263 [main] INFO  rapla.server.plugin - Installed plugin org.rapla.plugin.weekview.server.WeekViewServerPlugin
21:08:10.152 1263 [main] INFO  rapla.server.plugin - Installed plugin org.rapla.plugin.urlencryption.server.UrlEncryptionServerPlugin
21:08:10.153 1264 [main] INFO  rapla.server.plugin - Installed plugin org.rapla.plugin.timeslot.server.TimeslotServerPlugin
21:08:10.153 1264 [main] INFO  rapla.server.plugin - Installed plugin org.rapla.plugin.tableview.internal.server.TableViewServerPlugin
21:08:10.154 1265 [main] INFO  rapla.server.plugin - Installed plugin org.rapla.plugin.notification.server.NotificationServerPlugin
21:08:10.154 1265 [main] INFO  rapla.server.plugin - Installed plugin org.rapla.plugin.monthview.server.MonthViewServerPlugin
21:08:10.155 1266 [main] INFO  rapla.server.plugin - Installed plugin org.rapla.plugin.mail.server.MailServerPlugin
21:08:10.155 1266 [main] INFO  rapla.server.plugin - Installed plugin org.rapla.plugin.jndi.server.JNDIServerPlugin
21:08:10.156 1267 [main] INFO  rapla.server.plugin - Installed plugin org.rapla.plugin.ical.server.ImportFromICalServerPlugin
21:08:10.156 1267 [main] INFO  rapla.server.plugin - Installed plugin org.rapla.plugin.export2ical.server.Export2iCalServerPlugin
21:08:10.157 1268 [main] INFO  rapla.server.plugin - Installed plugin org.rapla.plugin.eventtimecalculator.server.EventTimeCalculatorServerPlugin
21:08:10.157 1268 [main] INFO  rapla.server.plugin - Installed plugin org.rapla.plugin.dayresource.server.DayResourceViewServerPlugin
21:08:10.157 1268 [main] INFO  rapla.server.plugin - Installed plugin org.rapla.plugin.compactweekview.server.CompactWeekViewServerPlugin
21:08:10.158 1269 [main] INFO  rapla.server.plugin - Installed plugin org.rapla.plugin.autoexport.server.AutoExportServerPlugin
21:08:10.159 1270 [main] INFO  rapla.server.plugin - Installed plugin org.rapla.plugin.archiver.server.ArchiverServerPlugin
21:08:10.445 1556 [main] INFO  rapla - Rapla server started
21:08:10.465 1576 [main] INFO  rapla.client - Starting gui 
21:08:10.503 1614 [main] INFO  rapla.client.facade - Using rapladatasource remotestore
21:08:10.521 1632 [main] INFO  rapla.remotestore - Connecting to server and starting login..
21:08:10.523 1634 [main] INFO  rapla.remotestore - login successfull
21:08:10.531 1642 [main] INFO  rapla.client.facade - Login admin
21:08:10.536 1647 [main] INFO  rapla.client.plugin - Installed plugin org.rapla.plugin.weekview.WeekViewPlugin
21:08:10.537 1648 [main] INFO  rapla.client.plugin - Installed plugin org.rapla.plugin.urlencryption.UrlEncryptionPlugin
21:08:10.537 1648 [main] INFO  rapla.client.plugin - Installed plugin org.rapla.plugin.timeslot.TimeslotPlugin
21:08:10.537 1648 [main] INFO  rapla.client.plugin - Installed plugin org.rapla.plugin.tempatewizard.TempateWizardPlugin
21:08:10.538 1649 [main] INFO  rapla.client.plugin - Installed plugin org.rapla.plugin.tableview.internal.TableViewPlugin
21:08:10.538 1649 [main] INFO  rapla.client.plugin - Installed plugin org.rapla.plugin.setowner.SetOwnerPlugin
21:08:10.538 1649 [main] INFO  rapla.client.plugin - Installed plugin org.rapla.plugin.rightsreport.RightsReportPlugin
21:08:10.538 1649 [main] INFO  rapla.client.plugin - Installed plugin org.rapla.plugin.periodcopy.PeriodCopyPlugin
21:08:10.539 1650 [main] INFO  rapla.client.plugin - Installed plugin org.rapla.plugin.notification.NotificationPlugin
21:08:10.539 1650 [main] INFO  rapla.client.plugin - Installed plugin org.rapla.plugin.monthview.MonthViewPlugin
21:08:10.539 1650 [main] INFO  rapla.client.plugin - Installed plugin org.rapla.plugin.mail.MailPlugin
21:08:10.540 1651 [main] INFO  rapla.client.plugin - Installed plugin org.rapla.plugin.jndi.JNDIPlugin
21:08:10.540 1651 [main] INFO  rapla.client.plugin - Installed plugin org.rapla.plugin.ical.ImportFromICalPlugin
21:08:10.540 1651 [main] INFO  rapla.client.plugin - Installed plugin org.rapla.plugin.export2ical.Export2iCalPlugin
21:08:10.540 1651 [main] INFO  rapla.client.plugin - Installed plugin org.rapla.plugin.eventtimecalculator.EventTimeCalculatorPlugin
21:08:10.541 1652 [main] INFO  rapla.client.plugin - Installed plugin org.rapla.plugin.defaultwizard.DefaultWizardPlugin
21:08:10.541 1652 [main] INFO  rapla.client.plugin - Installed plugin org.rapla.plugin.dayresource.DayResourceViewPlugin
21:08:10.541 1652 [main] INFO  rapla.client.plugin - Installed plugin org.rapla.plugin.compactweekview.CompactWeekViewPlugin
21:08:10.542 1653 [main] INFO  rapla.client.plugin - Installed plugin org.rapla.plugin.autoexport.AutoExportPlugin
21:08:10.543 1654 [main] INFO  rapla.client.plugin - Installed plugin org.rapla.plugin.archiver.ArchiverPlugin
21:08:10.543 1654 [main] INFO  rapla.client.plugin - Installed plugin org.rapla.plugin.appointmentcounter.AppointmentCounterPlugin
21:08:23.058 14169 [AWT-EventQueue-0] INFO  rapla.client.facade - Logout u405db03-812f-4ff7-b52c-5423a7951cf4
21:08:23.059 14170 [AWT-EventQueue-0] INFO  rapla.remotestore - Disconnecting from server
21:08:23.059 14170 [AWT-EventQueue-0] INFO  rapla.server.session.login - Request Logout admin
21:08:23.064 14175 [main] INFO  rapla - Shutting down rapla-container
21:08:23.064 14175 [main] INFO  rapla - Stopping scheduler thread.
21:08:23.065 14176 [main] INFO  rapla - Stopped scheduler thread.
21:08:23.115 14226 [main] INFO  rapla.raplafile - Disconnecting: file:/C:/Users/Adam/git/CSE2102-Fall2015-Claxton-Jackson/rapla-source-1.8.2/data/data.xml
21:08:23.115 14226 [main] INFO  rapla.server - Storage service stopped
21:08:23.175 14286 [main] INFO  o.e.j.server.handler.ContextHandler - stopped o.e.j.w.WebAppContext{/,[file:/C:/Users/Adam/git/CSE2102-Fall2015-Claxton-Jackson/rapla-source-1.8.2/war/]}
21:08:39.561 460  [main] INFO  org.eclipse.jetty.server.Server - jetty-8.1.16.v20140903
21:08:39.638 537  [main] INFO  o.e.j.d.p.ScanningAppProvider - Deployment monitor C:\Users\Adam\git\CSE2102-Fall2015-Claxton-Jackson\rapla-source-1.8.2\contexts at interval 1
21:08:39.644 543  [main] INFO  o.e.jetty.deploy.DeploymentManager - Deployable added: C:\Users\Adam\git\CSE2102-Fall2015-Claxton-Jackson\rapla-source-1.8.2\contexts\rapla-develop.xml
21:08:39.923 822  [main] INFO  rapla - Init RaplaServlet
21:08:39.925 824  [main] INFO  rapla - Passed JNDI Environment rapladatasource=raplafile env_rapladb=org.hsqldb.jdbc.JDBCDataSource@34b7ac2f env_raplafile=C:\Users\Adam\git\CSE2102-Fall2015-Claxton-Jackson\rapla-source-1.8.2/data/data.xml
21:08:39.933 832  [main] INFO  rapla - Logging via SLF4J API.
21:08:39.970 869  [main] INFO  rapla - Configured Locale= en_US
21:08:40.128 1027 [main] INFO  rapla - Config=file:/C:/Users/Adam/git/CSE2102-Fall2015-Claxton-Jackson/rapla-source-1.8.2/war/WEB-INF/raplaserver.xconf
21:08:40.128 1027 [main] INFO  rapla - Rapla.Version=@doc.version@
21:08:40.129 1028 [main] INFO  rapla - Rapla.Build=@doc.buildtime@
21:08:40.129 1028 [main] INFO  rapla - Timezone America/New_York
21:08:40.137 1036 [main] INFO  rapla - Java.Version=1.8.0_65
21:08:40.216 1115 [main] INFO  rapla.server.serverfacade - Using rapladatasource raplafile
21:08:40.243 1142 [main] INFO  rapla.raplafile - Connecting: file:/C:/Users/Adam/git/CSE2102-Fall2015-Claxton-Jackson/rapla-source-1.8.2/data/data.xml
21:08:40.410 1309 [main] INFO  rapla.raplafile - Conflict initialization found 0 conflicts and took 30ms. 
21:08:40.414 1313 [main] INFO  rapla.server.plugin - Installed plugin org.rapla.plugin.weekview.server.WeekViewServerPlugin
21:08:40.415 1314 [main] INFO  rapla.server.plugin - Installed plugin org.rapla.plugin.urlencryption.server.UrlEncryptionServerPlugin
21:08:40.415 1314 [main] INFO  rapla.server.plugin - Installed plugin org.rapla.plugin.timeslot.server.TimeslotServerPlugin
21:08:40.416 1315 [main] INFO  rapla.server.plugin - Installed plugin org.rapla.plugin.tableview.internal.server.TableViewServerPlugin
21:08:40.417 1316 [main] INFO  rapla.server.plugin - Installed plugin org.rapla.plugin.notification.server.NotificationServerPlugin
21:08:40.417 1316 [main] INFO  rapla.server.plugin - Installed plugin org.rapla.plugin.monthview.server.MonthViewServerPlugin
21:08:40.418 1317 [main] INFO  rapla.server.plugin - Installed plugin org.rapla.plugin.mail.server.MailServerPlugin
21:08:40.418 1317 [main] INFO  rapla.server.plugin - Installed plugin org.rapla.plugin.jndi.server.JNDIServerPlugin
21:08:40.418 1317 [main] INFO  rapla.server.plugin - Installed plugin org.rapla.plugin.ical.server.ImportFromICalServerPlugin
21:08:40.419 1318 [main] INFO  rapla.server.plugin - Installed plugin org.rapla.plugin.export2ical.server.Export2iCalServerPlugin
21:08:40.419 1318 [main] INFO  rapla.server.plugin - Installed plugin org.rapla.plugin.eventtimecalculator.server.EventTimeCalculatorServerPlugin
21:08:40.420 1319 [main] INFO  rapla.server.plugin - Installed plugin org.rapla.plugin.dayresource.server.DayResourceViewServerPlugin
21:08:40.420 1319 [main] INFO  rapla.server.plugin - Installed plugin org.rapla.plugin.compactweekview.server.CompactWeekViewServerPlugin
21:08:40.421 1320 [main] INFO  rapla.server.plugin - Installed plugin org.rapla.plugin.autoexport.server.AutoExportServerPlugin
21:08:40.421 1320 [main] INFO  rapla.server.plugin - Installed plugin org.rapla.plugin.archiver.server.ArchiverServerPlugin
21:08:40.750 1649 [main] INFO  rapla - Rapla server started
21:08:40.772 1671 [main] INFO  rapla.client - Starting gui 
21:08:40.810 1709 [main] INFO  rapla.client.facade - Using rapladatasource remotestore
21:08:40.827 1726 [main] INFO  rapla.remotestore - Connecting to server and starting login..
21:08:40.830 1729 [main] INFO  rapla.remotestore - login successfull
21:08:40.835 1734 [main] INFO  rapla.client.facade - Login admin
21:08:40.840 1739 [main] INFO  rapla.client.plugin - Installed plugin org.rapla.plugin.weekview.WeekViewPlugin
21:08:40.840 1739 [main] INFO  rapla.client.plugin - Installed plugin org.rapla.plugin.urlencryption.UrlEncryptionPlugin
21:08:40.841 1740 [main] INFO  rapla.client.plugin - Installed plugin org.rapla.plugin.timeslot.TimeslotPlugin
21:08:40.841 1740 [main] INFO  rapla.client.plugin - Installed plugin org.rapla.plugin.tempatewizard.TempateWizardPlugin
21:08:40.841 1740 [main] INFO  rapla.client.plugin - Installed plugin org.rapla.plugin.tableview.internal.TableViewPlugin
21:08:40.842 1741 [main] INFO  rapla.client.plugin - Installed plugin org.rapla.plugin.setowner.SetOwnerPlugin
21:08:40.842 1741 [main] INFO  rapla.client.plugin - Installed plugin org.rapla.plugin.rightsreport.RightsReportPlugin
21:08:40.842 1741 [main] INFO  rapla.client.plugin - Installed plugin org.rapla.plugin.periodcopy.PeriodCopyPlugin
21:08:40.842 1741 [main] INFO  rapla.client.plugin - Installed plugin org.rapla.plugin.notification.NotificationPlugin
21:08:40.843 1742 [main] INFO  rapla.client.plugin - Installed plugin org.rapla.plugin.monthview.MonthViewPlugin
21:08:40.843 1742 [main] INFO  rapla.client.plugin - Installed plugin org.rapla.plugin.mail.MailPlugin
21:08:40.843 1742 [main] INFO  rapla.client.plugin - Installed plugin org.rapla.plugin.jndi.JNDIPlugin
21:08:40.844 1743 [main] INFO  rapla.client.plugin - Installed plugin org.rapla.plugin.ical.ImportFromICalPlugin
21:08:40.844 1743 [main] INFO  rapla.client.plugin - Installed plugin org.rapla.plugin.export2ical.Export2iCalPlugin
21:08:40.844 1743 [main] INFO  rapla.client.plugin - Installed plugin org.rapla.plugin.eventtimecalculator.EventTimeCalculatorPlugin
21:08:40.844 1743 [main] INFO  rapla.client.plugin - Installed plugin org.rapla.plugin.defaultwizard.DefaultWizardPlugin
21:08:40.845 1744 [main] INFO  rapla.client.plugin - Installed plugin org.rapla.plugin.dayresource.DayResourceViewPlugin
21:08:40.845 1744 [main] INFO  rapla.client.plugin - Installed plugin org.rapla.plugin.compactweekview.CompactWeekViewPlugin
21:08:40.845 1744 [main] INFO  rapla.client.plugin - Installed plugin org.rapla.plugin.autoexport.AutoExportPlugin
21:08:40.846 1745 [main] INFO  rapla.client.plugin - Installed plugin org.rapla.plugin.archiver.ArchiverPlugin
21:08:40.846 1745 [main] INFO  rapla.client.plugin - Installed plugin org.rapla.plugin.appointmentcounter.AppointmentCounterPlugin
21:09:50.632 71531 [AWT-EventQueue-0] INFO  rapla.client.facade - Logout u405db03-812f-4ff7-b52c-5423a7951cf4
21:09:50.632 71531 [AWT-EventQueue-0] INFO  rapla.remotestore - Disconnecting from server
21:09:50.632 71531 [AWT-EventQueue-0] INFO  rapla.server.session.login - Request Logout admin
21:09:50.637 71536 [main] INFO  rapla - Shutting down rapla-container
21:09:50.637 71536 [main] INFO  rapla - Stopping scheduler thread.
21:09:50.638 71537 [main] INFO  rapla - Stopped scheduler thread.
21:09:50.688 71587 [main] INFO  rapla.raplafile - Disconnecting: file:/C:/Users/Adam/git/CSE2102-Fall2015-Claxton-Jackson/rapla-source-1.8.2/data/data.xml
21:09:50.690 71589 [main] INFO  rapla.server - Storage service stopped
21:09:50.771 71670 [main] INFO  o.e.j.server.handler.ContextHandler - stopped o.e.j.w.WebAppContext{/,[file:/C:/Users/Adam/git/CSE2102-Fall2015-Claxton-Jackson/rapla-source-1.8.2/war/]}
21:18:22.220 433  [main] INFO  org.eclipse.jetty.server.Server - jetty-8.1.16.v20140903
21:18:22.279 492  [main] INFO  o.e.j.d.p.ScanningAppProvider - Deployment monitor C:\Users\Adam\git\CSE2102-Fall2015-Claxton-Jackson\rapla-source-1.8.2\contexts at interval 1
21:18:22.285 498  [main] INFO  o.e.jetty.deploy.DeploymentManager - Deployable added: C:\Users\Adam\git\CSE2102-Fall2015-Claxton-Jackson\rapla-source-1.8.2\contexts\rapla-develop.xml
21:18:22.571 784  [main] INFO  rapla - Init RaplaServlet
21:18:22.573 786  [main] INFO  rapla - Passed JNDI Environment rapladatasource=raplafile env_rapladb=org.hsqldb.jdbc.JDBCDataSource@34b7ac2f env_raplafile=C:\Users\Adam\git\CSE2102-Fall2015-Claxton-Jackson\rapla-source-1.8.2/data/data.xml
21:18:22.581 794  [main] INFO  rapla - Logging via SLF4J API.
21:18:22.618 831  [main] INFO  rapla - Configured Locale= en_US
21:18:22.777 990  [main] INFO  rapla - Config=file:/C:/Users/Adam/git/CSE2102-Fall2015-Claxton-Jackson/rapla-source-1.8.2/war/WEB-INF/raplaserver.xconf
21:18:22.778 991  [main] INFO  rapla - Rapla.Version=@doc.version@
21:18:22.778 991  [main] INFO  rapla - Rapla.Build=@doc.buildtime@
21:18:22.778 991  [main] INFO  rapla - Timezone America/New_York
21:18:22.787 1000 [main] INFO  rapla - Java.Version=1.8.0_65
21:18:22.870 1083 [main] INFO  rapla.server.serverfacade - Using rapladatasource raplafile
21:18:22.897 1110 [main] INFO  rapla.raplafile - Connecting: file:/C:/Users/Adam/git/CSE2102-Fall2015-Claxton-Jackson/rapla-source-1.8.2/data/data.xml
21:18:23.073 1286 [main] INFO  rapla.raplafile - Conflict initialization found 0 conflicts and took 35ms. 
21:18:23.077 1290 [main] INFO  rapla.server.plugin - Installed plugin org.rapla.plugin.weekview.server.WeekViewServerPlugin
21:18:23.078 1291 [main] INFO  rapla.server.plugin - Installed plugin org.rapla.plugin.urlencryption.server.UrlEncryptionServerPlugin
21:18:23.078 1291 [main] INFO  rapla.server.plugin - Installed plugin org.rapla.plugin.timeslot.server.TimeslotServerPlugin
21:18:23.079 1292 [main] INFO  rapla.server.plugin - Installed plugin org.rapla.plugin.tableview.internal.server.TableViewServerPlugin
21:18:23.079 1292 [main] INFO  rapla.server.plugin - Installed plugin org.rapla.plugin.notification.server.NotificationServerPlugin
21:18:23.080 1293 [main] INFO  rapla.server.plugin - Installed plugin org.rapla.plugin.monthview.server.MonthViewServerPlugin
21:18:23.080 1293 [main] INFO  rapla.server.plugin - Installed plugin org.rapla.plugin.mail.server.MailServerPlugin
21:18:23.081 1294 [main] INFO  rapla.server.plugin - Installed plugin org.rapla.plugin.jndi.server.JNDIServerPlugin
21:18:23.081 1294 [main] INFO  rapla.server.plugin - Installed plugin org.rapla.plugin.ical.server.ImportFromICalServerPlugin
21:18:23.081 1294 [main] INFO  rapla.server.plugin - Installed plugin org.rapla.plugin.export2ical.server.Export2iCalServerPlugin
21:18:23.082 1295 [main] INFO  rapla.server.plugin - Installed plugin org.rapla.plugin.eventtimecalculator.server.EventTimeCalculatorServerPlugin
21:18:23.083 1296 [main] INFO  rapla.server.plugin - Installed plugin org.rapla.plugin.dayresource.server.DayResourceViewServerPlugin
21:18:23.083 1296 [main] INFO  rapla.server.plugin - Installed plugin org.rapla.plugin.compactweekview.server.CompactWeekViewServerPlugin
21:18:23.083 1296 [main] INFO  rapla.server.plugin - Installed plugin org.rapla.plugin.autoexport.server.AutoExportServerPlugin
21:18:23.084 1297 [main] INFO  rapla.server.plugin - Installed plugin org.rapla.plugin.archiver.server.ArchiverServerPlugin
21:18:23.371 1584 [main] INFO  rapla - Rapla server started
21:18:23.391 1604 [main] INFO  rapla.client - Starting gui 
21:18:23.429 1642 [main] INFO  rapla.client.facade - Using rapladatasource remotestore
21:18:23.448 1661 [main] INFO  rapla.remotestore - Connecting to server and starting login..
21:18:23.450 1663 [main] INFO  rapla.remotestore - login successfull
21:18:23.454 1667 [main] INFO  rapla.client.facade - Login admin
21:18:23.459 1672 [main] INFO  rapla.client.plugin - Installed plugin org.rapla.plugin.weekview.WeekViewPlugin
21:18:23.459 1672 [main] INFO  rapla.client.plugin - Installed plugin org.rapla.plugin.urlencryption.UrlEncryptionPlugin
21:18:23.460 1673 [main] INFO  rapla.client.plugin - Installed plugin org.rapla.plugin.timeslot.TimeslotPlugin
21:18:23.460 1673 [main] INFO  rapla.client.plugin - Installed plugin org.rapla.plugin.tempatewizard.TempateWizardPlugin
21:18:23.460 1673 [main] INFO  rapla.client.plugin - Installed plugin org.rapla.plugin.tableview.internal.TableViewPlugin
21:18:23.461 1674 [main] INFO  rapla.client.plugin - Installed plugin org.rapla.plugin.setowner.SetOwnerPlugin
21:18:23.461 1674 [main] INFO  rapla.client.plugin - Installed plugin org.rapla.plugin.rightsreport.RightsReportPlugin
21:18:23.461 1674 [main] INFO  rapla.client.plugin - Installed plugin org.rapla.plugin.periodcopy.PeriodCopyPlugin
21:18:23.462 1675 [main] INFO  rapla.client.plugin - Installed plugin org.rapla.plugin.notification.NotificationPlugin
21:18:23.462 1675 [main] INFO  rapla.client.plugin - Installed plugin org.rapla.plugin.monthview.MonthViewPlugin
21:18:23.462 1675 [main] INFO  rapla.client.plugin - Installed plugin org.rapla.plugin.mail.MailPlugin
21:18:23.462 1675 [main] INFO  rapla.client.plugin - Installed plugin org.rapla.plugin.jndi.JNDIPlugin
21:18:23.463 1676 [main] INFO  rapla.client.plugin - Installed plugin org.rapla.plugin.ical.ImportFromICalPlugin
21:18:23.463 1676 [main] INFO  rapla.client.plugin - Installed plugin org.rapla.plugin.export2ical.Export2iCalPlugin
21:18:23.463 1676 [main] INFO  rapla.client.plugin - Installed plugin org.rapla.plugin.eventtimecalculator.EventTimeCalculatorPlugin
21:18:23.463 1676 [main] INFO  rapla.client.plugin - Installed plugin org.rapla.plugin.defaultwizard.DefaultWizardPlugin
21:18:23.464 1677 [main] INFO  rapla.client.plugin - Installed plugin org.rapla.plugin.dayresource.DayResourceViewPlugin
21:18:23.464 1677 [main] INFO  rapla.client.plugin - Installed plugin org.rapla.plugin.compactweekview.CompactWeekViewPlugin
21:18:23.464 1677 [main] INFO  rapla.client.plugin - Installed plugin org.rapla.plugin.autoexport.AutoExportPlugin
21:18:23.464 1677 [main] INFO  rapla.client.plugin - Installed plugin org.rapla.plugin.archiver.ArchiverPlugin
21:18:23.465 1678 [main] INFO  rapla.client.plugin - Installed plugin org.rapla.plugin.appointmentcounter.AppointmentCounterPlugin
21:18:28.905 7118 [AWT-EventQueue-0] INFO  rapla.client.facade - Logout u405db03-812f-4ff7-b52c-5423a7951cf4
21:18:28.906 7119 [AWT-EventQueue-0] INFO  rapla.remotestore - Disconnecting from server
21:18:28.906 7119 [AWT-EventQueue-0] INFO  rapla.server.session.login - Request Logout admin
21:18:28.910 7123 [main] INFO  rapla - Shutting down rapla-container
21:18:28.910 7123 [main] INFO  rapla - Stopping scheduler thread.
21:18:28.911 7124 [main] INFO  rapla - Stopped scheduler thread.
21:18:28.961 7174 [main] INFO  rapla.raplafile - Disconnecting: file:/C:/Users/Adam/git/CSE2102-Fall2015-Claxton-Jackson/rapla-source-1.8.2/data/data.xml
21:18:28.961 7174 [main] INFO  rapla.server - Storage service stopped
21:18:29.047 7260 [main] INFO  o.e.j.server.handler.ContextHandler - stopped o.e.j.w.WebAppContext{/,[file:/C:/Users/Adam/git/CSE2102-Fall2015-Claxton-Jackson/rapla-source-1.8.2/war/]}
21:18:40.020 421  [main] INFO  org.eclipse.jetty.server.Server - jetty-8.1.16.v20140903
21:18:40.085 486  [main] INFO  o.e.j.d.p.ScanningAppProvider - Deployment monitor C:\Users\Adam\git\CSE2102-Fall2015-Claxton-Jackson\rapla-source-1.8.2\contexts at interval 1
21:18:40.091 492  [main] INFO  o.e.jetty.deploy.DeploymentManager - Deployable added: C:\Users\Adam\git\CSE2102-Fall2015-Claxton-Jackson\rapla-source-1.8.2\contexts\rapla-develop.xml
21:18:40.373 774  [main] INFO  rapla - Init RaplaServlet
21:18:40.375 776  [main] INFO  rapla - Passed JNDI Environment rapladatasource=raplafile env_rapladb=org.hsqldb.jdbc.JDBCDataSource@34b7ac2f env_raplafile=C:\Users\Adam\git\CSE2102-Fall2015-Claxton-Jackson\rapla-source-1.8.2/data/data.xml
21:18:40.383 784  [main] INFO  rapla - Logging via SLF4J API.
21:18:40.421 822  [main] INFO  rapla - Configured Locale= en_US
21:18:40.578 979  [main] INFO  rapla - Config=file:/C:/Users/Adam/git/CSE2102-Fall2015-Claxton-Jackson/rapla-source-1.8.2/war/WEB-INF/raplaserver.xconf
21:18:40.578 979  [main] INFO  rapla - Rapla.Version=@doc.version@
21:18:40.579 980  [main] INFO  rapla - Rapla.Build=@doc.buildtime@
21:18:40.579 980  [main] INFO  rapla - Timezone America/New_York
21:18:40.588 989  [main] INFO  rapla - Java.Version=1.8.0_65
21:18:40.668 1069 [main] INFO  rapla.server.serverfacade - Using rapladatasource raplafile
21:18:40.695 1096 [main] INFO  rapla.raplafile - Connecting: file:/C:/Users/Adam/git/CSE2102-Fall2015-Claxton-Jackson/rapla-source-1.8.2/data/data.xml
21:18:40.857 1258 [main] INFO  rapla.raplafile - Conflict initialization found 0 conflicts and took 29ms. 
21:18:40.862 1263 [main] INFO  rapla.server.plugin - Installed plugin org.rapla.plugin.weekview.server.WeekViewServerPlugin
21:18:40.863 1264 [main] INFO  rapla.server.plugin - Installed plugin org.rapla.plugin.urlencryption.server.UrlEncryptionServerPlugin
21:18:40.864 1265 [main] INFO  rapla.server.plugin - Installed plugin org.rapla.plugin.timeslot.server.TimeslotServerPlugin
21:18:40.864 1265 [main] INFO  rapla.server.plugin - Installed plugin org.rapla.plugin.tableview.internal.server.TableViewServerPlugin
21:18:40.865 1266 [main] INFO  rapla.server.plugin - Installed plugin org.rapla.plugin.notification.server.NotificationServerPlugin
21:18:40.865 1266 [main] INFO  rapla.server.plugin - Installed plugin org.rapla.plugin.monthview.server.MonthViewServerPlugin
21:18:40.866 1267 [main] INFO  rapla.server.plugin - Installed plugin org.rapla.plugin.mail.server.MailServerPlugin
21:18:40.866 1267 [main] INFO  rapla.server.plugin - Installed plugin org.rapla.plugin.jndi.server.JNDIServerPlugin
21:18:40.867 1268 [main] INFO  rapla.server.plugin - Installed plugin org.rapla.plugin.ical.server.ImportFromICalServerPlugin
21:18:40.867 1268 [main] INFO  rapla.server.plugin - Installed plugin org.rapla.plugin.export2ical.server.Export2iCalServerPlugin
21:18:40.868 1269 [main] INFO  rapla.server.plugin - Installed plugin org.rapla.plugin.eventtimecalculator.server.EventTimeCalculatorServerPlugin
21:18:40.868 1269 [main] INFO  rapla.server.plugin - Installed plugin org.rapla.plugin.dayresource.server.DayResourceViewServerPlugin
21:18:40.869 1270 [main] INFO  rapla.server.plugin - Installed plugin org.rapla.plugin.compactweekview.server.CompactWeekViewServerPlugin
21:18:40.869 1270 [main] INFO  rapla.server.plugin - Installed plugin org.rapla.plugin.autoexport.server.AutoExportServerPlugin
21:18:40.869 1270 [main] INFO  rapla.server.plugin - Installed plugin org.rapla.plugin.archiver.server.ArchiverServerPlugin
21:18:41.179 1580 [main] INFO  rapla - Rapla server started
21:18:41.200 1601 [main] INFO  rapla.client - Starting gui 
21:18:41.237 1638 [main] INFO  rapla.client.facade - Using rapladatasource remotestore
21:18:41.254 1655 [main] INFO  rapla.remotestore - Connecting to server and starting login..
21:18:41.256 1657 [main] INFO  rapla.remotestore - login successfull
21:18:41.259 1660 [main] INFO  rapla.client.facade - Login admin
21:18:41.266 1667 [main] INFO  rapla.client.plugin - Installed plugin org.rapla.plugin.weekview.WeekViewPlugin
21:18:41.266 1667 [main] INFO  rapla.client.plugin - Installed plugin org.rapla.plugin.urlencryption.UrlEncryptionPlugin
21:18:41.266 1667 [main] INFO  rapla.client.plugin - Installed plugin org.rapla.plugin.timeslot.TimeslotPlugin
21:18:41.267 1668 [main] INFO  rapla.client.plugin - Installed plugin org.rapla.plugin.tempatewizard.TempateWizardPlugin
21:18:41.267 1668 [main] INFO  rapla.client.plugin - Installed plugin org.rapla.plugin.tableview.internal.TableViewPlugin
21:18:41.267 1668 [main] INFO  rapla.client.plugin - Installed plugin org.rapla.plugin.setowner.SetOwnerPlugin
21:18:41.268 1669 [main] INFO  rapla.client.plugin - Installed plugin org.rapla.plugin.rightsreport.RightsReportPlugin
21:18:41.268 1669 [main] INFO  rapla.client.plugin - Installed plugin org.rapla.plugin.periodcopy.PeriodCopyPlugin
21:18:41.268 1669 [main] INFO  rapla.client.plugin - Installed plugin org.rapla.plugin.notification.NotificationPlugin
21:18:41.269 1670 [main] INFO  rapla.client.plugin - Installed plugin org.rapla.plugin.monthview.MonthViewPlugin
21:18:41.269 1670 [main] INFO  rapla.client.plugin - Installed plugin org.rapla.plugin.mail.MailPlugin
21:18:41.269 1670 [main] INFO  rapla.client.plugin - Installed plugin org.rapla.plugin.jndi.JNDIPlugin
21:18:41.269 1670 [main] INFO  rapla.client.plugin - Installed plugin org.rapla.plugin.ical.ImportFromICalPlugin
21:18:41.270 1671 [main] INFO  rapla.client.plugin - Installed plugin org.rapla.plugin.export2ical.Export2iCalPlugin
21:18:41.270 1671 [main] INFO  rapla.client.plugin - Installed plugin org.rapla.plugin.eventtimecalculator.EventTimeCalculatorPlugin
21:18:41.270 1671 [main] INFO  rapla.client.plugin - Installed plugin org.rapla.plugin.defaultwizard.DefaultWizardPlugin
21:18:41.270 1671 [main] INFO  rapla.client.plugin - Installed plugin org.rapla.plugin.dayresource.DayResourceViewPlugin
21:18:41.271 1672 [main] INFO  rapla.client.plugin - Installed plugin org.rapla.plugin.compactweekview.CompactWeekViewPlugin
21:18:41.271 1672 [main] INFO  rapla.client.plugin - Installed plugin org.rapla.plugin.autoexport.AutoExportPlugin
21:18:41.271 1672 [main] INFO  rapla.client.plugin - Installed plugin org.rapla.plugin.archiver.ArchiverPlugin
21:18:41.272 1673 [main] INFO  rapla.client.plugin - Installed plugin org.rapla.plugin.appointmentcounter.AppointmentCounterPlugin
21:18:49.597 9998 [AWT-EventQueue-0] INFO  rapla.client.facade - Logout u405db03-812f-4ff7-b52c-5423a7951cf4
21:18:49.597 9998 [AWT-EventQueue-0] INFO  rapla.remotestore - Disconnecting from server
21:18:49.597 9998 [AWT-EventQueue-0] INFO  rapla.server.session.login - Request Logout admin
21:18:49.605 10006 [main] INFO  rapla - Shutting down rapla-container
21:18:49.605 10006 [main] INFO  rapla - Stopping scheduler thread.
21:18:49.606 10007 [main] INFO  rapla - Stopped scheduler thread.
21:18:49.656 10057 [main] INFO  rapla.raplafile - Disconnecting: file:/C:/Users/Adam/git/CSE2102-Fall2015-Claxton-Jackson/rapla-source-1.8.2/data/data.xml
21:18:49.657 10058 [main] INFO  rapla.server - Storage service stopped
21:18:49.721 10122 [main] INFO  o.e.j.server.handler.ContextHandler - stopped o.e.j.w.WebAppContext{/,[file:/C:/Users/Adam/git/CSE2102-Fall2015-Claxton-Jackson/rapla-source-1.8.2/war/]}
21:19:30.704 389  [main] INFO  org.eclipse.jetty.server.Server - jetty-8.1.16.v20140903
21:19:30.761 446  [main] INFO  o.e.j.d.p.ScanningAppProvider - Deployment monitor C:\Users\Adam\git\CSE2102-Fall2015-Claxton-Jackson\rapla-source-1.8.2\contexts at interval 1
21:19:30.766 451  [main] INFO  o.e.jetty.deploy.DeploymentManager - Deployable added: C:\Users\Adam\git\CSE2102-Fall2015-Claxton-Jackson\rapla-source-1.8.2\contexts\rapla-develop.xml
21:19:31.050 735  [main] INFO  rapla - Init RaplaServlet
21:19:31.053 738  [main] INFO  rapla - Passed JNDI Environment rapladatasource=raplafile env_rapladb=org.hsqldb.jdbc.JDBCDataSource@34b7ac2f env_raplafile=C:\Users\Adam\git\CSE2102-Fall2015-Claxton-Jackson\rapla-source-1.8.2/data/data.xml
21:19:31.061 746  [main] INFO  rapla - Logging via SLF4J API.
21:19:31.099 784  [main] INFO  rapla - Configured Locale= en_US
21:19:31.262 947  [main] INFO  rapla - Config=file:/C:/Users/Adam/git/CSE2102-Fall2015-Claxton-Jackson/rapla-source-1.8.2/war/WEB-INF/raplaserver.xconf
21:19:31.262 947  [main] INFO  rapla - Rapla.Version=@doc.version@
21:19:31.262 947  [main] INFO  rapla - Rapla.Build=@doc.buildtime@
21:19:31.262 947  [main] INFO  rapla - Timezone America/New_York
21:19:31.272 957  [main] INFO  rapla - Java.Version=1.8.0_65
21:19:31.352 1037 [main] INFO  rapla.server.serverfacade - Using rapladatasource raplafile
21:19:31.380 1065 [main] INFO  rapla.raplafile - Connecting: file:/C:/Users/Adam/git/CSE2102-Fall2015-Claxton-Jackson/rapla-source-1.8.2/data/data.xml
21:19:31.542 1227 [main] INFO  rapla.raplafile - Conflict initialization found 0 conflicts and took 29ms. 
21:19:31.546 1231 [main] INFO  rapla.server.plugin - Installed plugin org.rapla.plugin.weekview.server.WeekViewServerPlugin
21:19:31.548 1233 [main] INFO  rapla.server.plugin - Installed plugin org.rapla.plugin.urlencryption.server.UrlEncryptionServerPlugin
21:19:31.548 1233 [main] INFO  rapla.server.plugin - Installed plugin org.rapla.plugin.timeslot.server.TimeslotServerPlugin
21:19:31.549 1234 [main] INFO  rapla.server.plugin - Installed plugin org.rapla.plugin.tableview.internal.server.TableViewServerPlugin
21:19:31.549 1234 [main] INFO  rapla.server.plugin - Installed plugin org.rapla.plugin.notification.server.NotificationServerPlugin
21:19:31.550 1235 [main] INFO  rapla.server.plugin - Installed plugin org.rapla.plugin.monthview.server.MonthViewServerPlugin
21:19:31.550 1235 [main] INFO  rapla.server.plugin - Installed plugin org.rapla.plugin.mail.server.MailServerPlugin
21:19:31.551 1236 [main] INFO  rapla.server.plugin - Installed plugin org.rapla.plugin.jndi.server.JNDIServerPlugin
21:19:31.551 1236 [main] INFO  rapla.server.plugin - Installed plugin org.rapla.plugin.ical.server.ImportFromICalServerPlugin
21:19:31.552 1237 [main] INFO  rapla.server.plugin - Installed plugin org.rapla.plugin.export2ical.server.Export2iCalServerPlugin
21:19:31.552 1237 [main] INFO  rapla.server.plugin - Installed plugin org.rapla.plugin.eventtimecalculator.server.EventTimeCalculatorServerPlugin
21:19:31.553 1238 [main] INFO  rapla.server.plugin - Installed plugin org.rapla.plugin.dayresource.server.DayResourceViewServerPlugin
21:19:31.553 1238 [main] INFO  rapla.server.plugin - Installed plugin org.rapla.plugin.compactweekview.server.CompactWeekViewServerPlugin
21:19:31.554 1239 [main] INFO  rapla.server.plugin - Installed plugin org.rapla.plugin.autoexport.server.AutoExportServerPlugin
21:19:31.554 1239 [main] INFO  rapla.server.plugin - Installed plugin org.rapla.plugin.archiver.server.ArchiverServerPlugin
21:19:31.850 1535 [main] INFO  rapla - Rapla server started
21:19:31.871 1556 [main] INFO  rapla.client - Starting gui 
21:19:31.909 1594 [main] INFO  rapla.client.facade - Using rapladatasource remotestore
21:19:31.926 1611 [main] INFO  rapla.remotestore - Connecting to server and starting login..
21:19:31.928 1613 [main] INFO  rapla.remotestore - login successfull
21:19:31.932 1617 [main] INFO  rapla.client.facade - Login admin
21:19:31.938 1623 [main] INFO  rapla.client.plugin - Installed plugin org.rapla.plugin.weekview.WeekViewPlugin
21:19:31.939 1624 [main] INFO  rapla.client.plugin - Installed plugin org.rapla.plugin.urlencryption.UrlEncryptionPlugin
21:19:31.939 1624 [main] INFO  rapla.client.plugin - Installed plugin org.rapla.plugin.timeslot.TimeslotPlugin
21:19:31.939 1624 [main] INFO  rapla.client.plugin - Installed plugin org.rapla.plugin.tempatewizard.TempateWizardPlugin
21:19:31.940 1625 [main] INFO  rapla.client.plugin - Installed plugin org.rapla.plugin.tableview.internal.TableViewPlugin
21:19:31.940 1625 [main] INFO  rapla.client.plugin - Installed plugin org.rapla.plugin.setowner.SetOwnerPlugin
21:19:31.940 1625 [main] INFO  rapla.client.plugin - Installed plugin org.rapla.plugin.rightsreport.RightsReportPlugin
21:19:31.941 1626 [main] INFO  rapla.client.plugin - Installed plugin org.rapla.plugin.periodcopy.PeriodCopyPlugin
21:19:31.941 1626 [main] INFO  rapla.client.plugin - Installed plugin org.rapla.plugin.notification.NotificationPlugin
21:19:31.941 1626 [main] INFO  rapla.client.plugin - Installed plugin org.rapla.plugin.monthview.MonthViewPlugin
21:19:31.942 1627 [main] INFO  rapla.client.plugin - Installed plugin org.rapla.plugin.mail.MailPlugin
21:19:31.942 1627 [main] INFO  rapla.client.plugin - Installed plugin org.rapla.plugin.jndi.JNDIPlugin
21:19:31.942 1627 [main] INFO  rapla.client.plugin - Installed plugin org.rapla.plugin.ical.ImportFromICalPlugin
21:19:31.942 1627 [main] INFO  rapla.client.plugin - Installed plugin org.rapla.plugin.export2ical.Export2iCalPlugin
21:19:31.942 1627 [main] INFO  rapla.client.plugin - Installed plugin org.rapla.plugin.eventtimecalculator.EventTimeCalculatorPlugin
21:19:31.943 1628 [main] INFO  rapla.client.plugin - Installed plugin org.rapla.plugin.defaultwizard.DefaultWizardPlugin
21:19:31.943 1628 [main] INFO  rapla.client.plugin - Installed plugin org.rapla.plugin.dayresource.DayResourceViewPlugin
21:19:31.943 1628 [main] INFO  rapla.client.plugin - Installed plugin org.rapla.plugin.compactweekview.CompactWeekViewPlugin
21:19:31.944 1629 [main] INFO  rapla.client.plugin - Installed plugin org.rapla.plugin.autoexport.AutoExportPlugin
21:19:31.944 1629 [main] INFO  rapla.client.plugin - Installed plugin org.rapla.plugin.archiver.ArchiverPlugin
21:19:31.944 1629 [main] INFO  rapla.client.plugin - Installed plugin org.rapla.plugin.appointmentcounter.AppointmentCounterPlugin
21:19:37.662 7347 [AWT-EventQueue-0] INFO  rapla.client.facade - Logout u405db03-812f-4ff7-b52c-5423a7951cf4
21:19:37.664 7349 [AWT-EventQueue-0] INFO  rapla.remotestore - Disconnecting from server
21:19:37.664 7349 [AWT-EventQueue-0] INFO  rapla.server.session.login - Request Logout admin
21:19:37.668 7353 [main] INFO  rapla - Shutting down rapla-container
21:19:37.669 7354 [main] INFO  rapla - Stopping scheduler thread.
21:19:37.671 7356 [main] INFO  rapla - Stopped scheduler thread.
21:19:37.721 7406 [main] INFO  rapla.raplafile - Disconnecting: file:/C:/Users/Adam/git/CSE2102-Fall2015-Claxton-Jackson/rapla-source-1.8.2/data/data.xml
21:19:37.721 7406 [main] INFO  rapla.server - Storage service stopped
21:19:37.780 7465 [main] INFO  o.e.j.server.handler.ContextHandler - stopped o.e.j.w.WebAppContext{/,[file:/C:/Users/Adam/git/CSE2102-Fall2015-Claxton-Jackson/rapla-source-1.8.2/war/]}
21:28:43.109 402  [main] INFO  org.eclipse.jetty.server.Server - jetty-8.1.16.v20140903
21:28:43.181 474  [main] INFO  o.e.j.d.p.ScanningAppProvider - Deployment monitor C:\Users\Adam\git\CSE2102-Fall2015-Claxton-Jackson\rapla-source-1.8.2\contexts at interval 1
21:28:43.187 480  [main] INFO  o.e.jetty.deploy.DeploymentManager - Deployable added: C:\Users\Adam\git\CSE2102-Fall2015-Claxton-Jackson\rapla-source-1.8.2\contexts\rapla-develop.xml
21:28:43.478 771  [main] INFO  rapla - Init RaplaServlet
21:28:43.480 773  [main] INFO  rapla - Passed JNDI Environment rapladatasource=raplafile env_rapladb=org.hsqldb.jdbc.JDBCDataSource@34b7ac2f env_raplafile=C:\Users\Adam\git\CSE2102-Fall2015-Claxton-Jackson\rapla-source-1.8.2/data/data.xml
21:28:43.489 782  [main] INFO  rapla - Logging via SLF4J API.
21:28:43.528 821  [main] INFO  rapla - Configured Locale= en_US
21:28:43.690 983  [main] INFO  rapla - Config=file:/C:/Users/Adam/git/CSE2102-Fall2015-Claxton-Jackson/rapla-source-1.8.2/war/WEB-INF/raplaserver.xconf
21:28:43.690 983  [main] INFO  rapla - Rapla.Version=@doc.version@
21:28:43.690 983  [main] INFO  rapla - Rapla.Build=@doc.buildtime@
21:28:43.691 984  [main] INFO  rapla - Timezone America/New_York
21:28:43.700 993  [main] INFO  rapla - Java.Version=1.8.0_65
21:28:43.781 1074 [main] INFO  rapla.server.serverfacade - Using rapladatasource raplafile
21:28:43.808 1101 [main] INFO  rapla.raplafile - Connecting: file:/C:/Users/Adam/git/CSE2102-Fall2015-Claxton-Jackson/rapla-source-1.8.2/data/data.xml
21:28:43.973 1266 [main] INFO  rapla.raplafile - Conflict initialization found 0 conflicts and took 30ms. 
21:28:43.977 1270 [main] INFO  rapla.server.plugin - Installed plugin org.rapla.plugin.weekview.server.WeekViewServerPlugin
21:28:43.979 1272 [main] INFO  rapla.server.plugin - Installed plugin org.rapla.plugin.urlencryption.server.UrlEncryptionServerPlugin
21:28:43.979 1272 [main] INFO  rapla.server.plugin - Installed plugin org.rapla.plugin.timeslot.server.TimeslotServerPlugin
21:28:43.980 1273 [main] INFO  rapla.server.plugin - Installed plugin org.rapla.plugin.tableview.internal.server.TableViewServerPlugin
21:28:43.981 1274 [main] INFO  rapla.server.plugin - Installed plugin org.rapla.plugin.notification.server.NotificationServerPlugin
21:28:43.982 1275 [main] INFO  rapla.server.plugin - Installed plugin org.rapla.plugin.monthview.server.MonthViewServerPlugin
21:28:43.982 1275 [main] INFO  rapla.server.plugin - Installed plugin org.rapla.plugin.mail.server.MailServerPlugin
21:28:43.983 1276 [main] INFO  rapla.server.plugin - Installed plugin org.rapla.plugin.jndi.server.JNDIServerPlugin
21:28:43.983 1276 [main] INFO  rapla.server.plugin - Installed plugin org.rapla.plugin.ical.server.ImportFromICalServerPlugin
21:28:43.984 1277 [main] INFO  rapla.server.plugin - Installed plugin org.rapla.plugin.export2ical.server.Export2iCalServerPlugin
21:28:43.984 1277 [main] INFO  rapla.server.plugin - Installed plugin org.rapla.plugin.eventtimecalculator.server.EventTimeCalculatorServerPlugin
21:28:43.985 1278 [main] INFO  rapla.server.plugin - Installed plugin org.rapla.plugin.dayresource.server.DayResourceViewServerPlugin
21:28:43.985 1278 [main] INFO  rapla.server.plugin - Installed plugin org.rapla.plugin.compactweekview.server.CompactWeekViewServerPlugin
21:28:43.986 1279 [main] INFO  rapla.server.plugin - Installed plugin org.rapla.plugin.autoexport.server.AutoExportServerPlugin
21:28:43.986 1279 [main] INFO  rapla.server.plugin - Installed plugin org.rapla.plugin.archiver.server.ArchiverServerPlugin
21:28:44.329 1622 [main] INFO  rapla - Rapla server started
21:28:44.342 1635 [main] INFO  rapla.client - Starting gui 
21:28:44.381 1674 [main] INFO  rapla.client.facade - Using rapladatasource remotestore
21:28:44.398 1691 [main] INFO  rapla.remotestore - Connecting to server and starting login..
21:28:44.400 1693 [main] INFO  rapla.remotestore - login successfull
21:28:44.405 1698 [main] INFO  rapla.client.facade - Login admin
21:28:44.411 1704 [main] INFO  rapla.client.plugin - Installed plugin org.rapla.plugin.weekview.WeekViewPlugin
21:28:44.412 1705 [main] INFO  rapla.client.plugin - Installed plugin org.rapla.plugin.urlencryption.UrlEncryptionPlugin
21:28:44.412 1705 [main] INFO  rapla.client.plugin - Installed plugin org.rapla.plugin.timeslot.TimeslotPlugin
21:28:44.412 1705 [main] INFO  rapla.client.plugin - Installed plugin org.rapla.plugin.tempatewizard.TempateWizardPlugin
21:28:44.413 1706 [main] INFO  rapla.client.plugin - Installed plugin org.rapla.plugin.tableview.internal.TableViewPlugin
21:28:44.413 1706 [main] INFO  rapla.client.plugin - Installed plugin org.rapla.plugin.setowner.SetOwnerPlugin
21:28:44.413 1706 [main] INFO  rapla.client.plugin - Installed plugin org.rapla.plugin.rightsreport.RightsReportPlugin
21:28:44.414 1707 [main] INFO  rapla.client.plugin - Installed plugin org.rapla.plugin.periodcopy.PeriodCopyPlugin
21:28:44.414 1707 [main] INFO  rapla.client.plugin - Installed plugin org.rapla.plugin.notification.NotificationPlugin
21:28:44.414 1707 [main] INFO  rapla.client.plugin - Installed plugin org.rapla.plugin.monthview.MonthViewPlugin
21:28:44.415 1708 [main] INFO  rapla.client.plugin - Installed plugin org.rapla.plugin.mail.MailPlugin
21:28:44.415 1708 [main] INFO  rapla.client.plugin - Installed plugin org.rapla.plugin.jndi.JNDIPlugin
21:28:44.415 1708 [main] INFO  rapla.client.plugin - Installed plugin org.rapla.plugin.ical.ImportFromICalPlugin
21:28:44.416 1709 [main] INFO  rapla.client.plugin - Installed plugin org.rapla.plugin.export2ical.Export2iCalPlugin
21:28:44.416 1709 [main] INFO  rapla.client.plugin - Installed plugin org.rapla.plugin.eventtimecalculator.EventTimeCalculatorPlugin
21:28:44.416 1709 [main] INFO  rapla.client.plugin - Installed plugin org.rapla.plugin.defaultwizard.DefaultWizardPlugin
21:28:44.416 1709 [main] INFO  rapla.client.plugin - Installed plugin org.rapla.plugin.dayresource.DayResourceViewPlugin
21:28:44.417 1710 [main] INFO  rapla.client.plugin - Installed plugin org.rapla.plugin.compactweekview.CompactWeekViewPlugin
21:28:44.417 1710 [main] INFO  rapla.client.plugin - Installed plugin org.rapla.plugin.autoexport.AutoExportPlugin
21:28:44.418 1711 [main] INFO  rapla.client.plugin - Installed plugin org.rapla.plugin.archiver.ArchiverPlugin
21:28:44.419 1712 [main] INFO  rapla.client.plugin - Installed plugin org.rapla.plugin.appointmentcounter.AppointmentCounterPlugin
21:28:46.117 3410 [AWT-EventQueue-0] ERROR rapla.client - Index: 0, Size: 0
java.lang.IndexOutOfBoundsException: Index: 0, Size: 0
	at java.util.ArrayList.rangeCheck(ArrayList.java:653) ~[na:1.8.0_65]
	at java.util.ArrayList.get(ArrayList.java:429) ~[na:1.8.0_65]
	at org.rapla.gui.internal.edit.ClassificationEdit.getRulesComponent(ClassifiableFilterEdit.java:404) ~[eclipse-build/:na]
	at org.rapla.gui.internal.edit.ClassifiableFilterEdit.setTypes(ClassifiableFilterEdit.java:240) ~[eclipse-build/:na]
	at org.rapla.gui.internal.edit.ClassifiableFilterEdit.setFilter(ClassifiableFilterEdit.java:275) ~[eclipse-build/:na]
	at org.rapla.gui.internal.FilterEditButton$1.actionPerformed(FilterEditButton.java:54) ~[eclipse-build/:na]
	at javax.swing.AbstractButton.fireActionPerformed(AbstractButton.java:2022) [na:1.8.0_65]
	at javax.swing.AbstractButton$Handler.actionPerformed(AbstractButton.java:2348) [na:1.8.0_65]
	at javax.swing.DefaultButtonModel.fireActionPerformed(DefaultButtonModel.java:402) [na:1.8.0_65]
	at javax.swing.DefaultButtonModel.setPressed(DefaultButtonModel.java:259) [na:1.8.0_65]
	at javax.swing.plaf.basic.BasicButtonListener.mouseReleased(BasicButtonListener.java:252) [na:1.8.0_65]
	at java.awt.AWTEventMulticaster.mouseReleased(AWTEventMulticaster.java:289) [na:1.8.0_65]
	at java.awt.Component.processMouseEvent(Component.java:6535) [na:1.8.0_65]
	at javax.swing.JComponent.processMouseEvent(JComponent.java:3324) [na:1.8.0_65]
	at java.awt.Component.processEvent(Component.java:6300) [na:1.8.0_65]
	at java.awt.Container.processEvent(Container.java:2236) [na:1.8.0_65]
	at java.awt.Component.dispatchEventImpl(Component.java:4891) [na:1.8.0_65]
	at java.awt.Container.dispatchEventImpl(Container.java:2294) [na:1.8.0_65]
	at java.awt.Component.dispatchEvent(Component.java:4713) [na:1.8.0_65]
	at java.awt.LightweightDispatcher.retargetMouseEvent(Container.java:4888) [na:1.8.0_65]
	at java.awt.LightweightDispatcher.processMouseEvent(Container.java:4525) [na:1.8.0_65]
	at java.awt.LightweightDispatcher.dispatchEvent(Container.java:4466) [na:1.8.0_65]
	at java.awt.Container.dispatchEventImpl(Container.java:2280) [na:1.8.0_65]
	at java.awt.Window.dispatchEventImpl(Window.java:2750) [na:1.8.0_65]
	at java.awt.Component.dispatchEvent(Component.java:4713) [na:1.8.0_65]
	at java.awt.EventQueue.dispatchEventImpl(EventQueue.java:758) [na:1.8.0_65]
	at java.awt.EventQueue.access$500(EventQueue.java:97) [na:1.8.0_65]
	at java.awt.EventQueue$3.run(EventQueue.java:709) [na:1.8.0_65]
	at java.awt.EventQueue$3.run(EventQueue.java:703) [na:1.8.0_65]
	at java.security.AccessController.doPrivileged(Native Method) [na:1.8.0_65]
	at java.security.ProtectionDomain$JavaSecurityAccessImpl.doIntersectionPrivilege(ProtectionDomain.java:76) [na:1.8.0_65]
	at java.security.ProtectionDomain$JavaSecurityAccessImpl.doIntersectionPrivilege(ProtectionDomain.java:86) [na:1.8.0_65]
	at java.awt.EventQueue$4.run(EventQueue.java:731) [na:1.8.0_65]
	at java.awt.EventQueue$4.run(EventQueue.java:729) [na:1.8.0_65]
	at java.security.AccessController.doPrivileged(Native Method) [na:1.8.0_65]
	at java.security.ProtectionDomain$JavaSecurityAccessImpl.doIntersectionPrivilege(ProtectionDomain.java:76) [na:1.8.0_65]
	at java.awt.EventQueue.dispatchEvent(EventQueue.java:728) [na:1.8.0_65]
	at java.awt.EventDispatchThread.pumpOneEventForFilters(EventDispatchThread.java:201) [na:1.8.0_65]
	at java.awt.EventDispatchThread.pumpEventsForFilter(EventDispatchThread.java:116) [na:1.8.0_65]
	at java.awt.EventDispatchThread.pumpEventsForHierarchy(EventDispatchThread.java:105) [na:1.8.0_65]
	at java.awt.EventDispatchThread.pumpEvents(EventDispatchThread.java:101) [na:1.8.0_65]
	at java.awt.EventDispatchThread.pumpEvents(EventDispatchThread.java:93) [na:1.8.0_65]
	at java.awt.EventDispatchThread.run(EventDispatchThread.java:82) [na:1.8.0_65]
21:28:50.547 7840 [AWT-EventQueue-0] ERROR rapla.client - Index: 0, Size: 0
java.lang.IndexOutOfBoundsException: Index: 0, Size: 0
	at java.util.ArrayList.rangeCheck(ArrayList.java:653) ~[na:1.8.0_65]
	at java.util.ArrayList.get(ArrayList.java:429) ~[na:1.8.0_65]
	at org.rapla.gui.internal.edit.ClassificationEdit.getRulesComponent(ClassifiableFilterEdit.java:404) ~[eclipse-build/:na]
	at org.rapla.gui.internal.edit.ClassifiableFilterEdit.setTypes(ClassifiableFilterEdit.java:240) ~[eclipse-build/:na]
	at org.rapla.gui.internal.edit.ClassifiableFilterEdit.setFilter(ClassifiableFilterEdit.java:275) ~[eclipse-build/:na]
	at org.rapla.gui.internal.FilterEditButton$1.actionPerformed(FilterEditButton.java:54) ~[eclipse-build/:na]
	at javax.swing.AbstractButton.fireActionPerformed(AbstractButton.java:2022) [na:1.8.0_65]
	at javax.swing.AbstractButton$Handler.actionPerformed(AbstractButton.java:2348) [na:1.8.0_65]
	at javax.swing.DefaultButtonModel.fireActionPerformed(DefaultButtonModel.java:402) [na:1.8.0_65]
	at javax.swing.DefaultButtonModel.setPressed(DefaultButtonModel.java:259) [na:1.8.0_65]
	at javax.swing.plaf.basic.BasicButtonListener.mouseReleased(BasicButtonListener.java:252) [na:1.8.0_65]
	at java.awt.AWTEventMulticaster.mouseReleased(AWTEventMulticaster.java:289) [na:1.8.0_65]
	at java.awt.Component.processMouseEvent(Component.java:6535) [na:1.8.0_65]
	at javax.swing.JComponent.processMouseEvent(JComponent.java:3324) [na:1.8.0_65]
	at java.awt.Component.processEvent(Component.java:6300) [na:1.8.0_65]
	at java.awt.Container.processEvent(Container.java:2236) [na:1.8.0_65]
	at java.awt.Component.dispatchEventImpl(Component.java:4891) [na:1.8.0_65]
	at java.awt.Container.dispatchEventImpl(Container.java:2294) [na:1.8.0_65]
	at java.awt.Component.dispatchEvent(Component.java:4713) [na:1.8.0_65]
	at java.awt.LightweightDispatcher.retargetMouseEvent(Container.java:4888) [na:1.8.0_65]
	at java.awt.LightweightDispatcher.processMouseEvent(Container.java:4525) [na:1.8.0_65]
	at java.awt.LightweightDispatcher.dispatchEvent(Container.java:4466) [na:1.8.0_65]
	at java.awt.Container.dispatchEventImpl(Container.java:2280) [na:1.8.0_65]
	at java.awt.Window.dispatchEventImpl(Window.java:2750) [na:1.8.0_65]
	at java.awt.Component.dispatchEvent(Component.java:4713) [na:1.8.0_65]
	at java.awt.EventQueue.dispatchEventImpl(EventQueue.java:758) [na:1.8.0_65]
	at java.awt.EventQueue.access$500(EventQueue.java:97) [na:1.8.0_65]
	at java.awt.EventQueue$3.run(EventQueue.java:709) [na:1.8.0_65]
	at java.awt.EventQueue$3.run(EventQueue.java:703) [na:1.8.0_65]
	at java.security.AccessController.doPrivileged(Native Method) [na:1.8.0_65]
	at java.security.ProtectionDomain$JavaSecurityAccessImpl.doIntersectionPrivilege(ProtectionDomain.java:76) [na:1.8.0_65]
	at java.security.ProtectionDomain$JavaSecurityAccessImpl.doIntersectionPrivilege(ProtectionDomain.java:86) [na:1.8.0_65]
	at java.awt.EventQueue$4.run(EventQueue.java:731) [na:1.8.0_65]
	at java.awt.EventQueue$4.run(EventQueue.java:729) [na:1.8.0_65]
	at java.security.AccessController.doPrivileged(Native Method) [na:1.8.0_65]
	at java.security.ProtectionDomain$JavaSecurityAccessImpl.doIntersectionPrivilege(ProtectionDomain.java:76) [na:1.8.0_65]
	at java.awt.EventQueue.dispatchEvent(EventQueue.java:728) [na:1.8.0_65]
	at java.awt.EventDispatchThread.pumpOneEventForFilters(EventDispatchThread.java:201) [na:1.8.0_65]
	at java.awt.EventDispatchThread.pumpEventsForFilter(EventDispatchThread.java:116) [na:1.8.0_65]
	at java.awt.EventDispatchThread.pumpEventsForHierarchy(EventDispatchThread.java:105) [na:1.8.0_65]
	at java.awt.EventDispatchThread.pumpEvents(EventDispatchThread.java:101) [na:1.8.0_65]
	at java.awt.EventDispatchThread.pumpEvents(EventDispatchThread.java:93) [na:1.8.0_65]
	at java.awt.EventDispatchThread.run(EventDispatchThread.java:82) [na:1.8.0_65]
21:29:10.288 27581 [AWT-EventQueue-0] INFO  rapla.client.facade - Logout u405db03-812f-4ff7-b52c-5423a7951cf4
21:29:10.289 27582 [AWT-EventQueue-0] INFO  rapla.remotestore - Disconnecting from server
21:29:10.289 27582 [AWT-EventQueue-0] INFO  rapla.server.session.login - Request Logout admin
21:29:10.293 27586 [main] INFO  rapla - Shutting down rapla-container
21:29:10.293 27586 [main] INFO  rapla - Stopping scheduler thread.
21:29:10.294 27587 [main] INFO  rapla - Stopped scheduler thread.
21:29:10.344 27637 [main] INFO  rapla.raplafile - Disconnecting: file:/C:/Users/Adam/git/CSE2102-Fall2015-Claxton-Jackson/rapla-source-1.8.2/data/data.xml
21:29:10.344 27637 [main] INFO  rapla.server - Storage service stopped
21:29:10.401 27694 [main] INFO  o.e.j.server.handler.ContextHandler - stopped o.e.j.w.WebAppContext{/,[file:/C:/Users/Adam/git/CSE2102-Fall2015-Claxton-Jackson/rapla-source-1.8.2/war/]}
21:30:49.329 443  [main] INFO  org.eclipse.jetty.server.Server - jetty-8.1.16.v20140903
21:30:49.389 503  [main] INFO  o.e.j.d.p.ScanningAppProvider - Deployment monitor C:\Users\Adam\git\CSE2102-Fall2015-Claxton-Jackson\rapla-source-1.8.2\contexts at interval 1
21:30:49.395 509  [main] INFO  o.e.jetty.deploy.DeploymentManager - Deployable added: C:\Users\Adam\git\CSE2102-Fall2015-Claxton-Jackson\rapla-source-1.8.2\contexts\rapla-develop.xml
21:30:49.688 802  [main] INFO  rapla - Init RaplaServlet
21:30:49.690 804  [main] INFO  rapla - Passed JNDI Environment rapladatasource=raplafile env_rapladb=org.hsqldb.jdbc.JDBCDataSource@34b7ac2f env_raplafile=C:\Users\Adam\git\CSE2102-Fall2015-Claxton-Jackson\rapla-source-1.8.2/data/data.xml
21:30:49.699 813  [main] INFO  rapla - Logging via SLF4J API.
21:30:49.739 853  [main] INFO  rapla - Configured Locale= en_US
21:30:49.918 1032 [main] INFO  rapla - Config=file:/C:/Users/Adam/git/CSE2102-Fall2015-Claxton-Jackson/rapla-source-1.8.2/war/WEB-INF/raplaserver.xconf
21:30:49.918 1032 [main] INFO  rapla - Rapla.Version=@doc.version@
21:30:49.919 1033 [main] INFO  rapla - Rapla.Build=@doc.buildtime@
21:30:49.919 1033 [main] INFO  rapla - Timezone America/New_York
21:30:49.929 1043 [main] INFO  rapla - Java.Version=1.8.0_65
21:30:50.009 1123 [main] INFO  rapla.server.serverfacade - Using rapladatasource raplafile
21:30:50.041 1155 [main] INFO  rapla.raplafile - Connecting: file:/C:/Users/Adam/git/CSE2102-Fall2015-Claxton-Jackson/rapla-source-1.8.2/data/data.xml
21:30:50.206 1320 [main] INFO  rapla.raplafile - Conflict initialization found 0 conflicts and took 30ms. 
21:30:50.211 1325 [main] INFO  rapla.server.plugin - Installed plugin org.rapla.plugin.weekview.server.WeekViewServerPlugin
21:30:50.212 1326 [main] INFO  rapla.server.plugin - Installed plugin org.rapla.plugin.urlencryption.server.UrlEncryptionServerPlugin
21:30:50.212 1326 [main] INFO  rapla.server.plugin - Installed plugin org.rapla.plugin.timeslot.server.TimeslotServerPlugin
21:30:50.213 1327 [main] INFO  rapla.server.plugin - Installed plugin org.rapla.plugin.tableview.internal.server.TableViewServerPlugin
21:30:50.214 1328 [main] INFO  rapla.server.plugin - Installed plugin org.rapla.plugin.notification.server.NotificationServerPlugin
21:30:50.214 1328 [main] INFO  rapla.server.plugin - Installed plugin org.rapla.plugin.monthview.server.MonthViewServerPlugin
21:30:50.215 1329 [main] INFO  rapla.server.plugin - Installed plugin org.rapla.plugin.mail.server.MailServerPlugin
21:30:50.215 1329 [main] INFO  rapla.server.plugin - Installed plugin org.rapla.plugin.jndi.server.JNDIServerPlugin
21:30:50.215 1329 [main] INFO  rapla.server.plugin - Installed plugin org.rapla.plugin.ical.server.ImportFromICalServerPlugin
21:30:50.216 1330 [main] INFO  rapla.server.plugin - Installed plugin org.rapla.plugin.export2ical.server.Export2iCalServerPlugin
21:30:50.216 1330 [main] INFO  rapla.server.plugin - Installed plugin org.rapla.plugin.eventtimecalculator.server.EventTimeCalculatorServerPlugin
21:30:50.217 1331 [main] INFO  rapla.server.plugin - Installed plugin org.rapla.plugin.dayresource.server.DayResourceViewServerPlugin
21:30:50.217 1331 [main] INFO  rapla.server.plugin - Installed plugin org.rapla.plugin.compactweekview.server.CompactWeekViewServerPlugin
21:30:50.218 1332 [main] INFO  rapla.server.plugin - Installed plugin org.rapla.plugin.autoexport.server.AutoExportServerPlugin
21:30:50.218 1332 [main] INFO  rapla.server.plugin - Installed plugin org.rapla.plugin.archiver.server.ArchiverServerPlugin
21:30:50.514 1628 [main] INFO  rapla - Rapla server started
21:30:50.535 1649 [main] INFO  rapla.client - Starting gui 
21:30:50.572 1686 [main] INFO  rapla.client.facade - Using rapladatasource remotestore
21:30:50.590 1704 [main] INFO  rapla.remotestore - Connecting to server and starting login..
21:30:50.592 1706 [main] INFO  rapla.remotestore - login successfull
21:30:50.598 1712 [main] INFO  rapla.client.facade - Login admin
21:30:50.604 1718 [main] INFO  rapla.client.plugin - Installed plugin org.rapla.plugin.weekview.WeekViewPlugin
21:30:50.604 1718 [main] INFO  rapla.client.plugin - Installed plugin org.rapla.plugin.urlencryption.UrlEncryptionPlugin
21:30:50.605 1719 [main] INFO  rapla.client.plugin - Installed plugin org.rapla.plugin.timeslot.TimeslotPlugin
21:30:50.605 1719 [main] INFO  rapla.client.plugin - Installed plugin org.rapla.plugin.tempatewizard.TempateWizardPlugin
21:30:50.605 1719 [main] INFO  rapla.client.plugin - Installed plugin org.rapla.plugin.tableview.internal.TableViewPlugin
21:30:50.606 1720 [main] INFO  rapla.client.plugin - Installed plugin org.rapla.plugin.setowner.SetOwnerPlugin
21:30:50.606 1720 [main] INFO  rapla.client.plugin - Installed plugin org.rapla.plugin.rightsreport.RightsReportPlugin
21:30:50.606 1720 [main] INFO  rapla.client.plugin - Installed plugin org.rapla.plugin.periodcopy.PeriodCopyPlugin
21:30:50.607 1721 [main] INFO  rapla.client.plugin - Installed plugin org.rapla.plugin.notification.NotificationPlugin
21:30:50.607 1721 [main] INFO  rapla.client.plugin - Installed plugin org.rapla.plugin.monthview.MonthViewPlugin
21:30:50.607 1721 [main] INFO  rapla.client.plugin - Installed plugin org.rapla.plugin.mail.MailPlugin
21:30:50.607 1721 [main] INFO  rapla.client.plugin - Installed plugin org.rapla.plugin.jndi.JNDIPlugin
21:30:50.608 1722 [main] INFO  rapla.client.plugin - Installed plugin org.rapla.plugin.ical.ImportFromICalPlugin
21:30:50.608 1722 [main] INFO  rapla.client.plugin - Installed plugin org.rapla.plugin.export2ical.Export2iCalPlugin
21:30:50.608 1722 [main] INFO  rapla.client.plugin - Installed plugin org.rapla.plugin.eventtimecalculator.EventTimeCalculatorPlugin
21:30:50.608 1722 [main] INFO  rapla.client.plugin - Installed plugin org.rapla.plugin.defaultwizard.DefaultWizardPlugin
21:30:50.609 1723 [main] INFO  rapla.client.plugin - Installed plugin org.rapla.plugin.dayresource.DayResourceViewPlugin
21:30:50.609 1723 [main] INFO  rapla.client.plugin - Installed plugin org.rapla.plugin.compactweekview.CompactWeekViewPlugin
21:30:50.609 1723 [main] INFO  rapla.client.plugin - Installed plugin org.rapla.plugin.autoexport.AutoExportPlugin
21:30:50.609 1723 [main] INFO  rapla.client.plugin - Installed plugin org.rapla.plugin.archiver.ArchiverPlugin
21:30:50.610 1724 [main] INFO  rapla.client.plugin - Installed plugin org.rapla.plugin.appointmentcounter.AppointmentCounterPlugin
21:30:52.507 3621 [AWT-EventQueue-0] ERROR rapla.client - java.lang.NullPointerException
java.lang.NullPointerException: null
	at java.awt.Container.addImpl(Container.java:1097) [na:1.8.0_65]
	at java.awt.Container.add(Container.java:973) [na:1.8.0_65]
	at org.rapla.gui.internal.edit.ClassifiableFilterEdit.setTypes(ClassifiableFilterEdit.java:240) ~[eclipse-build/:na]
	at org.rapla.gui.internal.edit.ClassifiableFilterEdit.setFilter(ClassifiableFilterEdit.java:275) ~[eclipse-build/:na]
	at org.rapla.gui.internal.FilterEditButton$1.actionPerformed(FilterEditButton.java:54) ~[eclipse-build/:na]
	at javax.swing.AbstractButton.fireActionPerformed(AbstractButton.java:2022) [na:1.8.0_65]
	at javax.swing.AbstractButton$Handler.actionPerformed(AbstractButton.java:2348) [na:1.8.0_65]
	at javax.swing.DefaultButtonModel.fireActionPerformed(DefaultButtonModel.java:402) [na:1.8.0_65]
	at javax.swing.DefaultButtonModel.setPressed(DefaultButtonModel.java:259) [na:1.8.0_65]
	at javax.swing.plaf.basic.BasicButtonListener.mouseReleased(BasicButtonListener.java:252) [na:1.8.0_65]
	at java.awt.AWTEventMulticaster.mouseReleased(AWTEventMulticaster.java:289) [na:1.8.0_65]
	at java.awt.Component.processMouseEvent(Component.java:6535) [na:1.8.0_65]
	at javax.swing.JComponent.processMouseEvent(JComponent.java:3324) [na:1.8.0_65]
	at java.awt.Component.processEvent(Component.java:6300) [na:1.8.0_65]
	at java.awt.Container.processEvent(Container.java:2236) [na:1.8.0_65]
	at java.awt.Component.dispatchEventImpl(Component.java:4891) [na:1.8.0_65]
	at java.awt.Container.dispatchEventImpl(Container.java:2294) [na:1.8.0_65]
	at java.awt.Component.dispatchEvent(Component.java:4713) [na:1.8.0_65]
	at java.awt.LightweightDispatcher.retargetMouseEvent(Container.java:4888) [na:1.8.0_65]
	at java.awt.LightweightDispatcher.processMouseEvent(Container.java:4525) [na:1.8.0_65]
	at java.awt.LightweightDispatcher.dispatchEvent(Container.java:4466) [na:1.8.0_65]
	at java.awt.Container.dispatchEventImpl(Container.java:2280) [na:1.8.0_65]
	at java.awt.Window.dispatchEventImpl(Window.java:2750) [na:1.8.0_65]
	at java.awt.Component.dispatchEvent(Component.java:4713) [na:1.8.0_65]
	at java.awt.EventQueue.dispatchEventImpl(EventQueue.java:758) [na:1.8.0_65]
	at java.awt.EventQueue.access$500(EventQueue.java:97) [na:1.8.0_65]
	at java.awt.EventQueue$3.run(EventQueue.java:709) [na:1.8.0_65]
	at java.awt.EventQueue$3.run(EventQueue.java:703) [na:1.8.0_65]
	at java.security.AccessController.doPrivileged(Native Method) [na:1.8.0_65]
	at java.security.ProtectionDomain$JavaSecurityAccessImpl.doIntersectionPrivilege(ProtectionDomain.java:76) [na:1.8.0_65]
	at java.security.ProtectionDomain$JavaSecurityAccessImpl.doIntersectionPrivilege(ProtectionDomain.java:86) [na:1.8.0_65]
	at java.awt.EventQueue$4.run(EventQueue.java:731) [na:1.8.0_65]
	at java.awt.EventQueue$4.run(EventQueue.java:729) [na:1.8.0_65]
	at java.security.AccessController.doPrivileged(Native Method) [na:1.8.0_65]
	at java.security.ProtectionDomain$JavaSecurityAccessImpl.doIntersectionPrivilege(ProtectionDomain.java:76) [na:1.8.0_65]
	at java.awt.EventQueue.dispatchEvent(EventQueue.java:728) [na:1.8.0_65]
	at java.awt.EventDispatchThread.pumpOneEventForFilters(EventDispatchThread.java:201) [na:1.8.0_65]
	at java.awt.EventDispatchThread.pumpEventsForFilter(EventDispatchThread.java:116) [na:1.8.0_65]
	at java.awt.EventDispatchThread.pumpEventsForHierarchy(EventDispatchThread.java:105) [na:1.8.0_65]
	at java.awt.EventDispatchThread.pumpEvents(EventDispatchThread.java:101) [na:1.8.0_65]
	at java.awt.EventDispatchThread.pumpEvents(EventDispatchThread.java:93) [na:1.8.0_65]
	at java.awt.EventDispatchThread.run(EventDispatchThread.java:82) [na:1.8.0_65]
21:31:03.500 14614 [AWT-EventQueue-0] INFO  rapla.client.facade - Logout u405db03-812f-4ff7-b52c-5423a7951cf4
21:31:03.500 14614 [AWT-EventQueue-0] INFO  rapla.remotestore - Disconnecting from server
21:31:03.500 14614 [AWT-EventQueue-0] INFO  rapla.server.session.login - Request Logout admin
21:31:03.504 14618 [main] INFO  rapla - Shutting down rapla-container
21:31:03.504 14618 [main] INFO  rapla - Stopping scheduler thread.
21:31:03.505 14619 [main] INFO  rapla - Stopped scheduler thread.
21:31:03.555 14669 [main] INFO  rapla.raplafile - Disconnecting: file:/C:/Users/Adam/git/CSE2102-Fall2015-Claxton-Jackson/rapla-source-1.8.2/data/data.xml
21:31:03.556 14670 [main] INFO  rapla.server - Storage service stopped
21:31:03.615 14729 [main] INFO  o.e.j.server.handler.ContextHandler - stopped o.e.j.w.WebAppContext{/,[file:/C:/Users/Adam/git/CSE2102-Fall2015-Claxton-Jackson/rapla-source-1.8.2/war/]}
