11:22:56.741 779  [main] INFO  org.eclipse.jetty.server.Server - jetty-8.1.16.v20140903
11:22:56.808 846  [main] INFO  o.e.j.d.p.ScanningAppProvider - Deployment monitor /Users/Jackson/git/CSE2102-Fall2015-Claxton-Jackson/rapla-source-1.8.2/contexts at interval 1
11:22:56.813 851  [main] INFO  o.e.jetty.deploy.DeploymentManager - Deployable added: /Users/Jackson/git/CSE2102-Fall2015-Claxton-Jackson/rapla-source-1.8.2/contexts/rapla-develop.xml
11:22:57.711 1749 [main] INFO  rapla - Init RaplaServlet
11:22:57.713 1751 [main] INFO  rapla - Passed JNDI Environment rapladatasource=raplafile env_rapladb=org.hsqldb.jdbc.JDBCDataSource@48e4374 env_raplafile=/Users/Jackson/git/CSE2102-Fall2015-Claxton-Jackson/rapla-source-1.8.2/data/data.xml
11:22:57.750 1788 [main] INFO  rapla - Logging via SLF4J API.
11:22:58.169 2207 [main] INFO  rapla - Configured Locale= en_US
11:22:58.686 2724 [main] INFO  rapla - Config=file:/Users/Jackson/git/CSE2102-Fall2015-Claxton-Jackson/rapla-source-1.8.2/war/WEB-INF/raplaserver.xconf
11:22:58.687 2725 [main] INFO  rapla - Rapla.Version=@doc.version@
11:22:58.687 2725 [main] INFO  rapla - Rapla.Build=@doc.buildtime@
11:22:58.687 2725 [main] INFO  rapla - Timezone America/New_York
11:22:58.775 2813 [main] INFO  rapla - Java.Version=1.8.0_20
11:22:58.965 3003 [main] INFO  rapla.server.serverfacade - Using rapladatasource raplafile
11:22:59.404 3442 [main] INFO  rapla.raplafile - Connecting: file:/Users/Jackson/git/CSE2102-Fall2015-Claxton-Jackson/rapla-source-1.8.2/data/data.xml
11:23:00.228 4266 [main] INFO  rapla.raplafile - Conflict initialization found 0 conflicts and took 41ms. 
11:23:00.234 4272 [main] INFO  rapla.server.plugin - Installed plugin org.rapla.plugin.weekview.server.WeekViewServerPlugin
11:23:00.235 4273 [main] INFO  rapla.server.plugin - Installed plugin org.rapla.plugin.urlencryption.server.UrlEncryptionServerPlugin
11:23:00.235 4273 [main] INFO  rapla.server.plugin - Installed plugin org.rapla.plugin.timeslot.server.TimeslotServerPlugin
11:23:00.236 4274 [main] INFO  rapla.server.plugin - Installed plugin org.rapla.plugin.tableview.internal.server.TableViewServerPlugin
11:23:00.237 4275 [main] INFO  rapla.server.plugin - Installed plugin org.rapla.plugin.notification.server.NotificationServerPlugin
11:23:00.237 4275 [main] INFO  rapla.server.plugin - Installed plugin org.rapla.plugin.monthview.server.MonthViewServerPlugin
11:23:00.238 4276 [main] INFO  rapla.server.plugin - Installed plugin org.rapla.plugin.mail.server.MailServerPlugin
11:23:00.238 4276 [main] INFO  rapla.server.plugin - Installed plugin org.rapla.plugin.jndi.server.JNDIServerPlugin
11:23:00.238 4276 [main] INFO  rapla.server.plugin - Installed plugin org.rapla.plugin.ical.server.ImportFromICalServerPlugin
11:23:00.239 4277 [main] INFO  rapla.server.plugin - Installed plugin org.rapla.plugin.export2ical.server.Export2iCalServerPlugin
11:23:00.239 4277 [main] INFO  rapla.server.plugin - Installed plugin org.rapla.plugin.eventtimecalculator.server.EventTimeCalculatorServerPlugin
11:23:00.240 4278 [main] INFO  rapla.server.plugin - Installed plugin org.rapla.plugin.dayresource.server.DayResourceViewServerPlugin
11:23:00.240 4278 [main] INFO  rapla.server.plugin - Installed plugin org.rapla.plugin.compactweekview.server.CompactWeekViewServerPlugin
11:23:00.241 4279 [main] INFO  rapla.server.plugin - Installed plugin org.rapla.plugin.autoexport.server.AutoExportServerPlugin
11:23:00.241 4279 [main] INFO  rapla.server.plugin - Installed plugin org.rapla.plugin.archiver.server.ArchiverServerPlugin
11:23:00.903 4941 [main] INFO  rapla - Rapla server started
11:23:01.102 5140 [main] INFO  rapla.client - Starting gui 
11:23:01.733 5771 [main] INFO  rapla.client.facade - Using rapladatasource remotestore
11:23:01.839 5877 [main] INFO  rapla.remotestore - Connecting to server and starting login..
11:23:01.842 5880 [main] INFO  rapla.remotestore - login successfull
11:23:01.889 5927 [main] INFO  rapla.client.facade - Login admin
11:23:01.979 6017 [main] INFO  rapla.client.plugin - Installed plugin org.rapla.plugin.weekview.WeekViewPlugin
11:23:01.980 6018 [main] INFO  rapla.client.plugin - Installed plugin org.rapla.plugin.urlencryption.UrlEncryptionPlugin
11:23:01.980 6018 [main] INFO  rapla.client.plugin - Installed plugin org.rapla.plugin.timeslot.TimeslotPlugin
11:23:01.980 6018 [main] INFO  rapla.client.plugin - Installed plugin org.rapla.plugin.tempatewizard.TempateWizardPlugin
11:23:01.981 6019 [main] INFO  rapla.client.plugin - Installed plugin org.rapla.plugin.tableview.internal.TableViewPlugin
11:23:01.981 6019 [main] INFO  rapla.client.plugin - Installed plugin org.rapla.plugin.setowner.SetOwnerPlugin
11:23:01.981 6019 [main] INFO  rapla.client.plugin - Installed plugin org.rapla.plugin.rightsreport.RightsReportPlugin
11:23:01.982 6020 [main] INFO  rapla.client.plugin - Installed plugin org.rapla.plugin.periodcopy.PeriodCopyPlugin
11:23:01.982 6020 [main] INFO  rapla.client.plugin - Installed plugin org.rapla.plugin.notification.NotificationPlugin
11:23:01.983 6021 [main] INFO  rapla.client.plugin - Installed plugin org.rapla.plugin.monthview.MonthViewPlugin
11:23:01.983 6021 [main] INFO  rapla.client.plugin - Installed plugin org.rapla.plugin.mail.MailPlugin
11:23:01.983 6021 [main] INFO  rapla.client.plugin - Installed plugin org.rapla.plugin.jndi.JNDIPlugin
11:23:01.983 6021 [main] INFO  rapla.client.plugin - Installed plugin org.rapla.plugin.ical.ImportFromICalPlugin
11:23:01.984 6022 [main] INFO  rapla.client.plugin - Installed plugin org.rapla.plugin.export2ical.Export2iCalPlugin
11:23:01.984 6022 [main] INFO  rapla.client.plugin - Installed plugin org.rapla.plugin.eventtimecalculator.EventTimeCalculatorPlugin
11:23:01.984 6022 [main] INFO  rapla.client.plugin - Installed plugin org.rapla.plugin.defaultwizard.DefaultWizardPlugin
11:23:01.985 6023 [main] INFO  rapla.client.plugin - Installed plugin org.rapla.plugin.dayresource.DayResourceViewPlugin
11:23:01.985 6023 [main] INFO  rapla.client.plugin - Installed plugin org.rapla.plugin.compactweekview.CompactWeekViewPlugin
11:23:01.985 6023 [main] INFO  rapla.client.plugin - Installed plugin org.rapla.plugin.autoexport.AutoExportPlugin
11:23:01.986 6024 [main] INFO  rapla.client.plugin - Installed plugin org.rapla.plugin.archiver.ArchiverPlugin
11:23:01.986 6024 [main] INFO  rapla.client.plugin - Installed plugin org.rapla.plugin.appointmentcounter.AppointmentCounterPlugin
11:49:33.702 1597740 [AWT-EventQueue-0] INFO  rapla.client.facade - Logout u405db03-812f-4ff7-b52c-5423a7951cf4
11:49:33.703 1597741 [AWT-EventQueue-0] INFO  rapla.remotestore - Disconnecting from server
11:49:33.703 1597741 [AWT-EventQueue-0] INFO  rapla.server.session.login - Request Logout admin
11:49:33.706 1597744 [main] INFO  rapla - Shutting down rapla-container
11:49:33.706 1597744 [main] INFO  rapla - Stopping scheduler thread.
11:49:33.707 1597745 [main] INFO  rapla - Stopped scheduler thread.
11:49:33.757 1597795 [main] INFO  rapla.raplafile - Disconnecting: file:/Users/Jackson/git/CSE2102-Fall2015-Claxton-Jackson/rapla-source-1.8.2/data/data.xml
11:49:33.758 1597796 [main] INFO  rapla.server - Storage service stopped
11:49:34.252 1598290 [main] INFO  o.e.j.server.handler.ContextHandler - stopped o.e.j.w.WebAppContext{/,[file:/Users/Jackson/git/CSE2102-Fall2015-Claxton-Jackson/rapla-source-1.8.2/war/]}
11:50:48.136 1465 [main] INFO  org.eclipse.jetty.server.Server - jetty-8.1.16.v20140903
11:50:48.330 1659 [main] INFO  o.e.j.d.p.ScanningAppProvider - Deployment monitor /Users/Jackson/git/CSE2102-Fall2015-Claxton-Jackson/rapla-source-1.8.2/contexts at interval 1
11:50:48.346 1675 [main] INFO  o.e.jetty.deploy.DeploymentManager - Deployable added: /Users/Jackson/git/CSE2102-Fall2015-Claxton-Jackson/rapla-source-1.8.2/contexts/rapla-develop.xml
11:50:50.293 3622 [main] INFO  rapla - Init RaplaServlet
11:50:50.298 3627 [main] INFO  rapla - Passed JNDI Environment rapladatasource=raplafile env_rapladb=org.hsqldb.jdbc.JDBCDataSource@73194df env_raplafile=/Users/Jackson/git/CSE2102-Fall2015-Claxton-Jackson/rapla-source-1.8.2/data/data.xml
11:50:50.331 3660 [main] INFO  rapla - Logging via SLF4J API.
11:50:50.495 3824 [main] INFO  rapla - Configured Locale= en_US
11:50:51.598 4927 [main] INFO  rapla - Config=file:/Users/Jackson/git/CSE2102-Fall2015-Claxton-Jackson/rapla-source-1.8.2/war/WEB-INF/raplaserver.xconf
11:50:51.599 4928 [main] INFO  rapla - Rapla.Version=@doc.version@
11:50:51.599 4928 [main] INFO  rapla - Rapla.Build=@doc.buildtime@
11:50:51.600 4929 [main] INFO  rapla - Timezone America/New_York
11:50:51.633 4962 [main] INFO  rapla - Java.Version=1.8.0_20
11:50:51.839 5168 [main] INFO  rapla.server.serverfacade - Using rapladatasource raplafile
11:50:51.933 5262 [main] INFO  rapla.raplafile - Connecting: file:/Users/Jackson/git/CSE2102-Fall2015-Claxton-Jackson/rapla-source-1.8.2/data/data.xml
11:50:52.211 5540 [main] INFO  rapla.raplafile - Conflict initialization found 0 conflicts and took 13ms. 
11:50:52.222 5551 [main] INFO  rapla.server.plugin - Installed plugin org.rapla.plugin.weekview.server.WeekViewServerPlugin
11:50:52.224 5553 [main] INFO  rapla.server.plugin - Installed plugin org.rapla.plugin.urlencryption.server.UrlEncryptionServerPlugin
11:50:52.227 5556 [main] INFO  rapla.server.plugin - Installed plugin org.rapla.plugin.timeslot.server.TimeslotServerPlugin
11:50:52.231 5560 [main] INFO  rapla.server.plugin - Installed plugin org.rapla.plugin.tableview.internal.server.TableViewServerPlugin
11:50:52.234 5563 [main] INFO  rapla.server.plugin - Installed plugin org.rapla.plugin.notification.server.NotificationServerPlugin
11:50:52.236 5565 [main] INFO  rapla.server.plugin - Installed plugin org.rapla.plugin.monthview.server.MonthViewServerPlugin
11:50:52.238 5567 [main] INFO  rapla.server.plugin - Installed plugin org.rapla.plugin.mail.server.MailServerPlugin
11:50:52.240 5569 [main] INFO  rapla.server.plugin - Installed plugin org.rapla.plugin.jndi.server.JNDIServerPlugin
11:50:52.241 5570 [main] INFO  rapla.server.plugin - Installed plugin org.rapla.plugin.ical.server.ImportFromICalServerPlugin
11:50:52.243 5572 [main] INFO  rapla.server.plugin - Installed plugin org.rapla.plugin.export2ical.server.Export2iCalServerPlugin
11:50:52.245 5574 [main] INFO  rapla.server.plugin - Installed plugin org.rapla.plugin.eventtimecalculator.server.EventTimeCalculatorServerPlugin
11:50:52.247 5576 [main] INFO  rapla.server.plugin - Installed plugin org.rapla.plugin.dayresource.server.DayResourceViewServerPlugin
11:50:52.249 5578 [main] INFO  rapla.server.plugin - Installed plugin org.rapla.plugin.compactweekview.server.CompactWeekViewServerPlugin
11:50:52.251 5580 [main] INFO  rapla.server.plugin - Installed plugin org.rapla.plugin.autoexport.server.AutoExportServerPlugin
11:50:52.253 5582 [main] INFO  rapla.server.plugin - Installed plugin org.rapla.plugin.archiver.server.ArchiverServerPlugin
11:50:57.265 10594 [main] INFO  rapla - Rapla server started
11:50:57.342 10671 [main] INFO  rapla.client - Starting gui 
11:50:57.483 10812 [main] INFO  rapla.client.facade - Using rapladatasource remotestore
11:50:57.551 10880 [main] INFO  rapla.remotestore - Connecting to server and starting login..
11:50:57.559 10888 [main] INFO  rapla.remotestore - login successfull
11:50:57.571 10900 [main] INFO  rapla.client.facade - Login admin
11:50:57.584 10913 [main] INFO  rapla.client.plugin - Installed plugin org.rapla.plugin.weekview.WeekViewPlugin
11:50:57.585 10914 [main] INFO  rapla.client.plugin - Installed plugin org.rapla.plugin.urlencryption.UrlEncryptionPlugin
11:50:57.587 10916 [main] INFO  rapla.client.plugin - Installed plugin org.rapla.plugin.timeslot.TimeslotPlugin
11:50:57.588 10917 [main] INFO  rapla.client.plugin - Installed plugin org.rapla.plugin.tempatewizard.TempateWizardPlugin
11:50:57.589 10918 [main] INFO  rapla.client.plugin - Installed plugin org.rapla.plugin.tableview.internal.TableViewPlugin
11:50:57.590 10919 [main] INFO  rapla.client.plugin - Installed plugin org.rapla.plugin.setowner.SetOwnerPlugin
11:50:57.591 10920 [main] INFO  rapla.client.plugin - Installed plugin org.rapla.plugin.rightsreport.RightsReportPlugin
11:50:57.592 10921 [main] INFO  rapla.client.plugin - Installed plugin org.rapla.plugin.periodcopy.PeriodCopyPlugin
11:50:57.593 10922 [main] INFO  rapla.client.plugin - Installed plugin org.rapla.plugin.notification.NotificationPlugin
11:50:57.594 10923 [main] INFO  rapla.client.plugin - Installed plugin org.rapla.plugin.monthview.MonthViewPlugin
11:50:57.595 10924 [main] INFO  rapla.client.plugin - Installed plugin org.rapla.plugin.mail.MailPlugin
11:50:57.597 10926 [main] INFO  rapla.client.plugin - Installed plugin org.rapla.plugin.jndi.JNDIPlugin
11:50:57.598 10927 [main] INFO  rapla.client.plugin - Installed plugin org.rapla.plugin.ical.ImportFromICalPlugin
11:50:57.599 10928 [main] INFO  rapla.client.plugin - Installed plugin org.rapla.plugin.export2ical.Export2iCalPlugin
11:50:57.600 10929 [main] INFO  rapla.client.plugin - Installed plugin org.rapla.plugin.eventtimecalculator.EventTimeCalculatorPlugin
11:50:57.601 10930 [main] INFO  rapla.client.plugin - Installed plugin org.rapla.plugin.defaultwizard.DefaultWizardPlugin
11:50:57.602 10931 [main] INFO  rapla.client.plugin - Installed plugin org.rapla.plugin.dayresource.DayResourceViewPlugin
11:50:57.603 10932 [main] INFO  rapla.client.plugin - Installed plugin org.rapla.plugin.compactweekview.CompactWeekViewPlugin
11:50:57.605 10934 [main] INFO  rapla.client.plugin - Installed plugin org.rapla.plugin.autoexport.AutoExportPlugin
11:50:57.606 10935 [main] INFO  rapla.client.plugin - Installed plugin org.rapla.plugin.archiver.ArchiverPlugin
11:50:57.607 10936 [main] INFO  rapla.client.plugin - Installed plugin org.rapla.plugin.appointmentcounter.AppointmentCounterPlugin
11:52:31.712 1468 [main] INFO  org.eclipse.jetty.server.Server - jetty-8.1.16.v20140903
11:52:31.902 1658 [main] INFO  o.e.j.d.p.ScanningAppProvider - Deployment monitor /Users/Jackson/git/CSE2102-Fall2015-Claxton-Jackson/rapla-source-1.8.2/contexts at interval 1
11:52:31.918 1674 [main] INFO  o.e.jetty.deploy.DeploymentManager - Deployable added: /Users/Jackson/git/CSE2102-Fall2015-Claxton-Jackson/rapla-source-1.8.2/contexts/rapla-develop.xml
11:52:33.882 3638 [main] INFO  rapla - Init RaplaServlet
11:52:33.887 3643 [main] INFO  rapla - Passed JNDI Environment rapladatasource=raplafile env_rapladb=org.hsqldb.jdbc.JDBCDataSource@73194df env_raplafile=/Users/Jackson/git/CSE2102-Fall2015-Claxton-Jackson/rapla-source-1.8.2/data/data.xml
11:52:33.917 3673 [main] INFO  rapla - Logging via SLF4J API.
11:52:34.068 3824 [main] INFO  rapla - Configured Locale= en_US
11:52:35.162 4918 [main] INFO  rapla - Config=file:/Users/Jackson/git/CSE2102-Fall2015-Claxton-Jackson/rapla-source-1.8.2/war/WEB-INF/raplaserver.xconf
11:52:35.163 4919 [main] INFO  rapla - Rapla.Version=@doc.version@
11:52:35.164 4920 [main] INFO  rapla - Rapla.Build=@doc.buildtime@
11:52:35.165 4921 [main] INFO  rapla - Timezone America/New_York
11:52:35.198 4954 [main] INFO  rapla - Java.Version=1.8.0_20
11:52:35.413 5169 [main] INFO  rapla.server.serverfacade - Using rapladatasource raplafile
11:52:35.508 5264 [main] INFO  rapla.raplafile - Connecting: file:/Users/Jackson/git/CSE2102-Fall2015-Claxton-Jackson/rapla-source-1.8.2/data/data.xml
11:52:35.787 5543 [main] INFO  rapla.raplafile - Conflict initialization found 0 conflicts and took 13ms. 
11:52:35.797 5553 [main] INFO  rapla.server.plugin - Installed plugin org.rapla.plugin.weekview.server.WeekViewServerPlugin
11:52:35.800 5556 [main] INFO  rapla.server.plugin - Installed plugin org.rapla.plugin.urlencryption.server.UrlEncryptionServerPlugin
11:52:35.802 5558 [main] INFO  rapla.server.plugin - Installed plugin org.rapla.plugin.timeslot.server.TimeslotServerPlugin
11:52:35.804 5560 [main] INFO  rapla.server.plugin - Installed plugin org.rapla.plugin.tableview.internal.server.TableViewServerPlugin
11:52:35.808 5564 [main] INFO  rapla.server.plugin - Installed plugin org.rapla.plugin.notification.server.NotificationServerPlugin
11:52:35.809 5565 [main] INFO  rapla.server.plugin - Installed plugin org.rapla.plugin.monthview.server.MonthViewServerPlugin
11:52:35.811 5567 [main] INFO  rapla.server.plugin - Installed plugin org.rapla.plugin.mail.server.MailServerPlugin
11:52:35.813 5569 [main] INFO  rapla.server.plugin - Installed plugin org.rapla.plugin.jndi.server.JNDIServerPlugin
11:52:35.815 5571 [main] INFO  rapla.server.plugin - Installed plugin org.rapla.plugin.ical.server.ImportFromICalServerPlugin
11:52:35.816 5572 [main] INFO  rapla.server.plugin - Installed plugin org.rapla.plugin.export2ical.server.Export2iCalServerPlugin
11:52:35.818 5574 [main] INFO  rapla.server.plugin - Installed plugin org.rapla.plugin.eventtimecalculator.server.EventTimeCalculatorServerPlugin
11:52:35.820 5576 [main] INFO  rapla.server.plugin - Installed plugin org.rapla.plugin.dayresource.server.DayResourceViewServerPlugin
11:52:35.821 5577 [main] INFO  rapla.server.plugin - Installed plugin org.rapla.plugin.compactweekview.server.CompactWeekViewServerPlugin
11:52:35.823 5579 [main] INFO  rapla.server.plugin - Installed plugin org.rapla.plugin.autoexport.server.AutoExportServerPlugin
11:52:35.825 5581 [main] INFO  rapla.server.plugin - Installed plugin org.rapla.plugin.archiver.server.ArchiverServerPlugin
11:52:40.881 10637 [main] INFO  rapla - Rapla server started
11:52:40.955 10711 [main] INFO  rapla.client - Starting gui 
11:52:41.095 10851 [main] INFO  rapla.client.facade - Using rapladatasource remotestore
11:52:41.148 10904 [main] INFO  rapla.remotestore - Connecting to server and starting login..
11:52:41.154 10910 [main] INFO  rapla.remotestore - login successfull
11:52:41.165 10921 [main] INFO  rapla.client.facade - Login admin
11:52:41.178 10934 [main] INFO  rapla.client.plugin - Installed plugin org.rapla.plugin.weekview.WeekViewPlugin
11:52:41.179 10935 [main] INFO  rapla.client.plugin - Installed plugin org.rapla.plugin.urlencryption.UrlEncryptionPlugin
11:52:41.181 10937 [main] INFO  rapla.client.plugin - Installed plugin org.rapla.plugin.timeslot.TimeslotPlugin
11:52:41.182 10938 [main] INFO  rapla.client.plugin - Installed plugin org.rapla.plugin.tempatewizard.TempateWizardPlugin
11:52:41.183 10939 [main] INFO  rapla.client.plugin - Installed plugin org.rapla.plugin.tableview.internal.TableViewPlugin
11:52:41.184 10940 [main] INFO  rapla.client.plugin - Installed plugin org.rapla.plugin.setowner.SetOwnerPlugin
11:52:41.185 10941 [main] INFO  rapla.client.plugin - Installed plugin org.rapla.plugin.rightsreport.RightsReportPlugin
11:52:41.186 10942 [main] INFO  rapla.client.plugin - Installed plugin org.rapla.plugin.periodcopy.PeriodCopyPlugin
11:52:41.187 10943 [main] INFO  rapla.client.plugin - Installed plugin org.rapla.plugin.notification.NotificationPlugin
11:52:41.188 10944 [main] INFO  rapla.client.plugin - Installed plugin org.rapla.plugin.monthview.MonthViewPlugin
11:52:41.189 10945 [main] INFO  rapla.client.plugin - Installed plugin org.rapla.plugin.mail.MailPlugin
11:52:41.191 10947 [main] INFO  rapla.client.plugin - Installed plugin org.rapla.plugin.jndi.JNDIPlugin
11:52:41.192 10948 [main] INFO  rapla.client.plugin - Installed plugin org.rapla.plugin.ical.ImportFromICalPlugin
11:52:41.193 10949 [main] INFO  rapla.client.plugin - Installed plugin org.rapla.plugin.export2ical.Export2iCalPlugin
11:52:41.194 10950 [main] INFO  rapla.client.plugin - Installed plugin org.rapla.plugin.eventtimecalculator.EventTimeCalculatorPlugin
11:52:41.195 10951 [main] INFO  rapla.client.plugin - Installed plugin org.rapla.plugin.defaultwizard.DefaultWizardPlugin
11:52:41.196 10952 [main] INFO  rapla.client.plugin - Installed plugin org.rapla.plugin.dayresource.DayResourceViewPlugin
11:52:41.197 10953 [main] INFO  rapla.client.plugin - Installed plugin org.rapla.plugin.compactweekview.CompactWeekViewPlugin
11:52:41.199 10955 [main] INFO  rapla.client.plugin - Installed plugin org.rapla.plugin.autoexport.AutoExportPlugin
11:52:41.200 10956 [main] INFO  rapla.client.plugin - Installed plugin org.rapla.plugin.archiver.ArchiverPlugin
11:52:41.201 10957 [main] INFO  rapla.client.plugin - Installed plugin org.rapla.plugin.appointmentcounter.AppointmentCounterPlugin
11:55:42.758 1476 [main] INFO  org.eclipse.jetty.server.Server - jetty-8.1.16.v20140903
11:55:42.951 1669 [main] INFO  o.e.j.d.p.ScanningAppProvider - Deployment monitor /Users/Jackson/git/CSE2102-Fall2015-Claxton-Jackson/rapla-source-1.8.2/contexts at interval 1
11:55:42.967 1685 [main] INFO  o.e.jetty.deploy.DeploymentManager - Deployable added: /Users/Jackson/git/CSE2102-Fall2015-Claxton-Jackson/rapla-source-1.8.2/contexts/rapla-develop.xml
11:55:44.969 3687 [main] INFO  rapla - Init RaplaServlet
11:55:44.975 3693 [main] INFO  rapla - Passed JNDI Environment rapladatasource=raplafile env_rapladb=org.hsqldb.jdbc.JDBCDataSource@73194df env_raplafile=/Users/Jackson/git/CSE2102-Fall2015-Claxton-Jackson/rapla-source-1.8.2/data/data.xml
11:55:45.003 3721 [main] INFO  rapla - Logging via SLF4J API.
11:55:45.158 3876 [main] INFO  rapla - Configured Locale= en_US
11:55:46.276 4994 [main] INFO  rapla - Config=file:/Users/Jackson/git/CSE2102-Fall2015-Claxton-Jackson/rapla-source-1.8.2/war/WEB-INF/raplaserver.xconf
11:55:46.277 4995 [main] INFO  rapla - Rapla.Version=@doc.version@
11:55:46.278 4996 [main] INFO  rapla - Rapla.Build=@doc.buildtime@
11:55:46.279 4997 [main] INFO  rapla - Timezone America/New_York
11:55:46.314 5032 [main] INFO  rapla - Java.Version=1.8.0_20
11:55:46.519 5237 [main] INFO  rapla.server.serverfacade - Using rapladatasource raplafile
11:55:46.612 5330 [main] INFO  rapla.raplafile - Connecting: file:/Users/Jackson/git/CSE2102-Fall2015-Claxton-Jackson/rapla-source-1.8.2/data/data.xml
11:55:46.894 5612 [main] INFO  rapla.raplafile - Conflict initialization found 0 conflicts and took 16ms. 
11:55:46.904 5622 [main] INFO  rapla.server.plugin - Installed plugin org.rapla.plugin.weekview.server.WeekViewServerPlugin
11:55:46.907 5625 [main] INFO  rapla.server.plugin - Installed plugin org.rapla.plugin.urlencryption.server.UrlEncryptionServerPlugin
11:55:46.910 5628 [main] INFO  rapla.server.plugin - Installed plugin org.rapla.plugin.timeslot.server.TimeslotServerPlugin
11:55:46.913 5631 [main] INFO  rapla.server.plugin - Installed plugin org.rapla.plugin.tableview.internal.server.TableViewServerPlugin
11:55:46.916 5634 [main] INFO  rapla.server.plugin - Installed plugin org.rapla.plugin.notification.server.NotificationServerPlugin
11:55:46.918 5636 [main] INFO  rapla.server.plugin - Installed plugin org.rapla.plugin.monthview.server.MonthViewServerPlugin
11:55:46.920 5638 [main] INFO  rapla.server.plugin - Installed plugin org.rapla.plugin.mail.server.MailServerPlugin
11:55:46.922 5640 [main] INFO  rapla.server.plugin - Installed plugin org.rapla.plugin.jndi.server.JNDIServerPlugin
11:55:46.924 5642 [main] INFO  rapla.server.plugin - Installed plugin org.rapla.plugin.ical.server.ImportFromICalServerPlugin
11:55:46.925 5643 [main] INFO  rapla.server.plugin - Installed plugin org.rapla.plugin.export2ical.server.Export2iCalServerPlugin
11:55:46.927 5645 [main] INFO  rapla.server.plugin - Installed plugin org.rapla.plugin.eventtimecalculator.server.EventTimeCalculatorServerPlugin
11:55:46.929 5647 [main] INFO  rapla.server.plugin - Installed plugin org.rapla.plugin.dayresource.server.DayResourceViewServerPlugin
11:55:46.931 5649 [main] INFO  rapla.server.plugin - Installed plugin org.rapla.plugin.compactweekview.server.CompactWeekViewServerPlugin
11:55:46.933 5651 [main] INFO  rapla.server.plugin - Installed plugin org.rapla.plugin.autoexport.server.AutoExportServerPlugin
11:55:46.934 5652 [main] INFO  rapla.server.plugin - Installed plugin org.rapla.plugin.archiver.server.ArchiverServerPlugin
12:02:13.682 1404 [main] INFO  org.eclipse.jetty.server.Server - jetty-8.1.16.v20140903
12:02:13.874 1596 [main] INFO  o.e.j.d.p.ScanningAppProvider - Deployment monitor /Users/Jackson/git/CSE2102-Fall2015-Claxton-Jackson/rapla-source-1.8.2/contexts at interval 1
12:02:13.890 1612 [main] INFO  o.e.jetty.deploy.DeploymentManager - Deployable added: /Users/Jackson/git/CSE2102-Fall2015-Claxton-Jackson/rapla-source-1.8.2/contexts/rapla-develop.xml
12:02:15.859 3581 [main] INFO  rapla - Init RaplaServlet
12:02:15.865 3587 [main] INFO  rapla - Passed JNDI Environment rapladatasource=raplafile env_rapladb=org.hsqldb.jdbc.JDBCDataSource@70f02c32 env_raplafile=/Users/Jackson/git/CSE2102-Fall2015-Claxton-Jackson/rapla-source-1.8.2/data/data.xml
12:02:15.891 3613 [main] INFO  rapla - Logging via SLF4J API.
12:02:16.015 3737 [main] INFO  rapla - Configured Locale= en_US
12:02:17.112 4834 [main] INFO  rapla - Config=file:/Users/Jackson/git/CSE2102-Fall2015-Claxton-Jackson/rapla-source-1.8.2/war/WEB-INF/raplaserver.xconf
12:02:17.113 4835 [main] INFO  rapla - Rapla.Version=@doc.version@
12:02:17.114 4836 [main] INFO  rapla - Rapla.Build=@doc.buildtime@
12:02:17.115 4837 [main] INFO  rapla - Timezone America/New_York
12:02:17.140 4862 [main] INFO  rapla - Java.Version=1.8.0_20
12:02:17.339 5061 [main] INFO  rapla.server.serverfacade - Using rapladatasource raplafile
12:02:17.412 5134 [main] INFO  rapla.raplafile - Connecting: file:/Users/Jackson/git/CSE2102-Fall2015-Claxton-Jackson/rapla-source-1.8.2/data/data.xml
12:02:17.645 5367 [main] INFO  rapla.raplafile - Conflict initialization found 0 conflicts and took 11ms. 
12:02:17.655 5377 [main] INFO  rapla.server.plugin - Installed plugin org.rapla.plugin.weekview.server.WeekViewServerPlugin
12:02:17.658 5380 [main] INFO  rapla.server.plugin - Installed plugin org.rapla.plugin.urlencryption.server.UrlEncryptionServerPlugin
12:02:17.660 5382 [main] INFO  rapla.server.plugin - Installed plugin org.rapla.plugin.timeslot.server.TimeslotServerPlugin
12:02:17.664 5386 [main] INFO  rapla.server.plugin - Installed plugin org.rapla.plugin.tableview.internal.server.TableViewServerPlugin
12:02:17.666 5388 [main] INFO  rapla.server.plugin - Installed plugin org.rapla.plugin.notification.server.NotificationServerPlugin
12:02:17.668 5390 [main] INFO  rapla.server.plugin - Installed plugin org.rapla.plugin.monthview.server.MonthViewServerPlugin
12:02:17.670 5392 [main] INFO  rapla.server.plugin - Installed plugin org.rapla.plugin.mail.server.MailServerPlugin
12:02:17.672 5394 [main] INFO  rapla.server.plugin - Installed plugin org.rapla.plugin.jndi.server.JNDIServerPlugin
12:02:17.673 5395 [main] INFO  rapla.server.plugin - Installed plugin org.rapla.plugin.ical.server.ImportFromICalServerPlugin
12:02:17.675 5397 [main] INFO  rapla.server.plugin - Installed plugin org.rapla.plugin.export2ical.server.Export2iCalServerPlugin
12:02:17.676 5398 [main] INFO  rapla.server.plugin - Installed plugin org.rapla.plugin.eventtimecalculator.server.EventTimeCalculatorServerPlugin
12:02:17.679 5401 [main] INFO  rapla.server.plugin - Installed plugin org.rapla.plugin.dayresource.server.DayResourceViewServerPlugin
12:02:17.680 5402 [main] INFO  rapla.server.plugin - Installed plugin org.rapla.plugin.compactweekview.server.CompactWeekViewServerPlugin
12:02:17.682 5404 [main] INFO  rapla.server.plugin - Installed plugin org.rapla.plugin.autoexport.server.AutoExportServerPlugin
12:02:17.684 5406 [main] INFO  rapla.server.plugin - Installed plugin org.rapla.plugin.archiver.server.ArchiverServerPlugin
12:02:22.848 10570 [main] INFO  rapla - Rapla server started
12:02:22.923 10645 [main] INFO  rapla.client - Starting gui 
12:02:23.058 10780 [main] INFO  rapla.client.facade - Using rapladatasource remotestore
12:02:23.106 10828 [main] INFO  rapla.remotestore - Connecting to server and starting login..
12:02:23.112 10834 [main] INFO  rapla.remotestore - login successfull
12:02:23.124 10846 [main] INFO  rapla.client.facade - Login admin
12:02:23.138 10860 [main] INFO  rapla.client.plugin - Installed plugin org.rapla.plugin.weekview.WeekViewPlugin
12:02:23.140 10862 [main] INFO  rapla.client.plugin - Installed plugin org.rapla.plugin.urlencryption.UrlEncryptionPlugin
12:02:23.141 10863 [main] INFO  rapla.client.plugin - Installed plugin org.rapla.plugin.timeslot.TimeslotPlugin
12:02:23.142 10864 [main] INFO  rapla.client.plugin - Installed plugin org.rapla.plugin.tempatewizard.TempateWizardPlugin
12:02:23.143 10865 [main] INFO  rapla.client.plugin - Installed plugin org.rapla.plugin.tableview.internal.TableViewPlugin
12:02:23.144 10866 [main] INFO  rapla.client.plugin - Installed plugin org.rapla.plugin.setowner.SetOwnerPlugin
12:02:23.145 10867 [main] INFO  rapla.client.plugin - Installed plugin org.rapla.plugin.rightsreport.RightsReportPlugin
12:02:23.146 10868 [main] INFO  rapla.client.plugin - Installed plugin org.rapla.plugin.periodcopy.PeriodCopyPlugin
12:02:23.147 10869 [main] INFO  rapla.client.plugin - Installed plugin org.rapla.plugin.notification.NotificationPlugin
12:02:23.149 10871 [main] INFO  rapla.client.plugin - Installed plugin org.rapla.plugin.monthview.MonthViewPlugin
12:02:23.150 10872 [main] INFO  rapla.client.plugin - Installed plugin org.rapla.plugin.mail.MailPlugin
12:02:23.151 10873 [main] INFO  rapla.client.plugin - Installed plugin org.rapla.plugin.jndi.JNDIPlugin
12:02:23.152 10874 [main] INFO  rapla.client.plugin - Installed plugin org.rapla.plugin.ical.ImportFromICalPlugin
12:02:23.153 10875 [main] INFO  rapla.client.plugin - Installed plugin org.rapla.plugin.export2ical.Export2iCalPlugin
12:02:23.154 10876 [main] INFO  rapla.client.plugin - Installed plugin org.rapla.plugin.eventtimecalculator.EventTimeCalculatorPlugin
12:02:23.156 10878 [main] INFO  rapla.client.plugin - Installed plugin org.rapla.plugin.defaultwizard.DefaultWizardPlugin
12:02:23.157 10879 [main] INFO  rapla.client.plugin - Installed plugin org.rapla.plugin.dayresource.DayResourceViewPlugin
12:02:23.158 10880 [main] INFO  rapla.client.plugin - Installed plugin org.rapla.plugin.compactweekview.CompactWeekViewPlugin
12:02:23.159 10881 [main] INFO  rapla.client.plugin - Installed plugin org.rapla.plugin.autoexport.AutoExportPlugin
12:02:23.160 10882 [main] INFO  rapla.client.plugin - Installed plugin org.rapla.plugin.archiver.ArchiverPlugin
12:02:23.161 10883 [main] INFO  rapla.client.plugin - Installed plugin org.rapla.plugin.appointmentcounter.AppointmentCounterPlugin
12:05:44.098 344  [main] INFO  org.eclipse.jetty.server.Server - jetty-8.1.16.v20140903
12:05:44.138 384  [main] INFO  o.e.j.d.p.ScanningAppProvider - Deployment monitor /Users/Jackson/git/CSE2102-Fall2015-Claxton-Jackson/rapla-source-1.8.2/contexts at interval 1
12:05:44.142 388  [main] INFO  o.e.jetty.deploy.DeploymentManager - Deployable added: /Users/Jackson/git/CSE2102-Fall2015-Claxton-Jackson/rapla-source-1.8.2/contexts/rapla-develop.xml
12:05:44.353 599  [main] INFO  rapla - Init RaplaServlet
12:05:44.354 600  [main] INFO  rapla - Passed JNDI Environment rapladatasource=raplafile env_rapladb=org.hsqldb.jdbc.JDBCDataSource@3ba9ad43 env_raplafile=/Users/Jackson/git/CSE2102-Fall2015-Claxton-Jackson/rapla-source-1.8.2/data/data.xml
12:05:44.365 611  [main] INFO  rapla - Logging via SLF4J API.
12:05:44.423 669  [main] INFO  rapla - Configured Locale= en_US
12:05:44.574 820  [main] INFO  rapla - Config=file:/Users/Jackson/git/CSE2102-Fall2015-Claxton-Jackson/rapla-source-1.8.2/war/WEB-INF/raplaserver.xconf
12:05:44.575 821  [main] INFO  rapla - Rapla.Version=@doc.version@
12:05:44.575 821  [main] INFO  rapla - Rapla.Build=@doc.buildtime@
12:05:44.575 821  [main] INFO  rapla - Timezone America/New_York
12:05:44.589 835  [main] INFO  rapla - Java.Version=1.8.0_20
12:05:44.650 896  [main] INFO  rapla.server.serverfacade - Using rapladatasource raplafile
12:05:44.690 936  [main] INFO  rapla.raplafile - Connecting: file:/Users/Jackson/git/CSE2102-Fall2015-Claxton-Jackson/rapla-source-1.8.2/data/data.xml
12:05:44.793 1039 [main] INFO  rapla.raplafile - Conflict initialization found 0 conflicts and took 5ms. 
12:05:44.797 1043 [main] INFO  rapla.server.plugin - Installed plugin org.rapla.plugin.weekview.server.WeekViewServerPlugin
12:05:44.798 1044 [main] INFO  rapla.server.plugin - Installed plugin org.rapla.plugin.urlencryption.server.UrlEncryptionServerPlugin
12:05:44.798 1044 [main] INFO  rapla.server.plugin - Installed plugin org.rapla.plugin.timeslot.server.TimeslotServerPlugin
12:05:44.799 1045 [main] INFO  rapla.server.plugin - Installed plugin org.rapla.plugin.tableview.internal.server.TableViewServerPlugin
12:05:44.800 1046 [main] INFO  rapla.server.plugin - Installed plugin org.rapla.plugin.notification.server.NotificationServerPlugin
12:05:44.800 1046 [main] INFO  rapla.server.plugin - Installed plugin org.rapla.plugin.monthview.server.MonthViewServerPlugin
12:05:44.800 1046 [main] INFO  rapla.server.plugin - Installed plugin org.rapla.plugin.mail.server.MailServerPlugin
12:05:44.801 1047 [main] INFO  rapla.server.plugin - Installed plugin org.rapla.plugin.jndi.server.JNDIServerPlugin
12:05:44.801 1047 [main] INFO  rapla.server.plugin - Installed plugin org.rapla.plugin.ical.server.ImportFromICalServerPlugin
12:05:44.801 1047 [main] INFO  rapla.server.plugin - Installed plugin org.rapla.plugin.export2ical.server.Export2iCalServerPlugin
12:05:44.802 1048 [main] INFO  rapla.server.plugin - Installed plugin org.rapla.plugin.eventtimecalculator.server.EventTimeCalculatorServerPlugin
12:05:44.802 1048 [main] INFO  rapla.server.plugin - Installed plugin org.rapla.plugin.dayresource.server.DayResourceViewServerPlugin
12:05:44.802 1048 [main] INFO  rapla.server.plugin - Installed plugin org.rapla.plugin.compactweekview.server.CompactWeekViewServerPlugin
12:05:44.803 1049 [main] INFO  rapla.server.plugin - Installed plugin org.rapla.plugin.autoexport.server.AutoExportServerPlugin
12:05:44.803 1049 [main] INFO  rapla.server.plugin - Installed plugin org.rapla.plugin.archiver.server.ArchiverServerPlugin
12:05:45.112 1358 [main] INFO  rapla - Rapla server started
12:05:45.126 1372 [main] INFO  rapla.client - Starting gui 
12:05:45.181 1427 [main] INFO  rapla.client.facade - Using rapladatasource remotestore
12:05:45.201 1447 [main] INFO  rapla.remotestore - Connecting to server and starting login..
12:05:45.203 1449 [main] INFO  rapla.remotestore - login successfull
12:05:45.208 1454 [main] INFO  rapla.client.facade - Login admin
12:05:45.214 1460 [main] INFO  rapla.client.plugin - Installed plugin org.rapla.plugin.weekview.WeekViewPlugin
12:05:45.215 1461 [main] INFO  rapla.client.plugin - Installed plugin org.rapla.plugin.urlencryption.UrlEncryptionPlugin
12:05:45.215 1461 [main] INFO  rapla.client.plugin - Installed plugin org.rapla.plugin.timeslot.TimeslotPlugin
12:05:45.215 1461 [main] INFO  rapla.client.plugin - Installed plugin org.rapla.plugin.tempatewizard.TempateWizardPlugin
12:05:45.215 1461 [main] INFO  rapla.client.plugin - Installed plugin org.rapla.plugin.tableview.internal.TableViewPlugin
12:05:45.216 1462 [main] INFO  rapla.client.plugin - Installed plugin org.rapla.plugin.setowner.SetOwnerPlugin
12:05:45.216 1462 [main] INFO  rapla.client.plugin - Installed plugin org.rapla.plugin.rightsreport.RightsReportPlugin
12:05:45.216 1462 [main] INFO  rapla.client.plugin - Installed plugin org.rapla.plugin.periodcopy.PeriodCopyPlugin
12:05:45.217 1463 [main] INFO  rapla.client.plugin - Installed plugin org.rapla.plugin.notification.NotificationPlugin
12:05:45.217 1463 [main] INFO  rapla.client.plugin - Installed plugin org.rapla.plugin.monthview.MonthViewPlugin
12:05:45.217 1463 [main] INFO  rapla.client.plugin - Installed plugin org.rapla.plugin.mail.MailPlugin
12:05:45.217 1463 [main] INFO  rapla.client.plugin - Installed plugin org.rapla.plugin.jndi.JNDIPlugin
12:05:45.217 1463 [main] INFO  rapla.client.plugin - Installed plugin org.rapla.plugin.ical.ImportFromICalPlugin
12:05:45.218 1464 [main] INFO  rapla.client.plugin - Installed plugin org.rapla.plugin.export2ical.Export2iCalPlugin
12:05:45.218 1464 [main] INFO  rapla.client.plugin - Installed plugin org.rapla.plugin.eventtimecalculator.EventTimeCalculatorPlugin
12:05:45.218 1464 [main] INFO  rapla.client.plugin - Installed plugin org.rapla.plugin.defaultwizard.DefaultWizardPlugin
12:05:45.218 1464 [main] INFO  rapla.client.plugin - Installed plugin org.rapla.plugin.dayresource.DayResourceViewPlugin
12:05:45.218 1464 [main] INFO  rapla.client.plugin - Installed plugin org.rapla.plugin.compactweekview.CompactWeekViewPlugin
12:05:45.219 1465 [main] INFO  rapla.client.plugin - Installed plugin org.rapla.plugin.autoexport.AutoExportPlugin
12:05:45.219 1465 [main] INFO  rapla.client.plugin - Installed plugin org.rapla.plugin.archiver.ArchiverPlugin
12:05:45.219 1465 [main] INFO  rapla.client.plugin - Installed plugin org.rapla.plugin.appointmentcounter.AppointmentCounterPlugin
12:05:49.423 5669 [AWT-EventQueue-0] INFO  rapla.client.facade - Logout u405db03-812f-4ff7-b52c-5423a7951cf4
12:05:49.424 5670 [AWT-EventQueue-0] INFO  rapla.remotestore - Disconnecting from server
12:05:49.424 5670 [AWT-EventQueue-0] INFO  rapla.server.session.login - Request Logout admin
12:05:49.427 5673 [main] INFO  rapla - Shutting down rapla-container
12:05:49.427 5673 [main] INFO  rapla - Stopping scheduler thread.
12:05:49.427 5673 [main] INFO  rapla - Stopped scheduler thread.
12:05:49.479 5725 [main] INFO  rapla.raplafile - Disconnecting: file:/Users/Jackson/git/CSE2102-Fall2015-Claxton-Jackson/rapla-source-1.8.2/data/data.xml
12:05:49.480 5726 [main] INFO  rapla.server - Storage service stopped
12:05:49.546 5792 [main] INFO  o.e.j.server.handler.ContextHandler - stopped o.e.j.w.WebAppContext{/,[file:/Users/Jackson/git/CSE2102-Fall2015-Claxton-Jackson/rapla-source-1.8.2/war/]}
